<Event><System><Provider Guid="{54849625-5478-4994-a5ba-3e3b0328c30d}" Name="Microsoft-Windows-Security-Auditing" />
<EventID Qualifiers="">4624</EventID>
<Version>0</Version>
<Level>0</Level>
<Task>12544</Task>
<Opcode>0</Opcode>
<Keywords>0x8020000000000000</Keywords>
<TimeCreated SystemTime="2015-03-22 15:22:54.758699" />
<EventRecordID>929</EventRecordID>
<Correlation ActivityID="" RelatedActivityID="" />
<Execution ProcessID="500" ThreadID="568" />
<Channel>Security</Channel>
<Computer>informant-PC</Computer>
<Security UserID="" />
</System>
<EventData><Data Name="SubjectUserSid">S-1-5-18</Data>
<Data Name="SubjectUserName">INFORMANT-PC$</Data>
<Data Name="SubjectDomainName">WORKGROUP</Data>
<Data Name="SubjectLogonId">0x00000000000003e7</Data>
<Data Name="TargetUserSid">S-1-5-19</Data>
<Data Name="TargetUserName">LOCAL SERVICE</Data>
<Data Name="TargetDomainName">NT AUTHORITY</Data>
<Data Name="TargetLogonId">0x00000000000003e5</Data>
<Data Name="LogonType">5</Data>
<Data Name="LogonProcessName">Advapi  </Data>
<Data Name="AuthenticationPackageName">Negotiate</Data>
<Data Name="WorkstationName" />
<Data Name="LogonGuid">{00000000-0000-0000-0000-000000000000}</Data>
<Data Name="TransmittedServices">-</Data>
<Data Name="LmPackageName">-</Data>
<Data Name="KeyLength">0</Data>
<Data Name="ProcessId">0x00000000000001e4</Data>
<Data Name="ProcessName">C:\Windows\System32\services.exe</Data>
<Data Name="IpAddress">-</Data>
<Data Name="IpPort">-</Data>
</EventData>
</Event>

<Event><System><Provider Guid="{54849625-5478-4994-a5ba-3e3b0328c30d}" Name="Microsoft-Windows-Security-Auditing" />
<EventID Qualifiers="">4672</EventID>
<Version>0</Version>
<Level>0</Level>
<Task>12548</Task>
<Opcode>0</Opcode>
<Keywords>0x8020000000000000</Keywords>
<TimeCreated SystemTime="2015-03-22 15:22:54.758699" />
<EventRecordID>930</EventRecordID>
<Correlation ActivityID="" RelatedActivityID="" />
<Execution ProcessID="500" ThreadID="568" />
<Channel>Security</Channel>
<Computer>informant-PC</Computer>
<Security UserID="" />
</System>
<EventData><Data Name="SubjectUserSid">S-1-5-19</Data>
<Data Name="SubjectUserName">LOCAL SERVICE</Data>
<Data Name="SubjectDomainName">NT AUTHORITY</Data>
<Data Name="SubjectLogonId">0x00000000000003e5</Data>
<Data Name="PrivilegeList">SeAssignPrimaryTokenPrivilege
			SeAuditPrivilege
			SeImpersonatePrivilege</Data>
</EventData>
</Event>

<Event><System><Provider Guid="{54849625-5478-4994-a5ba-3e3b0328c30d}" Name="Microsoft-Windows-Security-Auditing" />
<EventID Qualifiers="">4624</EventID>
<Version>0</Version>
<Level>0</Level>
<Task>12544</Task>
<Opcode>0</Opcode>
<Keywords>0x8020000000000000</Keywords>
<TimeCreated SystemTime="2015-03-22 15:22:54.821098" />
<EventRecordID>931</EventRecordID>
<Correlation ActivityID="" RelatedActivityID="" />
<Execution ProcessID="500" ThreadID="568" />
<Channel>Security</Channel>
<Computer>informant-PC</Computer>
<Security UserID="" />
</System>
<EventData><Data Name="SubjectUserSid">S-1-5-18</Data>
<Data Name="SubjectUserName">INFORMANT-PC$</Data>
<Data Name="SubjectDomainName">WORKGROUP</Data>
<Data Name="SubjectLogonId">0x00000000000003e7</Data>
<Data Name="TargetUserSid">S-1-5-18</Data>
<Data Name="TargetUserName">SYSTEM</Data>
<Data Name="TargetDomainName">NT AUTHORITY</Data>
<Data Name="TargetLogonId">0x00000000000003e7</Data>
<Data Name="LogonType">5</Data>
<Data Name="LogonProcessName">Advapi  </Data>
<Data Name="AuthenticationPackageName">Negotiate</Data>
<Data Name="WorkstationName" />
<Data Name="LogonGuid">{00000000-0000-0000-0000-000000000000}</Data>
<Data Name="TransmittedServices">-</Data>
<Data Name="LmPackageName">-</Data>
<Data Name="KeyLength">0</Data>
<Data Name="ProcessId">0x00000000000001e4</Data>
<Data Name="ProcessName">C:\Windows\System32\services.exe</Data>
<Data Name="IpAddress">-</Data>
<Data Name="IpPort">-</Data>
</EventData>
</Event>

<Event><System><Provider Guid="{54849625-5478-4994-a5ba-3e3b0328c30d}" Name="Microsoft-Windows-Security-Auditing" />
<EventID Qualifiers="">4672</EventID>
<Version>0</Version>
<Level>0</Level>
<Task>12548</Task>
<Opcode>0</Opcode>
<Keywords>0x8020000000000000</Keywords>
<TimeCreated SystemTime="2015-03-22 15:22:54.821098" />
<EventRecordID>932</EventRecordID>
<Correlation ActivityID="" RelatedActivityID="" />
<Execution ProcessID="500" ThreadID="568" />
<Channel>Security</Channel>
<Computer>informant-PC</Computer>
<Security UserID="" />
</System>
<EventData><Data Name="SubjectUserSid">S-1-5-18</Data>
<Data Name="SubjectUserName">SYSTEM</Data>
<Data Name="SubjectDomainName">NT AUTHORITY</Data>
<Data Name="SubjectLogonId">0x00000000000003e7</Data>
<Data Name="PrivilegeList">SeAssignPrimaryTokenPrivilege
			SeTcbPrivilege
			SeSecurityPrivilege
			SeTakeOwnershipPrivilege
			SeLoadDriverPrivilege
			SeBackupPrivilege
			SeRestorePrivilege
			SeDebugPrivilege
			SeAuditPrivilege
			SeSystemEnvironmentPrivilege
			SeImpersonatePrivilege</Data>
</EventData>
</Event>

<Event><System><Provider Guid="{54849625-5478-4994-a5ba-3e3b0328c30d}" Name="Microsoft-Windows-Security-Auditing" />
<EventID Qualifiers="">4624</EventID>
<Version>0</Version>
<Level>0</Level>
<Task>12544</Task>
<Opcode>0</Opcode>
<Keywords>0x8020000000000000</Keywords>
<TimeCreated SystemTime="2015-03-22 15:22:54.899099" />
<EventRecordID>933</EventRecordID>
<Correlation ActivityID="" RelatedActivityID="" />
<Execution ProcessID="500" ThreadID="568" />
<Channel>Security</Channel>
<Computer>informant-PC</Computer>
<Security UserID="" />
</System>
<EventData><Data Name="SubjectUserSid">S-1-5-18</Data>
<Data Name="SubjectUserName">INFORMANT-PC$</Data>
<Data Name="SubjectDomainName">WORKGROUP</Data>
<Data Name="SubjectLogonId">0x00000000000003e7</Data>
<Data Name="TargetUserSid">S-1-5-18</Data>
<Data Name="TargetUserName">SYSTEM</Data>
<Data Name="TargetDomainName">NT AUTHORITY</Data>
<Data Name="TargetLogonId">0x00000000000003e7</Data>
<Data Name="LogonType">5</Data>
<Data Name="LogonProcessName">Advapi  </Data>
<Data Name="AuthenticationPackageName">Negotiate</Data>
<Data Name="WorkstationName" />
<Data Name="LogonGuid">{00000000-0000-0000-0000-000000000000}</Data>
<Data Name="TransmittedServices">-</Data>
<Data Name="LmPackageName">-</Data>
<Data Name="KeyLength">0</Data>
<Data Name="ProcessId">0x00000000000001e4</Data>
<Data Name="ProcessName">C:\Windows\System32\services.exe</Data>
<Data Name="IpAddress">-</Data>
<Data Name="IpPort">-</Data>
</EventData>
</Event>

<Event><System><Provider Guid="{54849625-5478-4994-a5ba-3e3b0328c30d}" Name="Microsoft-Windows-Security-Auditing" />
<EventID Qualifiers="">4672</EventID>
<Version>0</Version>
<Level>0</Level>
<Task>12548</Task>
<Opcode>0</Opcode>
<Keywords>0x8020000000000000</Keywords>
<TimeCreated SystemTime="2015-03-22 15:22:54.899099" />
<EventRecordID>934</EventRecordID>
<Correlation ActivityID="" RelatedActivityID="" />
<Execution ProcessID="500" ThreadID="568" />
<Channel>Security</Channel>
<Computer>informant-PC</Computer>
<Security UserID="" />
</System>
<EventData><Data Name="SubjectUserSid">S-1-5-18</Data>
<Data Name="SubjectUserName">SYSTEM</Data>
<Data Name="SubjectDomainName">NT AUTHORITY</Data>
<Data Name="SubjectLogonId">0x00000000000003e7</Data>
<Data Name="PrivilegeList">SeAssignPrimaryTokenPrivilege
			SeTcbPrivilege
			SeSecurityPrivilege
			SeTakeOwnershipPrivilege
			SeLoadDriverPrivilege
			SeBackupPrivilege
			SeRestorePrivilege
			SeDebugPrivilege
			SeAuditPrivilege
			SeSystemEnvironmentPrivilege
			SeImpersonatePrivilege</Data>
</EventData>
</Event>

<Event><System><Provider Guid="{54849625-5478-4994-a5ba-3e3b0328c30d}" Name="Microsoft-Windows-Security-Auditing" />
<EventID Qualifiers="">4624</EventID>
<Version>0</Version>
<Level>0</Level>
<Task>12544</Task>
<Opcode>0</Opcode>
<Keywords>0x8020000000000000</Keywords>
<TimeCreated SystemTime="2015-03-22 15:22:56.427902" />
<EventRecordID>935</EventRecordID>
<Correlation ActivityID="" RelatedActivityID="" />
<Execution ProcessID="500" ThreadID="568" />
<Channel>Security</Channel>
<Computer>informant-PC</Computer>
<Security UserID="" />
</System>
<EventData><Data Name="SubjectUserSid">S-1-5-18</Data>
<Data Name="SubjectUserName">INFORMANT-PC$</Data>
<Data Name="SubjectDomainName">WORKGROUP</Data>
<Data Name="SubjectLogonId">0x00000000000003e7</Data>
<Data Name="TargetUserSid">S-1-5-18</Data>
<Data Name="TargetUserName">SYSTEM</Data>
<Data Name="TargetDomainName">NT AUTHORITY</Data>
<Data Name="TargetLogonId">0x00000000000003e7</Data>
<Data Name="LogonType">5</Data>
<Data Name="LogonProcessName">Advapi  </Data>
<Data Name="AuthenticationPackageName">Negotiate</Data>
<Data Name="WorkstationName" />
<Data Name="LogonGuid">{00000000-0000-0000-0000-000000000000}</Data>
<Data Name="TransmittedServices">-</Data>
<Data Name="LmPackageName">-</Data>
<Data Name="KeyLength">0</Data>
<Data Name="ProcessId">0x00000000000001e4</Data>
<Data Name="ProcessName">C:\Windows\System32\services.exe</Data>
<Data Name="IpAddress">-</Data>
<Data Name="IpPort">-</Data>
</EventData>
</Event>

<Event><System><Provider Guid="{54849625-5478-4994-a5ba-3e3b0328c30d}" Name="Microsoft-Windows-Security-Auditing" />
<EventID Qualifiers="">4672</EventID>
<Version>0</Version>
<Level>0</Level>
<Task>12548</Task>
<Opcode>0</Opcode>
<Keywords>0x8020000000000000</Keywords>
<TimeCreated SystemTime="2015-03-22 15:22:56.427902" />
<EventRecordID>936</EventRecordID>
<Correlation ActivityID="" RelatedActivityID="" />
<Execution ProcessID="500" ThreadID="568" />
<Channel>Security</Channel>
<Computer>informant-PC</Computer>
<Security UserID="" />
</System>
<EventData><Data Name="SubjectUserSid">S-1-5-18</Data>
<Data Name="SubjectUserName">SYSTEM</Data>
<Data Name="SubjectDomainName">NT AUTHORITY</Data>
<Data Name="SubjectLogonId">0x00000000000003e7</Data>
<Data Name="PrivilegeList">SeAssignPrimaryTokenPrivilege
			SeTcbPrivilege
			SeSecurityPrivilege
			SeTakeOwnershipPrivilege
			SeLoadDriverPrivilege
			SeBackupPrivilege
			SeRestorePrivilege
			SeDebugPrivilege
			SeAuditPrivilege
			SeSystemEnvironmentPrivilege
			SeImpersonatePrivilege</Data>
</EventData>
</Event>

<Event><System><Provider Guid="{54849625-5478-4994-a5ba-3e3b0328c30d}" Name="Microsoft-Windows-Security-Auditing" />
<EventID Qualifiers="">4624</EventID>
<Version>0</Version>
<Level>0</Level>
<Task>12544</Task>
<Opcode>0</Opcode>
<Keywords>0x8020000000000000</Keywords>
<TimeCreated SystemTime="2015-03-22 15:23:02.059311" />
<EventRecordID>937</EventRecordID>
<Correlation ActivityID="" RelatedActivityID="" />
<Execution ProcessID="500" ThreadID="624" />
<Channel>Security</Channel>
<Computer>informant-PC</Computer>
<Security UserID="" />
</System>
<EventData><Data Name="SubjectUserSid">S-1-5-18</Data>
<Data Name="SubjectUserName">INFORMANT-PC$</Data>
<Data Name="SubjectDomainName">WORKGROUP</Data>
<Data Name="SubjectLogonId">0x00000000000003e7</Data>
<Data Name="TargetUserSid">S-1-5-18</Data>
<Data Name="TargetUserName">SYSTEM</Data>
<Data Name="TargetDomainName">NT AUTHORITY</Data>
<Data Name="TargetLogonId">0x00000000000003e7</Data>
<Data Name="LogonType">5</Data>
<Data Name="LogonProcessName">Advapi  </Data>
<Data Name="AuthenticationPackageName">Negotiate</Data>
<Data Name="WorkstationName" />
<Data Name="LogonGuid">{00000000-0000-0000-0000-000000000000}</Data>
<Data Name="TransmittedServices">-</Data>
<Data Name="LmPackageName">-</Data>
<Data Name="KeyLength">0</Data>
<Data Name="ProcessId">0x00000000000001e4</Data>
<Data Name="ProcessName">C:\Windows\System32\services.exe</Data>
<Data Name="IpAddress">-</Data>
<Data Name="IpPort">-</Data>
</EventData>
</Event>

<Event><System><Provider Guid="{54849625-5478-4994-a5ba-3e3b0328c30d}" Name="Microsoft-Windows-Security-Auditing" />
<EventID Qualifiers="">4672</EventID>
<Version>0</Version>
<Level>0</Level>
<Task>12548</Task>
<Opcode>0</Opcode>
<Keywords>0x8020000000000000</Keywords>
<TimeCreated SystemTime="2015-03-22 15:23:02.059311" />
<EventRecordID>938</EventRecordID>
<Correlation ActivityID="" RelatedActivityID="" />
<Execution ProcessID="500" ThreadID="624" />
<Channel>Security</Channel>
<Computer>informant-PC</Computer>
<Security UserID="" />
</System>
<EventData><Data Name="SubjectUserSid">S-1-5-18</Data>
<Data Name="SubjectUserName">SYSTEM</Data>
<Data Name="SubjectDomainName">NT AUTHORITY</Data>
<Data Name="SubjectLogonId">0x00000000000003e7</Data>
<Data Name="PrivilegeList">SeAssignPrimaryTokenPrivilege
			SeTcbPrivilege
			SeSecurityPrivilege
			SeTakeOwnershipPrivilege
			SeLoadDriverPrivilege
			SeBackupPrivilege
			SeRestorePrivilege
			SeDebugPrivilege
			SeAuditPrivilege
			SeSystemEnvironmentPrivilege
			SeImpersonatePrivilege</Data>
</EventData>
</Event>

<Event><System><Provider Guid="{54849625-5478-4994-a5ba-3e3b0328c30d}" Name="Microsoft-Windows-Security-Auditing" />
<EventID Qualifiers="">5033</EventID>
<Version>0</Version>
<Level>0</Level>
<Task>12292</Task>
<Opcode>0</Opcode>
<Keywords>0x8020000000000000</Keywords>
<TimeCreated SystemTime="2015-03-22 15:23:02.418114" />
<EventRecordID>939</EventRecordID>
<Correlation ActivityID="" RelatedActivityID="" />
<Execution ProcessID="4" ThreadID="52" />
<Channel>Security</Channel>
<Computer>informant-PC</Computer>
<Security UserID="" />
</System>
<EventData />
</Event>

<Event><System><Provider Guid="{54849625-5478-4994-a5ba-3e3b0328c30d}" Name="Microsoft-Windows-Security-Auditing" />
<EventID Qualifiers="">4624</EventID>
<Version>0</Version>
<Level>0</Level>
<Task>12544</Task>
<Opcode>0</Opcode>
<Keywords>0x8020000000000000</Keywords>
<TimeCreated SystemTime="2015-03-22 15:23:02.714514" />
<EventRecordID>940</EventRecordID>
<Correlation ActivityID="" RelatedActivityID="" />
<Execution ProcessID="500" ThreadID="548" />
<Channel>Security</Channel>
<Computer>informant-PC</Computer>
<Security UserID="" />
</System>
<EventData><Data Name="SubjectUserSid">S-1-0-0</Data>
<Data Name="SubjectUserName">-</Data>
<Data Name="SubjectDomainName">-</Data>
<Data Name="SubjectLogonId">0x0000000000000000</Data>
<Data Name="TargetUserSid">S-1-5-7</Data>
<Data Name="TargetUserName">ANONYMOUS LOGON</Data>
<Data Name="TargetDomainName">NT AUTHORITY</Data>
<Data Name="TargetLogonId">0x000000000001a427</Data>
<Data Name="LogonType">3</Data>
<Data Name="LogonProcessName">NtLmSsp </Data>
<Data Name="AuthenticationPackageName">NTLM</Data>
<Data Name="WorkstationName" />
<Data Name="LogonGuid">{00000000-0000-0000-0000-000000000000}</Data>
<Data Name="TransmittedServices">-</Data>
<Data Name="LmPackageName">NTLM V1</Data>
<Data Name="KeyLength">0</Data>
<Data Name="ProcessId">0x0000000000000000</Data>
<Data Name="ProcessName">-</Data>
<Data Name="IpAddress">-</Data>
<Data Name="IpPort">-</Data>
</EventData>
</Event>

<Event><System><Provider Guid="{54849625-5478-4994-a5ba-3e3b0328c30d}" Name="Microsoft-Windows-Security-Auditing" />
<EventID Qualifiers="">5024</EventID>
<Version>0</Version>
<Level>0</Level>
<Task>12292</Task>
<Opcode>0</Opcode>
<Keywords>0x8020000000000000</Keywords>
<TimeCreated SystemTime="2015-03-22 15:23:02.745712" />
<EventRecordID>941</EventRecordID>
<Correlation ActivityID="" RelatedActivityID="" />
<Execution ProcessID="500" ThreadID="624" />
<Channel>Security</Channel>
<Computer>informant-PC</Computer>
<Security UserID="" />
</System>
<EventData />
</Event>

<Event><System><Provider Guid="{54849625-5478-4994-a5ba-3e3b0328c30d}" Name="Microsoft-Windows-Security-Auditing" />
<EventID Qualifiers="">4624</EventID>
<Version>0</Version>
<Level>0</Level>
<Task>12544</Task>
<Opcode>0</Opcode>
<Keywords>0x8020000000000000</Keywords>
<TimeCreated SystemTime="2015-03-22 15:23:12.589331" />
<EventRecordID>942</EventRecordID>
<Correlation ActivityID="" RelatedActivityID="" />
<Execution ProcessID="500" ThreadID="536" />
<Channel>Security</Channel>
<Computer>informant-PC</Computer>
<Security UserID="" />
</System>
<EventData><Data Name="SubjectUserSid">S-1-5-18</Data>
<Data Name="SubjectUserName">INFORMANT-PC$</Data>
<Data Name="SubjectDomainName">WORKGROUP</Data>
<Data Name="SubjectLogonId">0x00000000000003e7</Data>
<Data Name="TargetUserSid">S-1-5-18</Data>
<Data Name="TargetUserName">SYSTEM</Data>
<Data Name="TargetDomainName">NT AUTHORITY</Data>
<Data Name="TargetLogonId">0x00000000000003e7</Data>
<Data Name="LogonType">5</Data>
<Data Name="LogonProcessName">Advapi  </Data>
<Data Name="AuthenticationPackageName">Negotiate</Data>
<Data Name="WorkstationName" />
<Data Name="LogonGuid">{00000000-0000-0000-0000-000000000000}</Data>
<Data Name="TransmittedServices">-</Data>
<Data Name="LmPackageName">-</Data>
<Data Name="KeyLength">0</Data>
<Data Name="ProcessId">0x00000000000001e4</Data>
<Data Name="ProcessName">C:\Windows\System32\services.exe</Data>
<Data Name="IpAddress">-</Data>
<Data Name="IpPort">-</Data>
</EventData>
</Event>

<Event><System><Provider Guid="{54849625-5478-4994-a5ba-3e3b0328c30d}" Name="Microsoft-Windows-Security-Auditing" />
<EventID Qualifiers="">4672</EventID>
<Version>0</Version>
<Level>0</Level>
<Task>12548</Task>
<Opcode>0</Opcode>
<Keywords>0x8020000000000000</Keywords>
<TimeCreated SystemTime="2015-03-22 15:23:12.589331" />
<EventRecordID>943</EventRecordID>
<Correlation ActivityID="" RelatedActivityID="" />
<Execution ProcessID="500" ThreadID="536" />
<Channel>Security</Channel>
<Computer>informant-PC</Computer>
<Security UserID="" />
</System>
<EventData><Data Name="SubjectUserSid">S-1-5-18</Data>
<Data Name="SubjectUserName">SYSTEM</Data>
<Data Name="SubjectDomainName">NT AUTHORITY</Data>
<Data Name="SubjectLogonId">0x00000000000003e7</Data>
<Data Name="PrivilegeList">SeAssignPrimaryTokenPrivilege
			SeTcbPrivilege
			SeSecurityPrivilege
			SeTakeOwnershipPrivilege
			SeLoadDriverPrivilege
			SeBackupPrivilege
			SeRestorePrivilege
			SeDebugPrivilege
			SeAuditPrivilege
			SeSystemEnvironmentPrivilege
			SeImpersonatePrivilege</Data>
</EventData>
</Event>

<Event><System><Provider Guid="{54849625-5478-4994-a5ba-3e3b0328c30d}" Name="Microsoft-Windows-Security-Auditing" />
<EventID Qualifiers="">4907</EventID>
<Version>0</Version>
<Level>0</Level>
<Task>13568</Task>
<Opcode>0</Opcode>
<Keywords>0x8020000000000000</Keywords>
<TimeCreated SystemTime="2015-03-22 15:23:24.804152" />
<EventRecordID>944</EventRecordID>
<Correlation ActivityID="" RelatedActivityID="" />
<Execution ProcessID="500" ThreadID="516" />
<Channel>Security</Channel>
<Computer>informant-PC</Computer>
<Security UserID="" />
</System>
<EventData><Data Name="SubjectUserSid">S-1-5-18</Data>
<Data Name="SubjectUserName">INFORMANT-PC$</Data>
<Data Name="SubjectDomainName">WORKGROUP</Data>
<Data Name="SubjectLogonId">0x00000000000003e7</Data>
<Data Name="ObjectServer">Security</Data>
<Data Name="ObjectType">File</Data>
<Data Name="ObjectName">C:\Windows\Globalization\ELS\HyphenationDictionaries</Data>
<Data Name="HandleId">0x00000000000002d4</Data>
<Data Name="OldSd" />
<Data Name="NewSd">S:ARAI(AU;SAFA;0x1f0116;;;WD)</Data>
<Data Name="ProcessId">0x00000000000003e8</Data>
<Data Name="ProcessName">C:\Windows\servicing\TrustedInstaller.exe</Data>
</EventData>
</Event>

<Event><System><Provider Guid="{54849625-5478-4994-a5ba-3e3b0328c30d}" Name="Microsoft-Windows-Security-Auditing" />
<EventID Qualifiers="">4907</EventID>
<Version>0</Version>
<Level>0</Level>
<Task>13568</Task>
<Opcode>0</Opcode>
<Keywords>0x8020000000000000</Keywords>
<TimeCreated SystemTime="2015-03-22 15:23:24.850952" />
<EventRecordID>945</EventRecordID>
<Correlation ActivityID="" RelatedActivityID="" />
<Execution ProcessID="500" ThreadID="516" />
<Channel>Security</Channel>
<Computer>informant-PC</Computer>
<Security UserID="" />
</System>
<EventData><Data Name="SubjectUserSid">S-1-5-18</Data>
<Data Name="SubjectUserName">INFORMANT-PC$</Data>
<Data Name="SubjectDomainName">WORKGROUP</Data>
<Data Name="SubjectLogonId">0x00000000000003e7</Data>
<Data Name="ObjectServer">Security</Data>
<Data Name="ObjectType">File</Data>
<Data Name="ObjectName">C:\Windows\Globalization\ELS\SpellDictionaries</Data>
<Data Name="HandleId">0x00000000000002d0</Data>
<Data Name="OldSd" />
<Data Name="NewSd">S:ARAI(AU;SAFA;0x1f0116;;;WD)</Data>
<Data Name="ProcessId">0x00000000000003e8</Data>
<Data Name="ProcessName">C:\Windows\servicing\TrustedInstaller.exe</Data>
</EventData>
</Event>

<Event><System><Provider Guid="{54849625-5478-4994-a5ba-3e3b0328c30d}" Name="Microsoft-Windows-Security-Auditing" />
<EventID Qualifiers="">4648</EventID>
<Version>0</Version>
<Level>0</Level>
<Task>12544</Task>
<Opcode>0</Opcode>
<Keywords>0x8020000000000000</Keywords>
<TimeCreated SystemTime="2015-03-22 15:24:03.773020" />
<EventRecordID>946</EventRecordID>
<Correlation ActivityID="" RelatedActivityID="" />
<Execution ProcessID="500" ThreadID="548" />
<Channel>Security</Channel>
<Computer>informant-PC</Computer>
<Security UserID="" />
</System>
<EventData><Data Name="SubjectUserSid">S-1-5-18</Data>
<Data Name="SubjectUserName">INFORMANT-PC$</Data>
<Data Name="SubjectDomainName">WORKGROUP</Data>
<Data Name="SubjectLogonId">0x00000000000003e7</Data>
<Data Name="LogonGuid">{00000000-0000-0000-0000-000000000000}</Data>
<Data Name="TargetUserName">informant</Data>
<Data Name="TargetDomainName">informant-PC</Data>
<Data Name="TargetLogonGuid">{00000000-0000-0000-0000-000000000000}</Data>
<Data Name="TargetServerName">localhost</Data>
<Data Name="TargetInfo">localhost</Data>
<Data Name="ProcessId">0x00000000000001b8</Data>
<Data Name="ProcessName">C:\Windows\System32\winlogon.exe</Data>
<Data Name="IpAddress">127.0.0.1</Data>
<Data Name="IpPort">0</Data>
</EventData>
</Event>

<Event><System><Provider Guid="{54849625-5478-4994-a5ba-3e3b0328c30d}" Name="Microsoft-Windows-Security-Auditing" />
<EventID Qualifiers="">4624</EventID>
<Version>0</Version>
<Level>0</Level>
<Task>12544</Task>
<Opcode>0</Opcode>
<Keywords>0x8020000000000000</Keywords>
<TimeCreated SystemTime="2015-03-22 15:24:03.773020" />
<EventRecordID>947</EventRecordID>
<Correlation ActivityID="" RelatedActivityID="" />
<Execution ProcessID="500" ThreadID="548" />
<Channel>Security</Channel>
<Computer>informant-PC</Computer>
<Security UserID="" />
</System>
<EventData><Data Name="SubjectUserSid">S-1-5-18</Data>
<Data Name="SubjectUserName">INFORMANT-PC$</Data>
<Data Name="SubjectDomainName">WORKGROUP</Data>
<Data Name="SubjectLogonId">0x00000000000003e7</Data>
<Data Name="TargetUserSid">S-1-5-21-2425377081-3129163575-2985601102-1000</Data>
<Data Name="TargetUserName">informant</Data>
<Data Name="TargetDomainName">informant-PC</Data>
<Data Name="TargetLogonId">0x0000000000056f8b</Data>
<Data Name="LogonType">2</Data>
<Data Name="LogonProcessName">User32 </Data>
<Data Name="AuthenticationPackageName">Negotiate</Data>
<Data Name="WorkstationName">INFORMANT-PC</Data>
<Data Name="LogonGuid">{00000000-0000-0000-0000-000000000000}</Data>
<Data Name="TransmittedServices">-</Data>
<Data Name="LmPackageName">-</Data>
<Data Name="KeyLength">0</Data>
<Data Name="ProcessId">0x00000000000001b8</Data>
<Data Name="ProcessName">C:\Windows\System32\winlogon.exe</Data>
<Data Name="IpAddress">127.0.0.1</Data>
<Data Name="IpPort">0</Data>
</EventData>
</Event>

<Event><System><Provider Guid="{54849625-5478-4994-a5ba-3e3b0328c30d}" Name="Microsoft-Windows-Security-Auditing" />
<EventID Qualifiers="">4624</EventID>
<Version>0</Version>
<Level>0</Level>
<Task>12544</Task>
<Opcode>0</Opcode>
<Keywords>0x8020000000000000</Keywords>
<TimeCreated SystemTime="2015-03-22 15:24:03.773020" />
<EventRecordID>948</EventRecordID>
<Correlation ActivityID="" RelatedActivityID="" />
<Execution ProcessID="500" ThreadID="548" />
<Channel>Security</Channel>
<Computer>informant-PC</Computer>
<Security UserID="" />
</System>
<EventData><Data Name="SubjectUserSid">S-1-5-18</Data>
<Data Name="SubjectUserName">INFORMANT-PC$</Data>
<Data Name="SubjectDomainName">WORKGROUP</Data>
<Data Name="SubjectLogonId">0x00000000000003e7</Data>
<Data Name="TargetUserSid">S-1-5-21-2425377081-3129163575-2985601102-1000</Data>
<Data Name="TargetUserName">informant</Data>
<Data Name="TargetDomainName">informant-PC</Data>
<Data Name="TargetLogonId">0x0000000000056fb9</Data>
<Data Name="LogonType">2</Data>
<Data Name="LogonProcessName">User32 </Data>
<Data Name="AuthenticationPackageName">Negotiate</Data>
<Data Name="WorkstationName">INFORMANT-PC</Data>
<Data Name="LogonGuid">{00000000-0000-0000-0000-000000000000}</Data>
<Data Name="TransmittedServices">-</Data>
<Data Name="LmPackageName">-</Data>
<Data Name="KeyLength">0</Data>
<Data Name="ProcessId">0x00000000000001b8</Data>
<Data Name="ProcessName">C:\Windows\System32\winlogon.exe</Data>
<Data Name="IpAddress">127.0.0.1</Data>
<Data Name="IpPort">0</Data>
</EventData>
</Event>

<Event><System><Provider Guid="{54849625-5478-4994-a5ba-3e3b0328c30d}" Name="Microsoft-Windows-Security-Auditing" />
<EventID Qualifiers="">4672</EventID>
<Version>0</Version>
<Level>0</Level>
<Task>12548</Task>
<Opcode>0</Opcode>
<Keywords>0x8020000000000000</Keywords>
<TimeCreated SystemTime="2015-03-22 15:24:03.773020" />
<EventRecordID>949</EventRecordID>
<Correlation ActivityID="" RelatedActivityID="" />
<Execution ProcessID="500" ThreadID="548" />
<Channel>Security</Channel>
<Computer>informant-PC</Computer>
<Security UserID="" />
</System>
<EventData><Data Name="SubjectUserSid">S-1-5-21-2425377081-3129163575-2985601102-1000</Data>
<Data Name="SubjectUserName">informant</Data>
<Data Name="SubjectDomainName">informant-PC</Data>
<Data Name="SubjectLogonId">0x0000000000056f8b</Data>
<Data Name="PrivilegeList">SeSecurityPrivilege
			SeTakeOwnershipPrivilege
			SeLoadDriverPrivilege
			SeBackupPrivilege
			SeRestorePrivilege
			SeDebugPrivilege
			SeSystemEnvironmentPrivilege
			SeImpersonatePrivilege</Data>
</EventData>
</Event>

<Event><System><Provider Guid="{54849625-5478-4994-a5ba-3e3b0328c30d}" Name="Microsoft-Windows-Security-Auditing" />
<EventID Qualifiers="">4624</EventID>
<Version>0</Version>
<Level>0</Level>
<Task>12544</Task>
<Opcode>0</Opcode>
<Keywords>0x8020000000000000</Keywords>
<TimeCreated SystemTime="2015-03-22 15:25:04.193928" />
<EventRecordID>950</EventRecordID>
<Correlation ActivityID="" RelatedActivityID="" />
<Execution ProcessID="500" ThreadID="536" />
<Channel>Security</Channel>
<Computer>informant-PC</Computer>
<Security UserID="" />
</System>
<EventData><Data Name="SubjectUserSid">S-1-5-18</Data>
<Data Name="SubjectUserName">INFORMANT-PC$</Data>
<Data Name="SubjectDomainName">WORKGROUP</Data>
<Data Name="SubjectLogonId">0x00000000000003e7</Data>
<Data Name="TargetUserSid">S-1-5-18</Data>
<Data Name="TargetUserName">SYSTEM</Data>
<Data Name="TargetDomainName">NT AUTHORITY</Data>
<Data Name="TargetLogonId">0x00000000000003e7</Data>
<Data Name="LogonType">5</Data>
<Data Name="LogonProcessName">Advapi  </Data>
<Data Name="AuthenticationPackageName">Negotiate</Data>
<Data Name="WorkstationName" />
<Data Name="LogonGuid">{00000000-0000-0000-0000-000000000000}</Data>
<Data Name="TransmittedServices">-</Data>
<Data Name="LmPackageName">-</Data>
<Data Name="KeyLength">0</Data>
<Data Name="ProcessId">0x00000000000001e4</Data>
<Data Name="ProcessName">C:\Windows\System32\services.exe</Data>
<Data Name="IpAddress">-</Data>
<Data Name="IpPort">-</Data>
</EventData>
</Event>

<Event><System><Provider Guid="{54849625-5478-4994-a5ba-3e3b0328c30d}" Name="Microsoft-Windows-Security-Auditing" />
<EventID Qualifiers="">4672</EventID>
<Version>0</Version>
<Level>0</Level>
<Task>12548</Task>
<Opcode>0</Opcode>
<Keywords>0x8020000000000000</Keywords>
<TimeCreated SystemTime="2015-03-22 15:25:04.193928" />
<EventRecordID>951</EventRecordID>
<Correlation ActivityID="" RelatedActivityID="" />
<Execution ProcessID="500" ThreadID="536" />
<Channel>Security</Channel>
<Computer>informant-PC</Computer>
<Security UserID="" />
</System>
<EventData><Data Name="SubjectUserSid">S-1-5-18</Data>
<Data Name="SubjectUserName">SYSTEM</Data>
<Data Name="SubjectDomainName">NT AUTHORITY</Data>
<Data Name="SubjectLogonId">0x00000000000003e7</Data>
<Data Name="PrivilegeList">SeAssignPrimaryTokenPrivilege
			SeTcbPrivilege
			SeSecurityPrivilege
			SeTakeOwnershipPrivilege
			SeLoadDriverPrivilege
			SeBackupPrivilege
			SeRestorePrivilege
			SeDebugPrivilege
			SeAuditPrivilege
			SeSystemEnvironmentPrivilege
			SeImpersonatePrivilege</Data>
</EventData>
</Event>

<Event><System><Provider Guid="{fc65ddd8-d6ef-4962-83d5-6e5cfe9ce148}" Name="Microsoft-Windows-Eventlog" />
<EventID Qualifiers="">1100</EventID>
<Version>0</Version>
<Level>4</Level>
<Task>103</Task>
<Opcode>0</Opcode>
<Keywords>0x4020000000000000</Keywords>
<TimeCreated SystemTime="2015-03-22 15:28:28.791111" />
<EventRecordID>952</EventRecordID>
<Correlation ActivityID="" RelatedActivityID="" />
<Execution ProcessID="760" ThreadID="2512" />
<Channel>Security</Channel>
<Computer>informant-PC</Computer>
<Security UserID="" />
</System>
<UserData><ServiceShutdown />
</UserData>
</Event>

<Event><System><Provider Guid="{54849625-5478-4994-a5ba-3e3b0328c30d}" Name="Microsoft-Windows-Security-Auditing" />
<EventID Qualifiers="">4647</EventID>
<Version>0</Version>
<Level>0</Level>
<Task>12545</Task>
<Opcode>0</Opcode>
<Keywords>0x8020000000000000</Keywords>
<TimeCreated SystemTime="2015-03-22 15:28:28.026711" />
<EventRecordID>953</EventRecordID>
<Correlation ActivityID="" RelatedActivityID="" />
<Execution ProcessID="500" ThreadID="536" />
<Channel>Security</Channel>
<Computer>informant-PC</Computer>
<Security UserID="" />
</System>
<EventData><Data Name="TargetUserSid">S-1-5-21-2425377081-3129163575-2985601102-1000</Data>
<Data Name="TargetUserName">informant</Data>
<Data Name="TargetDomainName">informant-PC</Data>
<Data Name="TargetLogonId">0x0000000000056fb9</Data>
</EventData>
</Event>

<Event><System><Provider Guid="{54849625-5478-4994-a5ba-3e3b0328c30d}" Name="Microsoft-Windows-Security-Auditing" />
<EventID Qualifiers="">4608</EventID>
<Version>0</Version>
<Level>0</Level>
<Task>12288</Task>
<Opcode>0</Opcode>
<Keywords>0x8020000000000000</Keywords>
<TimeCreated SystemTime="2015-03-22 15:43:36.516434" />
<EventRecordID>954</EventRecordID>
<Correlation ActivityID="" RelatedActivityID="" />
<Execution ProcessID="500" ThreadID="504" />
<Channel>Security</Channel>
<Computer>informant-PC</Computer>
<Security UserID="" />
</System>
<EventData />
</Event>

<Event><System><Provider Guid="{54849625-5478-4994-a5ba-3e3b0328c30d}" Name="Microsoft-Windows-Security-Auditing" />
<EventID Qualifiers="">4624</EventID>
<Version>0</Version>
<Level>0</Level>
<Task>12544</Task>
<Opcode>0</Opcode>
<Keywords>0x8020000000000000</Keywords>
<TimeCreated SystemTime="2015-03-22 15:43:36.516434" />
<EventRecordID>955</EventRecordID>
<Correlation ActivityID="" RelatedActivityID="" />
<Execution ProcessID="500" ThreadID="504" />
<Channel>Security</Channel>
<Computer>informant-PC</Computer>
<Security UserID="" />
</System>
<EventData><Data Name="SubjectUserSid">S-1-0-0</Data>
<Data Name="SubjectUserName">-</Data>
<Data Name="SubjectDomainName">-</Data>
<Data Name="SubjectLogonId">0x0000000000000000</Data>
<Data Name="TargetUserSid">S-1-5-18</Data>
<Data Name="TargetUserName">SYSTEM</Data>
<Data Name="TargetDomainName">NT AUTHORITY</Data>
<Data Name="TargetLogonId">0x00000000000003e7</Data>
<Data Name="LogonType">0</Data>
<Data Name="LogonProcessName">-</Data>
<Data Name="AuthenticationPackageName">-</Data>
<Data Name="WorkstationName">-</Data>
<Data Name="LogonGuid">{00000000-0000-0000-0000-000000000000}</Data>
<Data Name="TransmittedServices">-</Data>
<Data Name="LmPackageName">-</Data>
<Data Name="KeyLength">0</Data>
<Data Name="ProcessId">0x0000000000000004</Data>
<Data Name="ProcessName" />
<Data Name="IpAddress">-</Data>
<Data Name="IpPort">-</Data>
</EventData>
</Event>

<Event><System><Provider Guid="{54849625-5478-4994-a5ba-3e3b0328c30d}" Name="Microsoft-Windows-Security-Auditing" />
<EventID Qualifiers="">4902</EventID>
<Version>0</Version>
<Level>0</Level>
<Task>13568</Task>
<Opcode>0</Opcode>
<Keywords>0x8020000000000000</Keywords>
<TimeCreated SystemTime="2015-03-22 15:43:36.672434" />
<EventRecordID>956</EventRecordID>
<Correlation ActivityID="" RelatedActivityID="" />
<Execution ProcessID="500" ThreadID="556" />
<Channel>Security</Channel>
<Computer>informant-PC</Computer>
<Security UserID="" />
</System>
<EventData><Data Name="PuaCount">0</Data>
<Data Name="PuaPolicyId">0x000000000000c54c</Data>
</EventData>
</Event>

<Event><System><Provider Guid="{54849625-5478-4994-a5ba-3e3b0328c30d}" Name="Microsoft-Windows-Security-Auditing" />
<EventID Qualifiers="">4624</EventID>
<Version>0</Version>
<Level>0</Level>
<Task>12544</Task>
<Opcode>0</Opcode>
<Keywords>0x8020000000000000</Keywords>
<TimeCreated SystemTime="2015-03-22 15:43:37.998434" />
<EventRecordID>957</EventRecordID>
<Correlation ActivityID="" RelatedActivityID="" />
<Execution ProcessID="500" ThreadID="596" />
<Channel>Security</Channel>
<Computer>informant-PC</Computer>
<Security UserID="" />
</System>
<EventData><Data Name="SubjectUserSid">S-1-5-18</Data>
<Data Name="SubjectUserName">INFORMANT-PC$</Data>
<Data Name="SubjectDomainName">WORKGROUP</Data>
<Data Name="SubjectLogonId">0x00000000000003e7</Data>
<Data Name="TargetUserSid">S-1-5-18</Data>
<Data Name="TargetUserName">SYSTEM</Data>
<Data Name="TargetDomainName">NT AUTHORITY</Data>
<Data Name="TargetLogonId">0x00000000000003e7</Data>
<Data Name="LogonType">5</Data>
<Data Name="LogonProcessName">Advapi  </Data>
<Data Name="AuthenticationPackageName">Negotiate</Data>
<Data Name="WorkstationName" />
<Data Name="LogonGuid">{00000000-0000-0000-0000-000000000000}</Data>
<Data Name="TransmittedServices">-</Data>
<Data Name="LmPackageName">-</Data>
<Data Name="KeyLength">0</Data>
<Data Name="ProcessId">0x00000000000001e4</Data>
<Data Name="ProcessName">C:\Windows\System32\services.exe</Data>
<Data Name="IpAddress">-</Data>
<Data Name="IpPort">-</Data>
</EventData>
</Event>

<Event><System><Provider Guid="{54849625-5478-4994-a5ba-3e3b0328c30d}" Name="Microsoft-Windows-Security-Auditing" />
<EventID Qualifiers="">4672</EventID>
<Version>0</Version>
<Level>0</Level>
<Task>12548</Task>
<Opcode>0</Opcode>
<Keywords>0x8020000000000000</Keywords>
<TimeCreated SystemTime="2015-03-22 15:43:37.998434" />
<EventRecordID>958</EventRecordID>
<Correlation ActivityID="" RelatedActivityID="" />
<Execution ProcessID="500" ThreadID="596" />
<Channel>Security</Channel>
<Computer>informant-PC</Computer>
<Security UserID="" />
</System>
<EventData><Data Name="SubjectUserSid">S-1-5-18</Data>
<Data Name="SubjectUserName">SYSTEM</Data>
<Data Name="SubjectDomainName">NT AUTHORITY</Data>
<Data Name="SubjectLogonId">0x00000000000003e7</Data>
<Data Name="PrivilegeList">SeAssignPrimaryTokenPrivilege
			SeTcbPrivilege
			SeSecurityPrivilege
			SeTakeOwnershipPrivilege
			SeLoadDriverPrivilege
			SeBackupPrivilege
			SeRestorePrivilege
			SeDebugPrivilege
			SeAuditPrivilege
			SeSystemEnvironmentPrivilege
			SeImpersonatePrivilege</Data>
</EventData>
</Event>

<Event><System><Provider Guid="{54849625-5478-4994-a5ba-3e3b0328c30d}" Name="Microsoft-Windows-Security-Auditing" />
<EventID Qualifiers="">4624</EventID>
<Version>0</Version>
<Level>0</Level>
<Task>12544</Task>
<Opcode>0</Opcode>
<Keywords>0x8020000000000000</Keywords>
<TimeCreated SystemTime="2015-03-22 15:43:38.154436" />
<EventRecordID>959</EventRecordID>
<Correlation ActivityID="" RelatedActivityID="" />
<Execution ProcessID="500" ThreadID="596" />
<Channel>Security</Channel>
<Computer>informant-PC</Computer>
<Security UserID="" />
</System>
<EventData><Data Name="SubjectUserSid">S-1-5-18</Data>
<Data Name="SubjectUserName">INFORMANT-PC$</Data>
<Data Name="SubjectDomainName">WORKGROUP</Data>
<Data Name="SubjectLogonId">0x00000000000003e7</Data>
<Data Name="TargetUserSid">S-1-5-20</Data>
<Data Name="TargetUserName">NETWORK SERVICE</Data>
<Data Name="TargetDomainName">NT AUTHORITY</Data>
<Data Name="TargetLogonId">0x00000000000003e4</Data>
<Data Name="LogonType">5</Data>
<Data Name="LogonProcessName">Advapi  </Data>
<Data Name="AuthenticationPackageName">Negotiate</Data>
<Data Name="WorkstationName" />
<Data Name="LogonGuid">{00000000-0000-0000-0000-000000000000}</Data>
<Data Name="TransmittedServices">-</Data>
<Data Name="LmPackageName">-</Data>
<Data Name="KeyLength">0</Data>
<Data Name="ProcessId">0x00000000000001e4</Data>
<Data Name="ProcessName">C:\Windows\System32\services.exe</Data>
<Data Name="IpAddress">-</Data>
<Data Name="IpPort">-</Data>
</EventData>
</Event>

<Event><System><Provider Guid="{54849625-5478-4994-a5ba-3e3b0328c30d}" Name="Microsoft-Windows-Security-Auditing" />
<EventID Qualifiers="">4672</EventID>
<Version>0</Version>
<Level>0</Level>
<Task>12548</Task>
<Opcode>0</Opcode>
<Keywords>0x8020000000000000</Keywords>
<TimeCreated SystemTime="2015-03-22 15:43:38.154436" />
<EventRecordID>960</EventRecordID>
<Correlation ActivityID="" RelatedActivityID="" />
<Execution ProcessID="500" ThreadID="596" />
<Channel>Security</Channel>
<Computer>informant-PC</Computer>
<Security UserID="" />
</System>
<EventData><Data Name="SubjectUserSid">S-1-5-20</Data>
<Data Name="SubjectUserName">NETWORK SERVICE</Data>
<Data Name="SubjectDomainName">NT AUTHORITY</Data>
<Data Name="SubjectLogonId">0x00000000000003e4</Data>
<Data Name="PrivilegeList">SeAssignPrimaryTokenPrivilege
			SeAuditPrivilege
			SeImpersonatePrivilege</Data>
</EventData>
</Event>

<Event><System><Provider Guid="{54849625-5478-4994-a5ba-3e3b0328c30d}" Name="Microsoft-Windows-Security-Auditing" />
<EventID Qualifiers="">4624</EventID>
<Version>0</Version>
<Level>0</Level>
<Task>12544</Task>
<Opcode>0</Opcode>
<Keywords>0x8020000000000000</Keywords>
<TimeCreated SystemTime="2015-03-22 15:43:38.279236" />
<EventRecordID>961</EventRecordID>
<Correlation ActivityID="" RelatedActivityID="" />
<Execution ProcessID="500" ThreadID="596" />
<Channel>Security</Channel>
<Computer>informant-PC</Computer>
<Security UserID="" />
</System>
<EventData><Data Name="SubjectUserSid">S-1-5-18</Data>
<Data Name="SubjectUserName">INFORMANT-PC$</Data>
<Data Name="SubjectDomainName">WORKGROUP</Data>
<Data Name="SubjectLogonId">0x00000000000003e7</Data>
<Data Name="TargetUserSid">S-1-5-19</Data>
<Data Name="TargetUserName">LOCAL SERVICE</Data>
<Data Name="TargetDomainName">NT AUTHORITY</Data>
<Data Name="TargetLogonId">0x00000000000003e5</Data>
<Data Name="LogonType">5</Data>
<Data Name="LogonProcessName">Advapi  </Data>
<Data Name="AuthenticationPackageName">Negotiate</Data>
<Data Name="WorkstationName" />
<Data Name="LogonGuid">{00000000-0000-0000-0000-000000000000}</Data>
<Data Name="TransmittedServices">-</Data>
<Data Name="LmPackageName">-</Data>
<Data Name="KeyLength">0</Data>
<Data Name="ProcessId">0x00000000000001e4</Data>
<Data Name="ProcessName">C:\Windows\System32\services.exe</Data>
<Data Name="IpAddress">-</Data>
<Data Name="IpPort">-</Data>
</EventData>
</Event>

<Event><System><Provider Guid="{54849625-5478-4994-a5ba-3e3b0328c30d}" Name="Microsoft-Windows-Security-Auditing" />
<EventID Qualifiers="">4672</EventID>
<Version>0</Version>
<Level>0</Level>
<Task>12548</Task>
<Opcode>0</Opcode>
<Keywords>0x8020000000000000</Keywords>
<TimeCreated SystemTime="2015-03-22 15:43:38.279236" />
<EventRecordID>962</EventRecordID>
<Correlation ActivityID="" RelatedActivityID="" />
<Execution ProcessID="500" ThreadID="596" />
<Channel>Security</Channel>
<Computer>informant-PC</Computer>
<Security UserID="" />
</System>
<EventData><Data Name="SubjectUserSid">S-1-5-19</Data>
<Data Name="SubjectUserName">LOCAL SERVICE</Data>
<Data Name="SubjectDomainName">NT AUTHORITY</Data>
<Data Name="SubjectLogonId">0x00000000000003e5</Data>
<Data Name="PrivilegeList">SeAssignPrimaryTokenPrivilege
			SeAuditPrivilege
			SeImpersonatePrivilege</Data>
</EventData>
</Event>

<Event><System><Provider Guid="{54849625-5478-4994-a5ba-3e3b0328c30d}" Name="Microsoft-Windows-Security-Auditing" />
<EventID Qualifiers="">4624</EventID>
<Version>0</Version>
<Level>0</Level>
<Task>12544</Task>
<Opcode>0</Opcode>
<Keywords>0x8020000000000000</Keywords>
<TimeCreated SystemTime="2015-03-22 15:43:38.388435" />
<EventRecordID>963</EventRecordID>
<Correlation ActivityID="" RelatedActivityID="" />
<Execution ProcessID="500" ThreadID="596" />
<Channel>Security</Channel>
<Computer>informant-PC</Computer>
<Security UserID="" />
</System>
<EventData><Data Name="SubjectUserSid">S-1-5-18</Data>
<Data Name="SubjectUserName">INFORMANT-PC$</Data>
<Data Name="SubjectDomainName">WORKGROUP</Data>
<Data Name="SubjectLogonId">0x00000000000003e7</Data>
<Data Name="TargetUserSid">S-1-5-18</Data>
<Data Name="TargetUserName">SYSTEM</Data>
<Data Name="TargetDomainName">NT AUTHORITY</Data>
<Data Name="TargetLogonId">0x00000000000003e7</Data>
<Data Name="LogonType">5</Data>
<Data Name="LogonProcessName">Advapi  </Data>
<Data Name="AuthenticationPackageName">Negotiate</Data>
<Data Name="WorkstationName" />
<Data Name="LogonGuid">{00000000-0000-0000-0000-000000000000}</Data>
<Data Name="TransmittedServices">-</Data>
<Data Name="LmPackageName">-</Data>
<Data Name="KeyLength">0</Data>
<Data Name="ProcessId">0x00000000000001e4</Data>
<Data Name="ProcessName">C:\Windows\System32\services.exe</Data>
<Data Name="IpAddress">-</Data>
<Data Name="IpPort">-</Data>
</EventData>
</Event>

<Event><System><Provider Guid="{54849625-5478-4994-a5ba-3e3b0328c30d}" Name="Microsoft-Windows-Security-Auditing" />
<EventID Qualifiers="">4672</EventID>
<Version>0</Version>
<Level>0</Level>
<Task>12548</Task>
<Opcode>0</Opcode>
<Keywords>0x8020000000000000</Keywords>
<TimeCreated SystemTime="2015-03-22 15:43:38.388435" />
<EventRecordID>964</EventRecordID>
<Correlation ActivityID="" RelatedActivityID="" />
<Execution ProcessID="500" ThreadID="596" />
<Channel>Security</Channel>
<Computer>informant-PC</Computer>
<Security UserID="" />
</System>
<EventData><Data Name="SubjectUserSid">S-1-5-18</Data>
<Data Name="SubjectUserName">SYSTEM</Data>
<Data Name="SubjectDomainName">NT AUTHORITY</Data>
<Data Name="SubjectLogonId">0x00000000000003e7</Data>
<Data Name="PrivilegeList">SeAssignPrimaryTokenPrivilege
			SeTcbPrivilege
			SeSecurityPrivilege
			SeTakeOwnershipPrivilege
			SeLoadDriverPrivilege
			SeBackupPrivilege
			SeRestorePrivilege
			SeDebugPrivilege
			SeAuditPrivilege
			SeSystemEnvironmentPrivilege
			SeImpersonatePrivilege</Data>
</EventData>
</Event>

<Event><System><Provider Guid="{54849625-5478-4994-a5ba-3e3b0328c30d}" Name="Microsoft-Windows-Security-Auditing" />
<EventID Qualifiers="">4624</EventID>
<Version>0</Version>
<Level>0</Level>
<Task>12544</Task>
<Opcode>0</Opcode>
<Keywords>0x8020000000000000</Keywords>
<TimeCreated SystemTime="2015-03-22 15:43:38.435236" />
<EventRecordID>965</EventRecordID>
<Correlation ActivityID="" RelatedActivityID="" />
<Execution ProcessID="500" ThreadID="596" />
<Channel>Security</Channel>
<Computer>informant-PC</Computer>
<Security UserID="" />
</System>
<EventData><Data Name="SubjectUserSid">S-1-5-18</Data>
<Data Name="SubjectUserName">INFORMANT-PC$</Data>
<Data Name="SubjectDomainName">WORKGROUP</Data>
<Data Name="SubjectLogonId">0x00000000000003e7</Data>
<Data Name="TargetUserSid">S-1-5-18</Data>
<Data Name="TargetUserName">SYSTEM</Data>
<Data Name="TargetDomainName">NT AUTHORITY</Data>
<Data Name="TargetLogonId">0x00000000000003e7</Data>
<Data Name="LogonType">5</Data>
<Data Name="LogonProcessName">Advapi  </Data>
<Data Name="AuthenticationPackageName">Negotiate</Data>
<Data Name="WorkstationName" />
<Data Name="LogonGuid">{00000000-0000-0000-0000-000000000000}</Data>
<Data Name="TransmittedServices">-</Data>
<Data Name="LmPackageName">-</Data>
<Data Name="KeyLength">0</Data>
<Data Name="ProcessId">0x00000000000001e4</Data>
<Data Name="ProcessName">C:\Windows\System32\services.exe</Data>
<Data Name="IpAddress">-</Data>
<Data Name="IpPort">-</Data>
</EventData>
</Event>

<Event><System><Provider Guid="{54849625-5478-4994-a5ba-3e3b0328c30d}" Name="Microsoft-Windows-Security-Auditing" />
<EventID Qualifiers="">4672</EventID>
<Version>0</Version>
<Level>0</Level>
<Task>12548</Task>
<Opcode>0</Opcode>
<Keywords>0x8020000000000000</Keywords>
<TimeCreated SystemTime="2015-03-22 15:43:38.435236" />
<EventRecordID>966</EventRecordID>
<Correlation ActivityID="" RelatedActivityID="" />
<Execution ProcessID="500" ThreadID="596" />
<Channel>Security</Channel>
<Computer>informant-PC</Computer>
<Security UserID="" />
</System>
<EventData><Data Name="SubjectUserSid">S-1-5-18</Data>
<Data Name="SubjectUserName">SYSTEM</Data>
<Data Name="SubjectDomainName">NT AUTHORITY</Data>
<Data Name="SubjectLogonId">0x00000000000003e7</Data>
<Data Name="PrivilegeList">SeAssignPrimaryTokenPrivilege
			SeTcbPrivilege
			SeSecurityPrivilege
			SeTakeOwnershipPrivilege
			SeLoadDriverPrivilege
			SeBackupPrivilege
			SeRestorePrivilege
			SeDebugPrivilege
			SeAuditPrivilege
			SeSystemEnvironmentPrivilege
			SeImpersonatePrivilege</Data>
</EventData>
</Event>

<Event><System><Provider Guid="{54849625-5478-4994-a5ba-3e3b0328c30d}" Name="Microsoft-Windows-Security-Auditing" />
<EventID Qualifiers="">4624</EventID>
<Version>0</Version>
<Level>0</Level>
<Task>12544</Task>
<Opcode>0</Opcode>
<Keywords>0x8020000000000000</Keywords>
<TimeCreated SystemTime="2015-03-22 15:43:38.887638" />
<EventRecordID>967</EventRecordID>
<Correlation ActivityID="" RelatedActivityID="" />
<Execution ProcessID="500" ThreadID="596" />
<Channel>Security</Channel>
<Computer>informant-PC</Computer>
<Security UserID="" />
</System>
<EventData><Data Name="SubjectUserSid">S-1-5-18</Data>
<Data Name="SubjectUserName">INFORMANT-PC$</Data>
<Data Name="SubjectDomainName">WORKGROUP</Data>
<Data Name="SubjectLogonId">0x00000000000003e7</Data>
<Data Name="TargetUserSid">S-1-5-18</Data>
<Data Name="TargetUserName">SYSTEM</Data>
<Data Name="TargetDomainName">NT AUTHORITY</Data>
<Data Name="TargetLogonId">0x00000000000003e7</Data>
<Data Name="LogonType">5</Data>
<Data Name="LogonProcessName">Advapi  </Data>
<Data Name="AuthenticationPackageName">Negotiate</Data>
<Data Name="WorkstationName" />
<Data Name="LogonGuid">{00000000-0000-0000-0000-000000000000}</Data>
<Data Name="TransmittedServices">-</Data>
<Data Name="LmPackageName">-</Data>
<Data Name="KeyLength">0</Data>
<Data Name="ProcessId">0x00000000000001e4</Data>
<Data Name="ProcessName">C:\Windows\System32\services.exe</Data>
<Data Name="IpAddress">-</Data>
<Data Name="IpPort">-</Data>
</EventData>
</Event>

<Event><System><Provider Guid="{54849625-5478-4994-a5ba-3e3b0328c30d}" Name="Microsoft-Windows-Security-Auditing" />
<EventID Qualifiers="">4672</EventID>
<Version>0</Version>
<Level>0</Level>
<Task>12548</Task>
<Opcode>0</Opcode>
<Keywords>0x8020000000000000</Keywords>
<TimeCreated SystemTime="2015-03-22 15:43:38.887638" />
<EventRecordID>968</EventRecordID>
<Correlation ActivityID="" RelatedActivityID="" />
<Execution ProcessID="500" ThreadID="596" />
<Channel>Security</Channel>
<Computer>informant-PC</Computer>
<Security UserID="" />
</System>
<EventData><Data Name="SubjectUserSid">S-1-5-18</Data>
<Data Name="SubjectUserName">SYSTEM</Data>
<Data Name="SubjectDomainName">NT AUTHORITY</Data>
<Data Name="SubjectLogonId">0x00000000000003e7</Data>
<Data Name="PrivilegeList">SeAssignPrimaryTokenPrivilege
			SeTcbPrivilege
			SeSecurityPrivilege
			SeTakeOwnershipPrivilege
			SeLoadDriverPrivilege
			SeBackupPrivilege
			SeRestorePrivilege
			SeDebugPrivilege
			SeAuditPrivilege
			SeSystemEnvironmentPrivilege
			SeImpersonatePrivilege</Data>
</EventData>
</Event>

<Event><System><Provider Guid="{54849625-5478-4994-a5ba-3e3b0328c30d}" Name="Microsoft-Windows-Security-Auditing" />
<EventID Qualifiers="">5033</EventID>
<Version>0</Version>
<Level>0</Level>
<Task>12292</Task>
<Opcode>0</Opcode>
<Keywords>0x8020000000000000</Keywords>
<TimeCreated SystemTime="2015-03-22 15:43:39.839441" />
<EventRecordID>969</EventRecordID>
<Correlation ActivityID="" RelatedActivityID="" />
<Execution ProcessID="4" ThreadID="44" />
<Channel>Security</Channel>
<Computer>informant-PC</Computer>
<Security UserID="" />
</System>
<EventData />
</Event>

<Event><System><Provider Guid="{54849625-5478-4994-a5ba-3e3b0328c30d}" Name="Microsoft-Windows-Security-Auditing" />
<EventID Qualifiers="">5024</EventID>
<Version>0</Version>
<Level>0</Level>
<Task>12292</Task>
<Opcode>0</Opcode>
<Keywords>0x8020000000000000</Keywords>
<TimeCreated SystemTime="2015-03-22 15:43:41.029442" />
<EventRecordID>970</EventRecordID>
<Correlation ActivityID="" RelatedActivityID="" />
<Execution ProcessID="500" ThreadID="596" />
<Channel>Security</Channel>
<Computer>informant-PC</Computer>
<Security UserID="" />
</System>
<EventData />
</Event>

<Event><System><Provider Guid="{54849625-5478-4994-a5ba-3e3b0328c30d}" Name="Microsoft-Windows-Security-Auditing" />
<EventID Qualifiers="">4624</EventID>
<Version>0</Version>
<Level>0</Level>
<Task>12544</Task>
<Opcode>0</Opcode>
<Keywords>0x8020000000000000</Keywords>
<TimeCreated SystemTime="2015-03-22 15:43:43.719446" />
<EventRecordID>971</EventRecordID>
<Correlation ActivityID="" RelatedActivityID="" />
<Execution ProcessID="500" ThreadID="596" />
<Channel>Security</Channel>
<Computer>informant-PC</Computer>
<Security UserID="" />
</System>
<EventData><Data Name="SubjectUserSid">S-1-0-0</Data>
<Data Name="SubjectUserName">-</Data>
<Data Name="SubjectDomainName">-</Data>
<Data Name="SubjectLogonId">0x0000000000000000</Data>
<Data Name="TargetUserSid">S-1-5-7</Data>
<Data Name="TargetUserName">ANONYMOUS LOGON</Data>
<Data Name="TargetDomainName">NT AUTHORITY</Data>
<Data Name="TargetLogonId">0x000000000001c185</Data>
<Data Name="LogonType">3</Data>
<Data Name="LogonProcessName">NtLmSsp </Data>
<Data Name="AuthenticationPackageName">NTLM</Data>
<Data Name="WorkstationName" />
<Data Name="LogonGuid">{00000000-0000-0000-0000-000000000000}</Data>
<Data Name="TransmittedServices">-</Data>
<Data Name="LmPackageName">NTLM V1</Data>
<Data Name="KeyLength">0</Data>
<Data Name="ProcessId">0x0000000000000000</Data>
<Data Name="ProcessName">-</Data>
<Data Name="IpAddress">-</Data>
<Data Name="IpPort">-</Data>
</EventData>
</Event>

