<Event><System><Provider Guid="{54849625-5478-4994-a5ba-3e3b0328c30d}" Name="Microsoft-Windows-Security-Auditing" />
<EventID Qualifiers="">4902</EventID>
<Version>0</Version>
<Level>0</Level>
<Task>13568</Task>
<Opcode>0</Opcode>
<Keywords>0x8020000000000000</Keywords>
<TimeCreated SystemTime="2015-03-22 14:51:15.053226" />
<EventRecordID>132</EventRecordID>
<Correlation ActivityID="" RelatedActivityID="" />
<Execution ProcessID="456" ThreadID="524" />
<Channel>Security</Channel>
<Computer>informant-PC</Computer>
<Security UserID="" />
</System>
<EventData><Data Name="PuaCount">0</Data>
<Data Name="PuaPolicyId">0x000000000000b8dc</Data>
</EventData>
</Event>

<Event><System><Provider Guid="{54849625-5478-4994-a5ba-3e3b0328c30d}" Name="Microsoft-Windows-Security-Auditing" />
<EventID Qualifiers="">4624</EventID>
<Version>0</Version>
<Level>0</Level>
<Task>12544</Task>
<Opcode>0</Opcode>
<Keywords>0x8020000000000000</Keywords>
<TimeCreated SystemTime="2015-03-22 14:51:15.193626" />
<EventRecordID>133</EventRecordID>
<Correlation ActivityID="" RelatedActivityID="" />
<Execution ProcessID="456" ThreadID="520" />
<Channel>Security</Channel>
<Computer>informant-PC</Computer>
<Security UserID="" />
</System>
<EventData><Data Name="SubjectUserSid">S-1-5-18</Data>
<Data Name="SubjectUserName">INFORMANT-PC$</Data>
<Data Name="SubjectDomainName">WORKGROUP</Data>
<Data Name="SubjectLogonId">0x00000000000003e7</Data>
<Data Name="TargetUserSid">S-1-5-18</Data>
<Data Name="TargetUserName">SYSTEM</Data>
<Data Name="TargetDomainName">NT AUTHORITY</Data>
<Data Name="TargetLogonId">0x00000000000003e7</Data>
<Data Name="LogonType">5</Data>
<Data Name="LogonProcessName">Advapi  </Data>
<Data Name="AuthenticationPackageName">Negotiate</Data>
<Data Name="WorkstationName" />
<Data Name="LogonGuid">{00000000-0000-0000-0000-000000000000}</Data>
<Data Name="TransmittedServices">-</Data>
<Data Name="LmPackageName">-</Data>
<Data Name="KeyLength">0</Data>
<Data Name="ProcessId">0x00000000000001c0</Data>
<Data Name="ProcessName">C:\Windows\System32\services.exe</Data>
<Data Name="IpAddress">-</Data>
<Data Name="IpPort">-</Data>
</EventData>
</Event>

<Event><System><Provider Guid="{54849625-5478-4994-a5ba-3e3b0328c30d}" Name="Microsoft-Windows-Security-Auditing" />
<EventID Qualifiers="">4672</EventID>
<Version>0</Version>
<Level>0</Level>
<Task>12548</Task>
<Opcode>0</Opcode>
<Keywords>0x8020000000000000</Keywords>
<TimeCreated SystemTime="2015-03-22 14:51:15.193626" />
<EventRecordID>134</EventRecordID>
<Correlation ActivityID="" RelatedActivityID="" />
<Execution ProcessID="456" ThreadID="520" />
<Channel>Security</Channel>
<Computer>informant-PC</Computer>
<Security UserID="" />
</System>
<EventData><Data Name="SubjectUserSid">S-1-5-18</Data>
<Data Name="SubjectUserName">SYSTEM</Data>
<Data Name="SubjectDomainName">NT AUTHORITY</Data>
<Data Name="SubjectLogonId">0x00000000000003e7</Data>
<Data Name="PrivilegeList">SeAssignPrimaryTokenPrivilege
			SeTcbPrivilege
			SeSecurityPrivilege
			SeTakeOwnershipPrivilege
			SeLoadDriverPrivilege
			SeBackupPrivilege
			SeRestorePrivilege
			SeDebugPrivilege
			SeAuditPrivilege
			SeSystemEnvironmentPrivilege
			SeImpersonatePrivilege</Data>
</EventData>
</Event>

<Event><System><Provider Guid="{54849625-5478-4994-a5ba-3e3b0328c30d}" Name="Microsoft-Windows-Security-Auditing" />
<EventID Qualifiers="">4624</EventID>
<Version>0</Version>
<Level>0</Level>
<Task>12544</Task>
<Opcode>0</Opcode>
<Keywords>0x8020000000000000</Keywords>
<TimeCreated SystemTime="2015-03-22 14:51:15.692829" />
<EventRecordID>135</EventRecordID>
<Correlation ActivityID="" RelatedActivityID="" />
<Execution ProcessID="456" ThreadID="520" />
<Channel>Security</Channel>
<Computer>informant-PC</Computer>
<Security UserID="" />
</System>
<EventData><Data Name="SubjectUserSid">S-1-5-18</Data>
<Data Name="SubjectUserName">INFORMANT-PC$</Data>
<Data Name="SubjectDomainName">WORKGROUP</Data>
<Data Name="SubjectLogonId">0x00000000000003e7</Data>
<Data Name="TargetUserSid">S-1-5-20</Data>
<Data Name="TargetUserName">NETWORK SERVICE</Data>
<Data Name="TargetDomainName">NT AUTHORITY</Data>
<Data Name="TargetLogonId">0x00000000000003e4</Data>
<Data Name="LogonType">5</Data>
<Data Name="LogonProcessName">Advapi  </Data>
<Data Name="AuthenticationPackageName">Negotiate</Data>
<Data Name="WorkstationName" />
<Data Name="LogonGuid">{00000000-0000-0000-0000-000000000000}</Data>
<Data Name="TransmittedServices">-</Data>
<Data Name="LmPackageName">-</Data>
<Data Name="KeyLength">0</Data>
<Data Name="ProcessId">0x00000000000001c0</Data>
<Data Name="ProcessName">C:\Windows\System32\services.exe</Data>
<Data Name="IpAddress">-</Data>
<Data Name="IpPort">-</Data>
</EventData>
</Event>

<Event><System><Provider Guid="{54849625-5478-4994-a5ba-3e3b0328c30d}" Name="Microsoft-Windows-Security-Auditing" />
<EventID Qualifiers="">4672</EventID>
<Version>0</Version>
<Level>0</Level>
<Task>12548</Task>
<Opcode>0</Opcode>
<Keywords>0x8020000000000000</Keywords>
<TimeCreated SystemTime="2015-03-22 14:51:15.692829" />
<EventRecordID>136</EventRecordID>
<Correlation ActivityID="" RelatedActivityID="" />
<Execution ProcessID="456" ThreadID="520" />
<Channel>Security</Channel>
<Computer>informant-PC</Computer>
<Security UserID="" />
</System>
<EventData><Data Name="SubjectUserSid">S-1-5-20</Data>
<Data Name="SubjectUserName">NETWORK SERVICE</Data>
<Data Name="SubjectDomainName">NT AUTHORITY</Data>
<Data Name="SubjectLogonId">0x00000000000003e4</Data>
<Data Name="PrivilegeList">SeAssignPrimaryTokenPrivilege
			SeAuditPrivilege
			SeImpersonatePrivilege</Data>
</EventData>
</Event>

<Event><System><Provider Guid="{54849625-5478-4994-a5ba-3e3b0328c30d}" Name="Microsoft-Windows-Security-Auditing" />
<EventID Qualifiers="">4624</EventID>
<Version>0</Version>
<Level>0</Level>
<Task>12544</Task>
<Opcode>0</Opcode>
<Keywords>0x8020000000000000</Keywords>
<TimeCreated SystemTime="2015-03-22 14:51:16.207628" />
<EventRecordID>137</EventRecordID>
<Correlation ActivityID="" RelatedActivityID="" />
<Execution ProcessID="456" ThreadID="520" />
<Channel>Security</Channel>
<Computer>informant-PC</Computer>
<Security UserID="" />
</System>
<EventData><Data Name="SubjectUserSid">S-1-5-18</Data>
<Data Name="SubjectUserName">INFORMANT-PC$</Data>
<Data Name="SubjectDomainName">WORKGROUP</Data>
<Data Name="SubjectLogonId">0x00000000000003e7</Data>
<Data Name="TargetUserSid">S-1-5-19</Data>
<Data Name="TargetUserName">LOCAL SERVICE</Data>
<Data Name="TargetDomainName">NT AUTHORITY</Data>
<Data Name="TargetLogonId">0x00000000000003e5</Data>
<Data Name="LogonType">5</Data>
<Data Name="LogonProcessName">Advapi  </Data>
<Data Name="AuthenticationPackageName">Negotiate</Data>
<Data Name="WorkstationName" />
<Data Name="LogonGuid">{00000000-0000-0000-0000-000000000000}</Data>
<Data Name="TransmittedServices">-</Data>
<Data Name="LmPackageName">-</Data>
<Data Name="KeyLength">0</Data>
<Data Name="ProcessId">0x00000000000001c0</Data>
<Data Name="ProcessName">C:\Windows\System32\services.exe</Data>
<Data Name="IpAddress">-</Data>
<Data Name="IpPort">-</Data>
</EventData>
</Event>

<Event><System><Provider Guid="{54849625-5478-4994-a5ba-3e3b0328c30d}" Name="Microsoft-Windows-Security-Auditing" />
<EventID Qualifiers="">4672</EventID>
<Version>0</Version>
<Level>0</Level>
<Task>12548</Task>
<Opcode>0</Opcode>
<Keywords>0x8020000000000000</Keywords>
<TimeCreated SystemTime="2015-03-22 14:51:16.207628" />
<EventRecordID>138</EventRecordID>
<Correlation ActivityID="" RelatedActivityID="" />
<Execution ProcessID="456" ThreadID="520" />
<Channel>Security</Channel>
<Computer>informant-PC</Computer>
<Security UserID="" />
</System>
<EventData><Data Name="SubjectUserSid">S-1-5-19</Data>
<Data Name="SubjectUserName">LOCAL SERVICE</Data>
<Data Name="SubjectDomainName">NT AUTHORITY</Data>
<Data Name="SubjectLogonId">0x00000000000003e5</Data>
<Data Name="PrivilegeList">SeAssignPrimaryTokenPrivilege
			SeAuditPrivilege
			SeImpersonatePrivilege</Data>
</EventData>
</Event>

<Event><System><Provider Guid="{54849625-5478-4994-a5ba-3e3b0328c30d}" Name="Microsoft-Windows-Security-Auditing" />
<EventID Qualifiers="">4624</EventID>
<Version>0</Version>
<Level>0</Level>
<Task>12544</Task>
<Opcode>0</Opcode>
<Keywords>0x8020000000000000</Keywords>
<TimeCreated SystemTime="2015-03-22 14:51:16.660030" />
<EventRecordID>139</EventRecordID>
<Correlation ActivityID="" RelatedActivityID="" />
<Execution ProcessID="456" ThreadID="504" />
<Channel>Security</Channel>
<Computer>informant-PC</Computer>
<Security UserID="" />
</System>
<EventData><Data Name="SubjectUserSid">S-1-5-18</Data>
<Data Name="SubjectUserName">INFORMANT-PC$</Data>
<Data Name="SubjectDomainName">WORKGROUP</Data>
<Data Name="SubjectLogonId">0x00000000000003e7</Data>
<Data Name="TargetUserSid">S-1-5-18</Data>
<Data Name="TargetUserName">SYSTEM</Data>
<Data Name="TargetDomainName">NT AUTHORITY</Data>
<Data Name="TargetLogonId">0x00000000000003e7</Data>
<Data Name="LogonType">5</Data>
<Data Name="LogonProcessName">Advapi  </Data>
<Data Name="AuthenticationPackageName">Negotiate</Data>
<Data Name="WorkstationName" />
<Data Name="LogonGuid">{00000000-0000-0000-0000-000000000000}</Data>
<Data Name="TransmittedServices">-</Data>
<Data Name="LmPackageName">-</Data>
<Data Name="KeyLength">0</Data>
<Data Name="ProcessId">0x00000000000001c0</Data>
<Data Name="ProcessName">C:\Windows\System32\services.exe</Data>
<Data Name="IpAddress">-</Data>
<Data Name="IpPort">-</Data>
</EventData>
</Event>

<Event><System><Provider Guid="{54849625-5478-4994-a5ba-3e3b0328c30d}" Name="Microsoft-Windows-Security-Auditing" />
<EventID Qualifiers="">4672</EventID>
<Version>0</Version>
<Level>0</Level>
<Task>12548</Task>
<Opcode>0</Opcode>
<Keywords>0x8020000000000000</Keywords>
<TimeCreated SystemTime="2015-03-22 14:51:16.660030" />
<EventRecordID>140</EventRecordID>
<Correlation ActivityID="" RelatedActivityID="" />
<Execution ProcessID="456" ThreadID="504" />
<Channel>Security</Channel>
<Computer>informant-PC</Computer>
<Security UserID="" />
</System>
<EventData><Data Name="SubjectUserSid">S-1-5-18</Data>
<Data Name="SubjectUserName">SYSTEM</Data>
<Data Name="SubjectDomainName">NT AUTHORITY</Data>
<Data Name="SubjectLogonId">0x00000000000003e7</Data>
<Data Name="PrivilegeList">SeAssignPrimaryTokenPrivilege
			SeTcbPrivilege
			SeSecurityPrivilege
			SeTakeOwnershipPrivilege
			SeLoadDriverPrivilege
			SeBackupPrivilege
			SeRestorePrivilege
			SeDebugPrivilege
			SeAuditPrivilege
			SeSystemEnvironmentPrivilege
			SeImpersonatePrivilege</Data>
</EventData>
</Event>

<Event><System><Provider Guid="{54849625-5478-4994-a5ba-3e3b0328c30d}" Name="Microsoft-Windows-Security-Auditing" />
<EventID Qualifiers="">4624</EventID>
<Version>0</Version>
<Level>0</Level>
<Task>12544</Task>
<Opcode>0</Opcode>
<Keywords>0x8020000000000000</Keywords>
<TimeCreated SystemTime="2015-03-22 14:51:16.675631" />
<EventRecordID>141</EventRecordID>
<Correlation ActivityID="" RelatedActivityID="" />
<Execution ProcessID="456" ThreadID="504" />
<Channel>Security</Channel>
<Computer>informant-PC</Computer>
<Security UserID="" />
</System>
<EventData><Data Name="SubjectUserSid">S-1-5-18</Data>
<Data Name="SubjectUserName">INFORMANT-PC$</Data>
<Data Name="SubjectDomainName">WORKGROUP</Data>
<Data Name="SubjectLogonId">0x00000000000003e7</Data>
<Data Name="TargetUserSid">S-1-5-18</Data>
<Data Name="TargetUserName">SYSTEM</Data>
<Data Name="TargetDomainName">NT AUTHORITY</Data>
<Data Name="TargetLogonId">0x00000000000003e7</Data>
<Data Name="LogonType">5</Data>
<Data Name="LogonProcessName">Advapi  </Data>
<Data Name="AuthenticationPackageName">Negotiate</Data>
<Data Name="WorkstationName" />
<Data Name="LogonGuid">{00000000-0000-0000-0000-000000000000}</Data>
<Data Name="TransmittedServices">-</Data>
<Data Name="LmPackageName">-</Data>
<Data Name="KeyLength">0</Data>
<Data Name="ProcessId">0x00000000000001c0</Data>
<Data Name="ProcessName">C:\Windows\System32\services.exe</Data>
<Data Name="IpAddress">-</Data>
<Data Name="IpPort">-</Data>
</EventData>
</Event>

<Event><System><Provider Guid="{54849625-5478-4994-a5ba-3e3b0328c30d}" Name="Microsoft-Windows-Security-Auditing" />
<EventID Qualifiers="">4672</EventID>
<Version>0</Version>
<Level>0</Level>
<Task>12548</Task>
<Opcode>0</Opcode>
<Keywords>0x8020000000000000</Keywords>
<TimeCreated SystemTime="2015-03-22 14:51:16.675631" />
<EventRecordID>142</EventRecordID>
<Correlation ActivityID="" RelatedActivityID="" />
<Execution ProcessID="456" ThreadID="504" />
<Channel>Security</Channel>
<Computer>informant-PC</Computer>
<Security UserID="" />
</System>
<EventData><Data Name="SubjectUserSid">S-1-5-18</Data>
<Data Name="SubjectUserName">SYSTEM</Data>
<Data Name="SubjectDomainName">NT AUTHORITY</Data>
<Data Name="SubjectLogonId">0x00000000000003e7</Data>
<Data Name="PrivilegeList">SeAssignPrimaryTokenPrivilege
			SeTcbPrivilege
			SeSecurityPrivilege
			SeTakeOwnershipPrivilege
			SeLoadDriverPrivilege
			SeBackupPrivilege
			SeRestorePrivilege
			SeDebugPrivilege
			SeAuditPrivilege
			SeSystemEnvironmentPrivilege
			SeImpersonatePrivilege</Data>
</EventData>
</Event>

<Event><System><Provider Guid="{54849625-5478-4994-a5ba-3e3b0328c30d}" Name="Microsoft-Windows-Security-Auditing" />
<EventID Qualifiers="">4624</EventID>
<Version>0</Version>
<Level>0</Level>
<Task>12544</Task>
<Opcode>0</Opcode>
<Keywords>0x8020000000000000</Keywords>
<TimeCreated SystemTime="2015-03-22 14:51:20.216837" />
<EventRecordID>143</EventRecordID>
<Correlation ActivityID="" RelatedActivityID="" />
<Execution ProcessID="456" ThreadID="504" />
<Channel>Security</Channel>
<Computer>informant-PC</Computer>
<Security UserID="" />
</System>
<EventData><Data Name="SubjectUserSid">S-1-5-18</Data>
<Data Name="SubjectUserName">INFORMANT-PC$</Data>
<Data Name="SubjectDomainName">WORKGROUP</Data>
<Data Name="SubjectLogonId">0x00000000000003e7</Data>
<Data Name="TargetUserSid">S-1-5-18</Data>
<Data Name="TargetUserName">SYSTEM</Data>
<Data Name="TargetDomainName">NT AUTHORITY</Data>
<Data Name="TargetLogonId">0x00000000000003e7</Data>
<Data Name="LogonType">5</Data>
<Data Name="LogonProcessName">Advapi  </Data>
<Data Name="AuthenticationPackageName">Negotiate</Data>
<Data Name="WorkstationName" />
<Data Name="LogonGuid">{00000000-0000-0000-0000-000000000000}</Data>
<Data Name="TransmittedServices">-</Data>
<Data Name="LmPackageName">-</Data>
<Data Name="KeyLength">0</Data>
<Data Name="ProcessId">0x00000000000001c0</Data>
<Data Name="ProcessName">C:\Windows\System32\services.exe</Data>
<Data Name="IpAddress">-</Data>
<Data Name="IpPort">-</Data>
</EventData>
</Event>

<Event><System><Provider Guid="{54849625-5478-4994-a5ba-3e3b0328c30d}" Name="Microsoft-Windows-Security-Auditing" />
<EventID Qualifiers="">4672</EventID>
<Version>0</Version>
<Level>0</Level>
<Task>12548</Task>
<Opcode>0</Opcode>
<Keywords>0x8020000000000000</Keywords>
<TimeCreated SystemTime="2015-03-22 14:51:20.216837" />
<EventRecordID>144</EventRecordID>
<Correlation ActivityID="" RelatedActivityID="" />
<Execution ProcessID="456" ThreadID="504" />
<Channel>Security</Channel>
<Computer>informant-PC</Computer>
<Security UserID="" />
</System>
<EventData><Data Name="SubjectUserSid">S-1-5-18</Data>
<Data Name="SubjectUserName">SYSTEM</Data>
<Data Name="SubjectDomainName">NT AUTHORITY</Data>
<Data Name="SubjectLogonId">0x00000000000003e7</Data>
<Data Name="PrivilegeList">SeAssignPrimaryTokenPrivilege
			SeTcbPrivilege
			SeSecurityPrivilege
			SeTakeOwnershipPrivilege
			SeLoadDriverPrivilege
			SeBackupPrivilege
			SeRestorePrivilege
			SeDebugPrivilege
			SeAuditPrivilege
			SeSystemEnvironmentPrivilege
			SeImpersonatePrivilege</Data>
</EventData>
</Event>

<Event><System><Provider Guid="{54849625-5478-4994-a5ba-3e3b0328c30d}" Name="Microsoft-Windows-Security-Auditing" />
<EventID Qualifiers="">5033</EventID>
<Version>0</Version>
<Level>0</Level>
<Task>12292</Task>
<Opcode>0</Opcode>
<Keywords>0x8020000000000000</Keywords>
<TimeCreated SystemTime="2015-03-22 14:51:21.418037" />
<EventRecordID>145</EventRecordID>
<Correlation ActivityID="" RelatedActivityID="" />
<Execution ProcessID="4" ThreadID="68" />
<Channel>Security</Channel>
<Computer>informant-PC</Computer>
<Security UserID="" />
</System>
<EventData />
</Event>

<Event><System><Provider Guid="{54849625-5478-4994-a5ba-3e3b0328c30d}" Name="Microsoft-Windows-Security-Auditing" />
<EventID Qualifiers="">5024</EventID>
<Version>0</Version>
<Level>0</Level>
<Task>12292</Task>
<Opcode>0</Opcode>
<Keywords>0x8020000000000000</Keywords>
<TimeCreated SystemTime="2015-03-22 14:51:23.773643" />
<EventRecordID>146</EventRecordID>
<Correlation ActivityID="" RelatedActivityID="" />
<Execution ProcessID="456" ThreadID="520" />
<Channel>Security</Channel>
<Computer>informant-PC</Computer>
<Security UserID="" />
</System>
<EventData />
</Event>

<Event><System><Provider Guid="{54849625-5478-4994-a5ba-3e3b0328c30d}" Name="Microsoft-Windows-Security-Auditing" />
<EventID Qualifiers="">4624</EventID>
<Version>0</Version>
<Level>0</Level>
<Task>12544</Task>
<Opcode>0</Opcode>
<Keywords>0x8020000000000000</Keywords>
<TimeCreated SystemTime="2015-03-22 14:51:27.299248" />
<EventRecordID>147</EventRecordID>
<Correlation ActivityID="" RelatedActivityID="" />
<Execution ProcessID="456" ThreadID="520" />
<Channel>Security</Channel>
<Computer>informant-PC</Computer>
<Security UserID="" />
</System>
<EventData><Data Name="SubjectUserSid">S-1-0-0</Data>
<Data Name="SubjectUserName">-</Data>
<Data Name="SubjectDomainName">-</Data>
<Data Name="SubjectLogonId">0x0000000000000000</Data>
<Data Name="TargetUserSid">S-1-5-7</Data>
<Data Name="TargetUserName">ANONYMOUS LOGON</Data>
<Data Name="TargetDomainName">NT AUTHORITY</Data>
<Data Name="TargetLogonId">0x000000000001a667</Data>
<Data Name="LogonType">3</Data>
<Data Name="LogonProcessName">NtLmSsp </Data>
<Data Name="AuthenticationPackageName">NTLM</Data>
<Data Name="WorkstationName" />
<Data Name="LogonGuid">{00000000-0000-0000-0000-000000000000}</Data>
<Data Name="TransmittedServices">-</Data>
<Data Name="LmPackageName">NTLM V1</Data>
<Data Name="KeyLength">0</Data>
<Data Name="ProcessId">0x0000000000000000</Data>
<Data Name="ProcessName">-</Data>
<Data Name="IpAddress">-</Data>
<Data Name="IpPort">-</Data>
</EventData>
</Event>

<Event><System><Provider Guid="{54849625-5478-4994-a5ba-3e3b0328c30d}" Name="Microsoft-Windows-Security-Auditing" />
<EventID Qualifiers="">4624</EventID>
<Version>0</Version>
<Level>0</Level>
<Task>12544</Task>
<Opcode>0</Opcode>
<Keywords>0x8020000000000000</Keywords>
<TimeCreated SystemTime="2015-03-22 14:53:30.717463" />
<EventRecordID>148</EventRecordID>
<Correlation ActivityID="" RelatedActivityID="" />
<Execution ProcessID="456" ThreadID="1812" />
<Channel>Security</Channel>
<Computer>informant-PC</Computer>
<Security UserID="" />
</System>
<EventData><Data Name="SubjectUserSid">S-1-5-18</Data>
<Data Name="SubjectUserName">INFORMANT-PC$</Data>
<Data Name="SubjectDomainName">WORKGROUP</Data>
<Data Name="SubjectLogonId">0x00000000000003e7</Data>
<Data Name="TargetUserSid">S-1-5-18</Data>
<Data Name="TargetUserName">SYSTEM</Data>
<Data Name="TargetDomainName">NT AUTHORITY</Data>
<Data Name="TargetLogonId">0x00000000000003e7</Data>
<Data Name="LogonType">5</Data>
<Data Name="LogonProcessName">Advapi  </Data>
<Data Name="AuthenticationPackageName">Negotiate</Data>
<Data Name="WorkstationName" />
<Data Name="LogonGuid">{00000000-0000-0000-0000-000000000000}</Data>
<Data Name="TransmittedServices">-</Data>
<Data Name="LmPackageName">-</Data>
<Data Name="KeyLength">0</Data>
<Data Name="ProcessId">0x00000000000001c0</Data>
<Data Name="ProcessName">C:\Windows\System32\services.exe</Data>
<Data Name="IpAddress">-</Data>
<Data Name="IpPort">-</Data>
</EventData>
</Event>

<Event><System><Provider Guid="{54849625-5478-4994-a5ba-3e3b0328c30d}" Name="Microsoft-Windows-Security-Auditing" />
<EventID Qualifiers="">4672</EventID>
<Version>0</Version>
<Level>0</Level>
<Task>12548</Task>
<Opcode>0</Opcode>
<Keywords>0x8020000000000000</Keywords>
<TimeCreated SystemTime="2015-03-22 14:53:30.717463" />
<EventRecordID>149</EventRecordID>
<Correlation ActivityID="" RelatedActivityID="" />
<Execution ProcessID="456" ThreadID="1812" />
<Channel>Security</Channel>
<Computer>informant-PC</Computer>
<Security UserID="" />
</System>
<EventData><Data Name="SubjectUserSid">S-1-5-18</Data>
<Data Name="SubjectUserName">SYSTEM</Data>
<Data Name="SubjectDomainName">NT AUTHORITY</Data>
<Data Name="SubjectLogonId">0x00000000000003e7</Data>
<Data Name="PrivilegeList">SeAssignPrimaryTokenPrivilege
			SeTcbPrivilege
			SeSecurityPrivilege
			SeTakeOwnershipPrivilege
			SeLoadDriverPrivilege
			SeBackupPrivilege
			SeRestorePrivilege
			SeDebugPrivilege
			SeAuditPrivilege
			SeSystemEnvironmentPrivilege
			SeImpersonatePrivilege</Data>
</EventData>
</Event>

<Event><System><Provider Guid="{54849625-5478-4994-a5ba-3e3b0328c30d}" Name="Microsoft-Windows-Security-Auditing" />
<EventID Qualifiers="">4624</EventID>
<Version>0</Version>
<Level>0</Level>
<Task>12544</Task>
<Opcode>0</Opcode>
<Keywords>0x8020000000000000</Keywords>
<TimeCreated SystemTime="2015-03-22 14:53:31.981066" />
<EventRecordID>150</EventRecordID>
<Correlation ActivityID="" RelatedActivityID="" />
<Execution ProcessID="456" ThreadID="1812" />
<Channel>Security</Channel>
<Computer>informant-PC</Computer>
<Security UserID="" />
</System>
<EventData><Data Name="SubjectUserSid">S-1-5-18</Data>
<Data Name="SubjectUserName">INFORMANT-PC$</Data>
<Data Name="SubjectDomainName">WORKGROUP</Data>
<Data Name="SubjectLogonId">0x00000000000003e7</Data>
<Data Name="TargetUserSid">S-1-5-18</Data>
<Data Name="TargetUserName">SYSTEM</Data>
<Data Name="TargetDomainName">NT AUTHORITY</Data>
<Data Name="TargetLogonId">0x00000000000003e7</Data>
<Data Name="LogonType">5</Data>
<Data Name="LogonProcessName">Advapi  </Data>
<Data Name="AuthenticationPackageName">Negotiate</Data>
<Data Name="WorkstationName" />
<Data Name="LogonGuid">{00000000-0000-0000-0000-000000000000}</Data>
<Data Name="TransmittedServices">-</Data>
<Data Name="LmPackageName">-</Data>
<Data Name="KeyLength">0</Data>
<Data Name="ProcessId">0x00000000000001c0</Data>
<Data Name="ProcessName">C:\Windows\System32\services.exe</Data>
<Data Name="IpAddress">-</Data>
<Data Name="IpPort">-</Data>
</EventData>
</Event>

<Event><System><Provider Guid="{54849625-5478-4994-a5ba-3e3b0328c30d}" Name="Microsoft-Windows-Security-Auditing" />
<EventID Qualifiers="">4672</EventID>
<Version>0</Version>
<Level>0</Level>
<Task>12548</Task>
<Opcode>0</Opcode>
<Keywords>0x8020000000000000</Keywords>
<TimeCreated SystemTime="2015-03-22 14:53:31.981066" />
<EventRecordID>151</EventRecordID>
<Correlation ActivityID="" RelatedActivityID="" />
<Execution ProcessID="456" ThreadID="1812" />
<Channel>Security</Channel>
<Computer>informant-PC</Computer>
<Security UserID="" />
</System>
<EventData><Data Name="SubjectUserSid">S-1-5-18</Data>
<Data Name="SubjectUserName">SYSTEM</Data>
<Data Name="SubjectDomainName">NT AUTHORITY</Data>
<Data Name="SubjectLogonId">0x00000000000003e7</Data>
<Data Name="PrivilegeList">SeAssignPrimaryTokenPrivilege
			SeTcbPrivilege
			SeSecurityPrivilege
			SeTakeOwnershipPrivilege
			SeLoadDriverPrivilege
			SeBackupPrivilege
			SeRestorePrivilege
			SeDebugPrivilege
			SeAuditPrivilege
			SeSystemEnvironmentPrivilege
			SeImpersonatePrivilege</Data>
</EventData>
</Event>

<Event><System><Provider Guid="{54849625-5478-4994-a5ba-3e3b0328c30d}" Name="Microsoft-Windows-Security-Auditing" />
<EventID Qualifiers="">4648</EventID>
<Version>0</Version>
<Level>0</Level>
<Task>12544</Task>
<Opcode>0</Opcode>
<Keywords>0x8020000000000000</Keywords>
<TimeCreated SystemTime="2015-03-22 14:53:39.874680" />
<EventRecordID>152</EventRecordID>
<Correlation ActivityID="" RelatedActivityID="" />
<Execution ProcessID="456" ThreadID="492" />
<Channel>Security</Channel>
<Computer>informant-PC</Computer>
<Security UserID="" />
</System>
<EventData><Data Name="SubjectUserSid">S-1-5-18</Data>
<Data Name="SubjectUserName">INFORMANT-PC$</Data>
<Data Name="SubjectDomainName">WORKGROUP</Data>
<Data Name="SubjectLogonId">0x00000000000003e7</Data>
<Data Name="LogonGuid">{00000000-0000-0000-0000-000000000000}</Data>
<Data Name="TargetUserName">informant</Data>
<Data Name="TargetDomainName">informant-PC</Data>
<Data Name="TargetLogonGuid">{00000000-0000-0000-0000-000000000000}</Data>
<Data Name="TargetServerName">localhost</Data>
<Data Name="TargetInfo">localhost</Data>
<Data Name="ProcessId">0x0000000000000184</Data>
<Data Name="ProcessName">C:\Windows\System32\winlogon.exe</Data>
<Data Name="IpAddress">127.0.0.1</Data>
<Data Name="IpPort">0</Data>
</EventData>
</Event>

<Event><System><Provider Guid="{54849625-5478-4994-a5ba-3e3b0328c30d}" Name="Microsoft-Windows-Security-Auditing" />
<EventID Qualifiers="">4624</EventID>
<Version>0</Version>
<Level>0</Level>
<Task>12544</Task>
<Opcode>0</Opcode>
<Keywords>0x8020000000000000</Keywords>
<TimeCreated SystemTime="2015-03-22 14:53:39.874680" />
<EventRecordID>153</EventRecordID>
<Correlation ActivityID="" RelatedActivityID="" />
<Execution ProcessID="456" ThreadID="492" />
<Channel>Security</Channel>
<Computer>informant-PC</Computer>
<Security UserID="" />
</System>
<EventData><Data Name="SubjectUserSid">S-1-5-18</Data>
<Data Name="SubjectUserName">INFORMANT-PC$</Data>
<Data Name="SubjectDomainName">WORKGROUP</Data>
<Data Name="SubjectLogonId">0x00000000000003e7</Data>
<Data Name="TargetUserSid">S-1-5-21-2425377081-3129163575-2985601102-1000</Data>
<Data Name="TargetUserName">informant</Data>
<Data Name="TargetDomainName">informant-PC</Data>
<Data Name="TargetLogonId">0x0000000000026923</Data>
<Data Name="LogonType">2</Data>
<Data Name="LogonProcessName">User32 </Data>
<Data Name="AuthenticationPackageName">Negotiate</Data>
<Data Name="WorkstationName">INFORMANT-PC</Data>
<Data Name="LogonGuid">{00000000-0000-0000-0000-000000000000}</Data>
<Data Name="TransmittedServices">-</Data>
<Data Name="LmPackageName">-</Data>
<Data Name="KeyLength">0</Data>
<Data Name="ProcessId">0x0000000000000184</Data>
<Data Name="ProcessName">C:\Windows\System32\winlogon.exe</Data>
<Data Name="IpAddress">127.0.0.1</Data>
<Data Name="IpPort">0</Data>
</EventData>
</Event>

<Event><System><Provider Guid="{54849625-5478-4994-a5ba-3e3b0328c30d}" Name="Microsoft-Windows-Security-Auditing" />
<EventID Qualifiers="">4624</EventID>
<Version>0</Version>
<Level>0</Level>
<Task>12544</Task>
<Opcode>0</Opcode>
<Keywords>0x8020000000000000</Keywords>
<TimeCreated SystemTime="2015-03-22 14:53:39.874680" />
<EventRecordID>154</EventRecordID>
<Correlation ActivityID="" RelatedActivityID="" />
<Execution ProcessID="456" ThreadID="492" />
<Channel>Security</Channel>
<Computer>informant-PC</Computer>
<Security UserID="" />
</System>
<EventData><Data Name="SubjectUserSid">S-1-5-18</Data>
<Data Name="SubjectUserName">INFORMANT-PC$</Data>
<Data Name="SubjectDomainName">WORKGROUP</Data>
<Data Name="SubjectLogonId">0x00000000000003e7</Data>
<Data Name="TargetUserSid">S-1-5-21-2425377081-3129163575-2985601102-1000</Data>
<Data Name="TargetUserName">informant</Data>
<Data Name="TargetDomainName">informant-PC</Data>
<Data Name="TargetLogonId">0x0000000000026951</Data>
<Data Name="LogonType">2</Data>
<Data Name="LogonProcessName">User32 </Data>
<Data Name="AuthenticationPackageName">Negotiate</Data>
<Data Name="WorkstationName">INFORMANT-PC</Data>
<Data Name="LogonGuid">{00000000-0000-0000-0000-000000000000}</Data>
<Data Name="TransmittedServices">-</Data>
<Data Name="LmPackageName">-</Data>
<Data Name="KeyLength">0</Data>
<Data Name="ProcessId">0x0000000000000184</Data>
<Data Name="ProcessName">C:\Windows\System32\winlogon.exe</Data>
<Data Name="IpAddress">127.0.0.1</Data>
<Data Name="IpPort">0</Data>
</EventData>
</Event>

<Event><System><Provider Guid="{54849625-5478-4994-a5ba-3e3b0328c30d}" Name="Microsoft-Windows-Security-Auditing" />
<EventID Qualifiers="">4672</EventID>
<Version>0</Version>
<Level>0</Level>
<Task>12548</Task>
<Opcode>0</Opcode>
<Keywords>0x8020000000000000</Keywords>
<TimeCreated SystemTime="2015-03-22 14:53:39.874680" />
<EventRecordID>155</EventRecordID>
<Correlation ActivityID="" RelatedActivityID="" />
<Execution ProcessID="456" ThreadID="492" />
<Channel>Security</Channel>
<Computer>informant-PC</Computer>
<Security UserID="" />
</System>
<EventData><Data Name="SubjectUserSid">S-1-5-21-2425377081-3129163575-2985601102-1000</Data>
<Data Name="SubjectUserName">informant</Data>
<Data Name="SubjectDomainName">informant-PC</Data>
<Data Name="SubjectLogonId">0x0000000000026923</Data>
<Data Name="PrivilegeList">SeSecurityPrivilege
			SeTakeOwnershipPrivilege
			SeLoadDriverPrivilege
			SeBackupPrivilege
			SeRestorePrivilege
			SeDebugPrivilege
			SeSystemEnvironmentPrivilege
			SeImpersonatePrivilege</Data>
</EventData>
</Event>

<Event><System><Provider Guid="{54849625-5478-4994-a5ba-3e3b0328c30d}" Name="Microsoft-Windows-Security-Auditing" />
<EventID Qualifiers="">4624</EventID>
<Version>0</Version>
<Level>0</Level>
<Task>12544</Task>
<Opcode>0</Opcode>
<Keywords>0x8020000000000000</Keywords>
<TimeCreated SystemTime="2015-03-22 15:00:08.475166" />
<EventRecordID>156</EventRecordID>
<Correlation ActivityID="" RelatedActivityID="" />
<Execution ProcessID="456" ThreadID="1812" />
<Channel>Security</Channel>
<Computer>informant-PC</Computer>
<Security UserID="" />
</System>
<EventData><Data Name="SubjectUserSid">S-1-5-18</Data>
<Data Name="SubjectUserName">INFORMANT-PC$</Data>
<Data Name="SubjectDomainName">WORKGROUP</Data>
<Data Name="SubjectLogonId">0x00000000000003e7</Data>
<Data Name="TargetUserSid">S-1-5-18</Data>
<Data Name="TargetUserName">SYSTEM</Data>
<Data Name="TargetDomainName">NT AUTHORITY</Data>
<Data Name="TargetLogonId">0x00000000000003e7</Data>
<Data Name="LogonType">5</Data>
<Data Name="LogonProcessName">Advapi  </Data>
<Data Name="AuthenticationPackageName">Negotiate</Data>
<Data Name="WorkstationName" />
<Data Name="LogonGuid">{00000000-0000-0000-0000-000000000000}</Data>
<Data Name="TransmittedServices">-</Data>
<Data Name="LmPackageName">-</Data>
<Data Name="KeyLength">0</Data>
<Data Name="ProcessId">0x00000000000001c0</Data>
<Data Name="ProcessName">C:\Windows\System32\services.exe</Data>
<Data Name="IpAddress">-</Data>
<Data Name="IpPort">-</Data>
</EventData>
</Event>

<Event><System><Provider Guid="{54849625-5478-4994-a5ba-3e3b0328c30d}" Name="Microsoft-Windows-Security-Auditing" />
<EventID Qualifiers="">4672</EventID>
<Version>0</Version>
<Level>0</Level>
<Task>12548</Task>
<Opcode>0</Opcode>
<Keywords>0x8020000000000000</Keywords>
<TimeCreated SystemTime="2015-03-22 15:00:08.475166" />
<EventRecordID>157</EventRecordID>
<Correlation ActivityID="" RelatedActivityID="" />
<Execution ProcessID="456" ThreadID="1812" />
<Channel>Security</Channel>
<Computer>informant-PC</Computer>
<Security UserID="" />
</System>
<EventData><Data Name="SubjectUserSid">S-1-5-18</Data>
<Data Name="SubjectUserName">SYSTEM</Data>
<Data Name="SubjectDomainName">NT AUTHORITY</Data>
<Data Name="SubjectLogonId">0x00000000000003e7</Data>
<Data Name="PrivilegeList">SeAssignPrimaryTokenPrivilege
			SeTcbPrivilege
			SeSecurityPrivilege
			SeTakeOwnershipPrivilege
			SeLoadDriverPrivilege
			SeBackupPrivilege
			SeRestorePrivilege
			SeDebugPrivilege
			SeAuditPrivilege
			SeSystemEnvironmentPrivilege
			SeImpersonatePrivilege</Data>
</EventData>
</Event>

<Event><System><Provider Guid="{54849625-5478-4994-a5ba-3e3b0328c30d}" Name="Microsoft-Windows-Security-Auditing" />
<EventID Qualifiers="">4624</EventID>
<Version>0</Version>
<Level>0</Level>
<Task>12544</Task>
<Opcode>0</Opcode>
<Keywords>0x8020000000000000</Keywords>
<TimeCreated SystemTime="2015-03-22 15:00:08.615566" />
<EventRecordID>158</EventRecordID>
<Correlation ActivityID="" RelatedActivityID="" />
<Execution ProcessID="456" ThreadID="1648" />
<Channel>Security</Channel>
<Computer>informant-PC</Computer>
<Security UserID="" />
</System>
<EventData><Data Name="SubjectUserSid">S-1-5-18</Data>
<Data Name="SubjectUserName">INFORMANT-PC$</Data>
<Data Name="SubjectDomainName">WORKGROUP</Data>
<Data Name="SubjectLogonId">0x00000000000003e7</Data>
<Data Name="TargetUserSid">S-1-5-18</Data>
<Data Name="TargetUserName">SYSTEM</Data>
<Data Name="TargetDomainName">NT AUTHORITY</Data>
<Data Name="TargetLogonId">0x00000000000003e7</Data>
<Data Name="LogonType">5</Data>
<Data Name="LogonProcessName">Advapi  </Data>
<Data Name="AuthenticationPackageName">Negotiate</Data>
<Data Name="WorkstationName" />
<Data Name="LogonGuid">{00000000-0000-0000-0000-000000000000}</Data>
<Data Name="TransmittedServices">-</Data>
<Data Name="LmPackageName">-</Data>
<Data Name="KeyLength">0</Data>
<Data Name="ProcessId">0x00000000000001c0</Data>
<Data Name="ProcessName">C:\Windows\System32\services.exe</Data>
<Data Name="IpAddress">-</Data>
<Data Name="IpPort">-</Data>
</EventData>
</Event>

<Event><System><Provider Guid="{54849625-5478-4994-a5ba-3e3b0328c30d}" Name="Microsoft-Windows-Security-Auditing" />
<EventID Qualifiers="">4672</EventID>
<Version>0</Version>
<Level>0</Level>
<Task>12548</Task>
<Opcode>0</Opcode>
<Keywords>0x8020000000000000</Keywords>
<TimeCreated SystemTime="2015-03-22 15:00:08.615566" />
<EventRecordID>159</EventRecordID>
<Correlation ActivityID="" RelatedActivityID="" />
<Execution ProcessID="456" ThreadID="1648" />
<Channel>Security</Channel>
<Computer>informant-PC</Computer>
<Security UserID="" />
</System>
<EventData><Data Name="SubjectUserSid">S-1-5-18</Data>
<Data Name="SubjectUserName">SYSTEM</Data>
<Data Name="SubjectDomainName">NT AUTHORITY</Data>
<Data Name="SubjectLogonId">0x00000000000003e7</Data>
<Data Name="PrivilegeList">SeAssignPrimaryTokenPrivilege
			SeTcbPrivilege
			SeSecurityPrivilege
			SeTakeOwnershipPrivilege
			SeLoadDriverPrivilege
			SeBackupPrivilege
			SeRestorePrivilege
			SeDebugPrivilege
			SeAuditPrivilege
			SeSystemEnvironmentPrivilege
			SeImpersonatePrivilege</Data>
</EventData>
</Event>

<Event><System><Provider Guid="{54849625-5478-4994-a5ba-3e3b0328c30d}" Name="Microsoft-Windows-Security-Auditing" />
<EventID Qualifiers="">4624</EventID>
<Version>0</Version>
<Level>0</Level>
<Task>12544</Task>
<Opcode>0</Opcode>
<Keywords>0x8020000000000000</Keywords>
<TimeCreated SystemTime="2015-03-22 15:00:18.412384" />
<EventRecordID>160</EventRecordID>
<Correlation ActivityID="" RelatedActivityID="" />
<Execution ProcessID="456" ThreadID="2096" />
<Channel>Security</Channel>
<Computer>informant-PC</Computer>
<Security UserID="" />
</System>
<EventData><Data Name="SubjectUserSid">S-1-5-18</Data>
<Data Name="SubjectUserName">INFORMANT-PC$</Data>
<Data Name="SubjectDomainName">WORKGROUP</Data>
<Data Name="SubjectLogonId">0x00000000000003e7</Data>
<Data Name="TargetUserSid">S-1-5-18</Data>
<Data Name="TargetUserName">SYSTEM</Data>
<Data Name="TargetDomainName">NT AUTHORITY</Data>
<Data Name="TargetLogonId">0x00000000000003e7</Data>
<Data Name="LogonType">5</Data>
<Data Name="LogonProcessName">Advapi  </Data>
<Data Name="AuthenticationPackageName">Negotiate</Data>
<Data Name="WorkstationName" />
<Data Name="LogonGuid">{00000000-0000-0000-0000-000000000000}</Data>
<Data Name="TransmittedServices">-</Data>
<Data Name="LmPackageName">-</Data>
<Data Name="KeyLength">0</Data>
<Data Name="ProcessId">0x00000000000001c0</Data>
<Data Name="ProcessName">C:\Windows\System32\services.exe</Data>
<Data Name="IpAddress">-</Data>
<Data Name="IpPort">-</Data>
</EventData>
</Event>

<Event><System><Provider Guid="{54849625-5478-4994-a5ba-3e3b0328c30d}" Name="Microsoft-Windows-Security-Auditing" />
<EventID Qualifiers="">4672</EventID>
<Version>0</Version>
<Level>0</Level>
<Task>12548</Task>
<Opcode>0</Opcode>
<Keywords>0x8020000000000000</Keywords>
<TimeCreated SystemTime="2015-03-22 15:00:18.412384" />
<EventRecordID>161</EventRecordID>
<Correlation ActivityID="" RelatedActivityID="" />
<Execution ProcessID="456" ThreadID="2096" />
<Channel>Security</Channel>
<Computer>informant-PC</Computer>
<Security UserID="" />
</System>
<EventData><Data Name="SubjectUserSid">S-1-5-18</Data>
<Data Name="SubjectUserName">SYSTEM</Data>
<Data Name="SubjectDomainName">NT AUTHORITY</Data>
<Data Name="SubjectLogonId">0x00000000000003e7</Data>
<Data Name="PrivilegeList">SeAssignPrimaryTokenPrivilege
			SeTcbPrivilege
			SeSecurityPrivilege
			SeTakeOwnershipPrivilege
			SeLoadDriverPrivilege
			SeBackupPrivilege
			SeRestorePrivilege
			SeDebugPrivilege
			SeAuditPrivilege
			SeSystemEnvironmentPrivilege
			SeImpersonatePrivilege</Data>
</EventData>
</Event>

<Event><System><Provider Guid="{54849625-5478-4994-a5ba-3e3b0328c30d}" Name="Microsoft-Windows-Security-Auditing" />
<EventID Qualifiers="">4904</EventID>
<Version>0</Version>
<Level>0</Level>
<Task>13568</Task>
<Opcode>0</Opcode>
<Keywords>0x8020000000000000</Keywords>
<TimeCreated SystemTime="2015-03-22 15:00:20.799187" />
<EventRecordID>162</EventRecordID>
<Correlation ActivityID="" RelatedActivityID="" />
<Execution ProcessID="456" ThreadID="1648" />
<Channel>Security</Channel>
<Computer>informant-PC</Computer>
<Security UserID="" />
</System>
<EventData><Data Name="SubjectUserSid">S-1-5-18</Data>
<Data Name="SubjectUserName">INFORMANT-PC$</Data>
<Data Name="SubjectDomainName">WORKGROUP</Data>
<Data Name="SubjectLogonId">0x00000000000003e7</Data>
<Data Name="AuditSourceName">VSSAudit</Data>
<Data Name="EventSourceId">0x0000000000069adb</Data>
<Data Name="ProcessId">0x0000000000000bc0</Data>
<Data Name="ProcessName">C:\Windows\System32\VSSVC.exe</Data>
</EventData>
</Event>

<Event><System><Provider Guid="{54849625-5478-4994-a5ba-3e3b0328c30d}" Name="Microsoft-Windows-Security-Auditing" />
<EventID Qualifiers="">4905</EventID>
<Version>0</Version>
<Level>0</Level>
<Task>13568</Task>
<Opcode>0</Opcode>
<Keywords>0x8020000000000000</Keywords>
<TimeCreated SystemTime="2015-03-22 15:00:20.799187" />
<EventRecordID>163</EventRecordID>
<Correlation ActivityID="" RelatedActivityID="" />
<Execution ProcessID="456" ThreadID="1648" />
<Channel>Security</Channel>
<Computer>informant-PC</Computer>
<Security UserID="" />
</System>
<EventData><Data Name="SubjectUserSid">S-1-5-18</Data>
<Data Name="SubjectUserName">INFORMANT-PC$</Data>
<Data Name="SubjectDomainName">WORKGROUP</Data>
<Data Name="SubjectLogonId">0x00000000000003e7</Data>
<Data Name="AuditSourceName">VSSAudit</Data>
<Data Name="EventSourceId">0x0000000000069adb</Data>
<Data Name="ProcessId">0x0000000000000bc0</Data>
<Data Name="ProcessName">C:\Windows\System32\VSSVC.exe</Data>
</EventData>
</Event>

<Event><System><Provider Guid="{54849625-5478-4994-a5ba-3e3b0328c30d}" Name="Microsoft-Windows-Security-Auditing" />
<EventID Qualifiers="">4904</EventID>
<Version>0</Version>
<Level>0</Level>
<Task>13568</Task>
<Opcode>0</Opcode>
<Keywords>0x8020000000000000</Keywords>
<TimeCreated SystemTime="2015-03-22 15:00:36.648815" />
<EventRecordID>164</EventRecordID>
<Correlation ActivityID="" RelatedActivityID="" />
<Execution ProcessID="456" ThreadID="1856" />
<Channel>Security</Channel>
<Computer>informant-PC</Computer>
<Security UserID="" />
</System>
<EventData><Data Name="SubjectUserSid">S-1-5-18</Data>
<Data Name="SubjectUserName">INFORMANT-PC$</Data>
<Data Name="SubjectDomainName">WORKGROUP</Data>
<Data Name="SubjectLogonId">0x00000000000003e7</Data>
<Data Name="AuditSourceName">VSSAudit</Data>
<Data Name="EventSourceId">0x00000000000835e3</Data>
<Data Name="ProcessId">0x0000000000000bc0</Data>
<Data Name="ProcessName">C:\Windows\System32\VSSVC.exe</Data>
</EventData>
</Event>

<Event><System><Provider Guid="{54849625-5478-4994-a5ba-3e3b0328c30d}" Name="Microsoft-Windows-Security-Auditing" />
<EventID Qualifiers="">4905</EventID>
<Version>0</Version>
<Level>0</Level>
<Task>13568</Task>
<Opcode>0</Opcode>
<Keywords>0x8020000000000000</Keywords>
<TimeCreated SystemTime="2015-03-22 15:00:36.648815" />
<EventRecordID>165</EventRecordID>
<Correlation ActivityID="" RelatedActivityID="" />
<Execution ProcessID="456" ThreadID="1856" />
<Channel>Security</Channel>
<Computer>informant-PC</Computer>
<Security UserID="" />
</System>
<EventData><Data Name="SubjectUserSid">S-1-5-18</Data>
<Data Name="SubjectUserName">INFORMANT-PC$</Data>
<Data Name="SubjectDomainName">WORKGROUP</Data>
<Data Name="SubjectLogonId">0x00000000000003e7</Data>
<Data Name="AuditSourceName">VSSAudit</Data>
<Data Name="EventSourceId">0x00000000000835e3</Data>
<Data Name="ProcessId">0x0000000000000bc0</Data>
<Data Name="ProcessName">C:\Windows\System32\VSSVC.exe</Data>
</EventData>
</Event>

<Event><System><Provider Guid="{54849625-5478-4994-a5ba-3e3b0328c30d}" Name="Microsoft-Windows-Security-Auditing" />
<EventID Qualifiers="">4624</EventID>
<Version>0</Version>
<Level>0</Level>
<Task>12544</Task>
<Opcode>0</Opcode>
<Keywords>0x8020000000000000</Keywords>
<TimeCreated SystemTime="2015-03-22 15:04:33.457232" />
<EventRecordID>166</EventRecordID>
<Correlation ActivityID="" RelatedActivityID="" />
<Execution ProcessID="456" ThreadID="492" />
<Channel>Security</Channel>
<Computer>informant-PC</Computer>
<Security UserID="" />
</System>
<EventData><Data Name="SubjectUserSid">S-1-5-18</Data>
<Data Name="SubjectUserName">INFORMANT-PC$</Data>
<Data Name="SubjectDomainName">WORKGROUP</Data>
<Data Name="SubjectLogonId">0x00000000000003e7</Data>
<Data Name="TargetUserSid">S-1-5-18</Data>
<Data Name="TargetUserName">SYSTEM</Data>
<Data Name="TargetDomainName">NT AUTHORITY</Data>
<Data Name="TargetLogonId">0x00000000000003e7</Data>
<Data Name="LogonType">5</Data>
<Data Name="LogonProcessName">Advapi  </Data>
<Data Name="AuthenticationPackageName">Negotiate</Data>
<Data Name="WorkstationName" />
<Data Name="LogonGuid">{00000000-0000-0000-0000-000000000000}</Data>
<Data Name="TransmittedServices">-</Data>
<Data Name="LmPackageName">-</Data>
<Data Name="KeyLength">0</Data>
<Data Name="ProcessId">0x00000000000001c0</Data>
<Data Name="ProcessName">C:\Windows\System32\services.exe</Data>
<Data Name="IpAddress">-</Data>
<Data Name="IpPort">-</Data>
</EventData>
</Event>

<Event><System><Provider Guid="{54849625-5478-4994-a5ba-3e3b0328c30d}" Name="Microsoft-Windows-Security-Auditing" />
<EventID Qualifiers="">4672</EventID>
<Version>0</Version>
<Level>0</Level>
<Task>12548</Task>
<Opcode>0</Opcode>
<Keywords>0x8020000000000000</Keywords>
<TimeCreated SystemTime="2015-03-22 15:04:33.457232" />
<EventRecordID>167</EventRecordID>
<Correlation ActivityID="" RelatedActivityID="" />
<Execution ProcessID="456" ThreadID="492" />
<Channel>Security</Channel>
<Computer>informant-PC</Computer>
<Security UserID="" />
</System>
<EventData><Data Name="SubjectUserSid">S-1-5-18</Data>
<Data Name="SubjectUserName">SYSTEM</Data>
<Data Name="SubjectDomainName">NT AUTHORITY</Data>
<Data Name="SubjectLogonId">0x00000000000003e7</Data>
<Data Name="PrivilegeList">SeAssignPrimaryTokenPrivilege
			SeTcbPrivilege
			SeSecurityPrivilege
			SeTakeOwnershipPrivilege
			SeLoadDriverPrivilege
			SeBackupPrivilege
			SeRestorePrivilege
			SeDebugPrivilege
			SeAuditPrivilege
			SeSystemEnvironmentPrivilege
			SeImpersonatePrivilege</Data>
</EventData>
</Event>

<Event><System><Provider Guid="{54849625-5478-4994-a5ba-3e3b0328c30d}" Name="Microsoft-Windows-Security-Auditing" />
<EventID Qualifiers="">4624</EventID>
<Version>0</Version>
<Level>0</Level>
<Task>12544</Task>
<Opcode>0</Opcode>
<Keywords>0x8020000000000000</Keywords>
<TimeCreated SystemTime="2015-03-22 15:12:37.117380" />
<EventRecordID>168</EventRecordID>
<Correlation ActivityID="" RelatedActivityID="" />
<Execution ProcessID="456" ThreadID="2320" />
<Channel>Security</Channel>
<Computer>informant-PC</Computer>
<Security UserID="" />
</System>
<EventData><Data Name="SubjectUserSid">S-1-5-18</Data>
<Data Name="SubjectUserName">INFORMANT-PC$</Data>
<Data Name="SubjectDomainName">WORKGROUP</Data>
<Data Name="SubjectLogonId">0x00000000000003e7</Data>
<Data Name="TargetUserSid">S-1-5-18</Data>
<Data Name="TargetUserName">SYSTEM</Data>
<Data Name="TargetDomainName">NT AUTHORITY</Data>
<Data Name="TargetLogonId">0x00000000000003e7</Data>
<Data Name="LogonType">5</Data>
<Data Name="LogonProcessName">Advapi  </Data>
<Data Name="AuthenticationPackageName">Negotiate</Data>
<Data Name="WorkstationName" />
<Data Name="LogonGuid">{00000000-0000-0000-0000-000000000000}</Data>
<Data Name="TransmittedServices">-</Data>
<Data Name="LmPackageName">-</Data>
<Data Name="KeyLength">0</Data>
<Data Name="ProcessId">0x00000000000001c0</Data>
<Data Name="ProcessName">C:\Windows\System32\services.exe</Data>
<Data Name="IpAddress">-</Data>
<Data Name="IpPort">-</Data>
</EventData>
</Event>

<Event><System><Provider Guid="{54849625-5478-4994-a5ba-3e3b0328c30d}" Name="Microsoft-Windows-Security-Auditing" />
<EventID Qualifiers="">4672</EventID>
<Version>0</Version>
<Level>0</Level>
<Task>12548</Task>
<Opcode>0</Opcode>
<Keywords>0x8020000000000000</Keywords>
<TimeCreated SystemTime="2015-03-22 15:12:37.117380" />
<EventRecordID>169</EventRecordID>
<Correlation ActivityID="" RelatedActivityID="" />
<Execution ProcessID="456" ThreadID="2320" />
<Channel>Security</Channel>
<Computer>informant-PC</Computer>
<Security UserID="" />
</System>
<EventData><Data Name="SubjectUserSid">S-1-5-18</Data>
<Data Name="SubjectUserName">SYSTEM</Data>
<Data Name="SubjectDomainName">NT AUTHORITY</Data>
<Data Name="SubjectLogonId">0x00000000000003e7</Data>
<Data Name="PrivilegeList">SeAssignPrimaryTokenPrivilege
			SeTcbPrivilege
			SeSecurityPrivilege
			SeTakeOwnershipPrivilege
			SeLoadDriverPrivilege
			SeBackupPrivilege
			SeRestorePrivilege
			SeDebugPrivilege
			SeAuditPrivilege
			SeSystemEnvironmentPrivilege
			SeImpersonatePrivilege</Data>
</EventData>
</Event>

<Event><System><Provider Guid="{54849625-5478-4994-a5ba-3e3b0328c30d}" Name="Microsoft-Windows-Security-Auditing" />
<EventID Qualifiers="">4624</EventID>
<Version>0</Version>
<Level>0</Level>
<Task>12544</Task>
<Opcode>0</Opcode>
<Keywords>0x8020000000000000</Keywords>
<TimeCreated SystemTime="2015-03-22 15:13:12.170641" />
<EventRecordID>170</EventRecordID>
<Correlation ActivityID="" RelatedActivityID="" />
<Execution ProcessID="456" ThreadID="2320" />
<Channel>Security</Channel>
<Computer>informant-PC</Computer>
<Security UserID="" />
</System>
<EventData><Data Name="SubjectUserSid">S-1-5-18</Data>
<Data Name="SubjectUserName">INFORMANT-PC$</Data>
<Data Name="SubjectDomainName">WORKGROUP</Data>
<Data Name="SubjectLogonId">0x00000000000003e7</Data>
<Data Name="TargetUserSid">S-1-5-18</Data>
<Data Name="TargetUserName">SYSTEM</Data>
<Data Name="TargetDomainName">NT AUTHORITY</Data>
<Data Name="TargetLogonId">0x00000000000003e7</Data>
<Data Name="LogonType">5</Data>
<Data Name="LogonProcessName">Advapi  </Data>
<Data Name="AuthenticationPackageName">Negotiate</Data>
<Data Name="WorkstationName" />
<Data Name="LogonGuid">{00000000-0000-0000-0000-000000000000}</Data>
<Data Name="TransmittedServices">-</Data>
<Data Name="LmPackageName">-</Data>
<Data Name="KeyLength">0</Data>
<Data Name="ProcessId">0x00000000000001c0</Data>
<Data Name="ProcessName">C:\Windows\System32\services.exe</Data>
<Data Name="IpAddress">-</Data>
<Data Name="IpPort">-</Data>
</EventData>
</Event>

<Event><System><Provider Guid="{54849625-5478-4994-a5ba-3e3b0328c30d}" Name="Microsoft-Windows-Security-Auditing" />
<EventID Qualifiers="">4672</EventID>
<Version>0</Version>
<Level>0</Level>
<Task>12548</Task>
<Opcode>0</Opcode>
<Keywords>0x8020000000000000</Keywords>
<TimeCreated SystemTime="2015-03-22 15:13:12.170641" />
<EventRecordID>171</EventRecordID>
<Correlation ActivityID="" RelatedActivityID="" />
<Execution ProcessID="456" ThreadID="2320" />
<Channel>Security</Channel>
<Computer>informant-PC</Computer>
<Security UserID="" />
</System>
<EventData><Data Name="SubjectUserSid">S-1-5-18</Data>
<Data Name="SubjectUserName">SYSTEM</Data>
<Data Name="SubjectDomainName">NT AUTHORITY</Data>
<Data Name="SubjectLogonId">0x00000000000003e7</Data>
<Data Name="PrivilegeList">SeAssignPrimaryTokenPrivilege
			SeTcbPrivilege
			SeSecurityPrivilege
			SeTakeOwnershipPrivilege
			SeLoadDriverPrivilege
			SeBackupPrivilege
			SeRestorePrivilege
			SeDebugPrivilege
			SeAuditPrivilege
			SeSystemEnvironmentPrivilege
			SeImpersonatePrivilege</Data>
</EventData>
</Event>

<Event><System><Provider Guid="{54849625-5478-4994-a5ba-3e3b0328c30d}" Name="Microsoft-Windows-Security-Auditing" />
<EventID Qualifiers="">4624</EventID>
<Version>0</Version>
<Level>0</Level>
<Task>12544</Task>
<Opcode>0</Opcode>
<Keywords>0x8020000000000000</Keywords>
<TimeCreated SystemTime="2015-03-22 15:13:12.857042" />
<EventRecordID>172</EventRecordID>
<Correlation ActivityID="" RelatedActivityID="" />
<Execution ProcessID="456" ThreadID="3756" />
<Channel>Security</Channel>
<Computer>informant-PC</Computer>
<Security UserID="" />
</System>
<EventData><Data Name="SubjectUserSid">S-1-5-18</Data>
<Data Name="SubjectUserName">INFORMANT-PC$</Data>
<Data Name="SubjectDomainName">WORKGROUP</Data>
<Data Name="SubjectLogonId">0x00000000000003e7</Data>
<Data Name="TargetUserSid">S-1-5-18</Data>
<Data Name="TargetUserName">SYSTEM</Data>
<Data Name="TargetDomainName">NT AUTHORITY</Data>
<Data Name="TargetLogonId">0x00000000000003e7</Data>
<Data Name="LogonType">5</Data>
<Data Name="LogonProcessName">Advapi  </Data>
<Data Name="AuthenticationPackageName">Negotiate</Data>
<Data Name="WorkstationName" />
<Data Name="LogonGuid">{00000000-0000-0000-0000-000000000000}</Data>
<Data Name="TransmittedServices">-</Data>
<Data Name="LmPackageName">-</Data>
<Data Name="KeyLength">0</Data>
<Data Name="ProcessId">0x00000000000001c0</Data>
<Data Name="ProcessName">C:\Windows\System32\services.exe</Data>
<Data Name="IpAddress">-</Data>
<Data Name="IpPort">-</Data>
</EventData>
</Event>

