<Event><System><Provider Guid="{54849625-5478-4994-a5ba-3e3b0328c30d}" Name="Microsoft-Windows-Security-Auditing" />
<EventID Qualifiers="">4648</EventID>
<Version>0</Version>
<Level>0</Level>
<Task>12544</Task>
<Opcode>0</Opcode>
<Keywords>0x8020000000000000</Keywords>
<TimeCreated SystemTime="2015-03-22 15:45:16.282011" />
<EventRecordID>972</EventRecordID>
<Correlation ActivityID="" RelatedActivityID="" />
<Execution ProcessID="500" ThreadID="536" />
<Channel>Security</Channel>
<Computer>informant-PC</Computer>
<Security UserID="" />
</System>
<EventData><Data Name="SubjectUserSid">S-1-5-18</Data>
<Data Name="SubjectUserName">INFORMANT-PC$</Data>
<Data Name="SubjectDomainName">WORKGROUP</Data>
<Data Name="SubjectLogonId">0x00000000000003e7</Data>
<Data Name="LogonGuid">{00000000-0000-0000-0000-000000000000}</Data>
<Data Name="TargetUserName">informant</Data>
<Data Name="TargetDomainName">informant-PC</Data>
<Data Name="TargetLogonGuid">{00000000-0000-0000-0000-000000000000}</Data>
<Data Name="TargetServerName">localhost</Data>
<Data Name="TargetInfo">localhost</Data>
<Data Name="ProcessId">0x00000000000001b8</Data>
<Data Name="ProcessName">C:\Windows\System32\winlogon.exe</Data>
<Data Name="IpAddress">127.0.0.1</Data>
<Data Name="IpPort">0</Data>
</EventData>
</Event>

<Event><System><Provider Guid="{54849625-5478-4994-a5ba-3e3b0328c30d}" Name="Microsoft-Windows-Security-Auditing" />
<EventID Qualifiers="">4624</EventID>
<Version>0</Version>
<Level>0</Level>
<Task>12544</Task>
<Opcode>0</Opcode>
<Keywords>0x8020000000000000</Keywords>
<TimeCreated SystemTime="2015-03-22 15:45:16.282011" />
<EventRecordID>973</EventRecordID>
<Correlation ActivityID="" RelatedActivityID="" />
<Execution ProcessID="500" ThreadID="536" />
<Channel>Security</Channel>
<Computer>informant-PC</Computer>
<Security UserID="" />
</System>
<EventData><Data Name="SubjectUserSid">S-1-5-18</Data>
<Data Name="SubjectUserName">INFORMANT-PC$</Data>
<Data Name="SubjectDomainName">WORKGROUP</Data>
<Data Name="SubjectLogonId">0x00000000000003e7</Data>
<Data Name="TargetUserSid">S-1-5-21-2425377081-3129163575-2985601102-1000</Data>
<Data Name="TargetUserName">informant</Data>
<Data Name="TargetDomainName">informant-PC</Data>
<Data Name="TargetLogonId">0x00000000000224e3</Data>
<Data Name="LogonType">2</Data>
<Data Name="LogonProcessName">User32 </Data>
<Data Name="AuthenticationPackageName">Negotiate</Data>
<Data Name="WorkstationName">INFORMANT-PC</Data>
<Data Name="LogonGuid">{00000000-0000-0000-0000-000000000000}</Data>
<Data Name="TransmittedServices">-</Data>
<Data Name="LmPackageName">-</Data>
<Data Name="KeyLength">0</Data>
<Data Name="ProcessId">0x00000000000001b8</Data>
<Data Name="ProcessName">C:\Windows\System32\winlogon.exe</Data>
<Data Name="IpAddress">127.0.0.1</Data>
<Data Name="IpPort">0</Data>
</EventData>
</Event>

<Event><System><Provider Guid="{54849625-5478-4994-a5ba-3e3b0328c30d}" Name="Microsoft-Windows-Security-Auditing" />
<EventID Qualifiers="">4624</EventID>
<Version>0</Version>
<Level>0</Level>
<Task>12544</Task>
<Opcode>0</Opcode>
<Keywords>0x8020000000000000</Keywords>
<TimeCreated SystemTime="2015-03-22 15:45:16.282011" />
<EventRecordID>974</EventRecordID>
<Correlation ActivityID="" RelatedActivityID="" />
<Execution ProcessID="500" ThreadID="536" />
<Channel>Security</Channel>
<Computer>informant-PC</Computer>
<Security UserID="" />
</System>
<EventData><Data Name="SubjectUserSid">S-1-5-18</Data>
<Data Name="SubjectUserName">INFORMANT-PC$</Data>
<Data Name="SubjectDomainName">WORKGROUP</Data>
<Data Name="SubjectLogonId">0x00000000000003e7</Data>
<Data Name="TargetUserSid">S-1-5-21-2425377081-3129163575-2985601102-1000</Data>
<Data Name="TargetUserName">informant</Data>
<Data Name="TargetDomainName">informant-PC</Data>
<Data Name="TargetLogonId">0x0000000000022517</Data>
<Data Name="LogonType">2</Data>
<Data Name="LogonProcessName">User32 </Data>
<Data Name="AuthenticationPackageName">Negotiate</Data>
<Data Name="WorkstationName">INFORMANT-PC</Data>
<Data Name="LogonGuid">{00000000-0000-0000-0000-000000000000}</Data>
<Data Name="TransmittedServices">-</Data>
<Data Name="LmPackageName">-</Data>
<Data Name="KeyLength">0</Data>
<Data Name="ProcessId">0x00000000000001b8</Data>
<Data Name="ProcessName">C:\Windows\System32\winlogon.exe</Data>
<Data Name="IpAddress">127.0.0.1</Data>
<Data Name="IpPort">0</Data>
</EventData>
</Event>

<Event><System><Provider Guid="{54849625-5478-4994-a5ba-3e3b0328c30d}" Name="Microsoft-Windows-Security-Auditing" />
<EventID Qualifiers="">4672</EventID>
<Version>0</Version>
<Level>0</Level>
<Task>12548</Task>
<Opcode>0</Opcode>
<Keywords>0x8020000000000000</Keywords>
<TimeCreated SystemTime="2015-03-22 15:45:16.282011" />
<EventRecordID>975</EventRecordID>
<Correlation ActivityID="" RelatedActivityID="" />
<Execution ProcessID="500" ThreadID="536" />
<Channel>Security</Channel>
<Computer>informant-PC</Computer>
<Security UserID="" />
</System>
<EventData><Data Name="SubjectUserSid">S-1-5-21-2425377081-3129163575-2985601102-1000</Data>
<Data Name="SubjectUserName">informant</Data>
<Data Name="SubjectDomainName">informant-PC</Data>
<Data Name="SubjectLogonId">0x00000000000224e3</Data>
<Data Name="PrivilegeList">SeSecurityPrivilege
			SeTakeOwnershipPrivilege
			SeLoadDriverPrivilege
			SeBackupPrivilege
			SeRestorePrivilege
			SeDebugPrivilege
			SeSystemEnvironmentPrivilege
			SeImpersonatePrivilege</Data>
</EventData>
</Event>

<Event><System><Provider Guid="{54849625-5478-4994-a5ba-3e3b0328c30d}" Name="Microsoft-Windows-Security-Auditing" />
<EventID Qualifiers="">4624</EventID>
<Version>0</Version>
<Level>0</Level>
<Task>12544</Task>
<Opcode>0</Opcode>
<Keywords>0x8020000000000000</Keywords>
<TimeCreated SystemTime="2015-03-22 15:45:31.129238" />
<EventRecordID>976</EventRecordID>
<Correlation ActivityID="" RelatedActivityID="" />
<Execution ProcessID="500" ThreadID="596" />
<Channel>Security</Channel>
<Computer>informant-PC</Computer>
<Security UserID="" />
</System>
<EventData><Data Name="SubjectUserSid">S-1-5-18</Data>
<Data Name="SubjectUserName">INFORMANT-PC$</Data>
<Data Name="SubjectDomainName">WORKGROUP</Data>
<Data Name="SubjectLogonId">0x00000000000003e7</Data>
<Data Name="TargetUserSid">S-1-5-18</Data>
<Data Name="TargetUserName">SYSTEM</Data>
<Data Name="TargetDomainName">NT AUTHORITY</Data>
<Data Name="TargetLogonId">0x00000000000003e7</Data>
<Data Name="LogonType">5</Data>
<Data Name="LogonProcessName">Advapi  </Data>
<Data Name="AuthenticationPackageName">Negotiate</Data>
<Data Name="WorkstationName" />
<Data Name="LogonGuid">{00000000-0000-0000-0000-000000000000}</Data>
<Data Name="TransmittedServices">-</Data>
<Data Name="LmPackageName">-</Data>
<Data Name="KeyLength">0</Data>
<Data Name="ProcessId">0x00000000000001e4</Data>
<Data Name="ProcessName">C:\Windows\System32\services.exe</Data>
<Data Name="IpAddress">-</Data>
<Data Name="IpPort">-</Data>
</EventData>
</Event>

<Event><System><Provider Guid="{54849625-5478-4994-a5ba-3e3b0328c30d}" Name="Microsoft-Windows-Security-Auditing" />
<EventID Qualifiers="">4672</EventID>
<Version>0</Version>
<Level>0</Level>
<Task>12548</Task>
<Opcode>0</Opcode>
<Keywords>0x8020000000000000</Keywords>
<TimeCreated SystemTime="2015-03-22 15:45:31.129238" />
<EventRecordID>977</EventRecordID>
<Correlation ActivityID="" RelatedActivityID="" />
<Execution ProcessID="500" ThreadID="596" />
<Channel>Security</Channel>
<Computer>informant-PC</Computer>
<Security UserID="" />
</System>
<EventData><Data Name="SubjectUserSid">S-1-5-18</Data>
<Data Name="SubjectUserName">SYSTEM</Data>
<Data Name="SubjectDomainName">NT AUTHORITY</Data>
<Data Name="SubjectLogonId">0x00000000000003e7</Data>
<Data Name="PrivilegeList">SeAssignPrimaryTokenPrivilege
			SeTcbPrivilege
			SeSecurityPrivilege
			SeTakeOwnershipPrivilege
			SeLoadDriverPrivilege
			SeBackupPrivilege
			SeRestorePrivilege
			SeDebugPrivilege
			SeAuditPrivilege
			SeSystemEnvironmentPrivilege
			SeImpersonatePrivilege</Data>
</EventData>
</Event>

<Event><System><Provider Guid="{54849625-5478-4994-a5ba-3e3b0328c30d}" Name="Microsoft-Windows-Security-Auditing" />
<EventID Qualifiers="">4624</EventID>
<Version>0</Version>
<Level>0</Level>
<Task>12544</Task>
<Opcode>0</Opcode>
<Keywords>0x8020000000000000</Keywords>
<TimeCreated SystemTime="2015-03-22 15:45:45.700264" />
<EventRecordID>978</EventRecordID>
<Correlation ActivityID="" RelatedActivityID="" />
<Execution ProcessID="500" ThreadID="596" />
<Channel>Security</Channel>
<Computer>informant-PC</Computer>
<Security UserID="" />
</System>
<EventData><Data Name="SubjectUserSid">S-1-5-18</Data>
<Data Name="SubjectUserName">INFORMANT-PC$</Data>
<Data Name="SubjectDomainName">WORKGROUP</Data>
<Data Name="SubjectLogonId">0x00000000000003e7</Data>
<Data Name="TargetUserSid">S-1-5-18</Data>
<Data Name="TargetUserName">SYSTEM</Data>
<Data Name="TargetDomainName">NT AUTHORITY</Data>
<Data Name="TargetLogonId">0x00000000000003e7</Data>
<Data Name="LogonType">5</Data>
<Data Name="LogonProcessName">Advapi  </Data>
<Data Name="AuthenticationPackageName">Negotiate</Data>
<Data Name="WorkstationName" />
<Data Name="LogonGuid">{00000000-0000-0000-0000-000000000000}</Data>
<Data Name="TransmittedServices">-</Data>
<Data Name="LmPackageName">-</Data>
<Data Name="KeyLength">0</Data>
<Data Name="ProcessId">0x00000000000001e4</Data>
<Data Name="ProcessName">C:\Windows\System32\services.exe</Data>
<Data Name="IpAddress">-</Data>
<Data Name="IpPort">-</Data>
</EventData>
</Event>

<Event><System><Provider Guid="{54849625-5478-4994-a5ba-3e3b0328c30d}" Name="Microsoft-Windows-Security-Auditing" />
<EventID Qualifiers="">4672</EventID>
<Version>0</Version>
<Level>0</Level>
<Task>12548</Task>
<Opcode>0</Opcode>
<Keywords>0x8020000000000000</Keywords>
<TimeCreated SystemTime="2015-03-22 15:45:45.700264" />
<EventRecordID>979</EventRecordID>
<Correlation ActivityID="" RelatedActivityID="" />
<Execution ProcessID="500" ThreadID="596" />
<Channel>Security</Channel>
<Computer>informant-PC</Computer>
<Security UserID="" />
</System>
<EventData><Data Name="SubjectUserSid">S-1-5-18</Data>
<Data Name="SubjectUserName">SYSTEM</Data>
<Data Name="SubjectDomainName">NT AUTHORITY</Data>
<Data Name="SubjectLogonId">0x00000000000003e7</Data>
<Data Name="PrivilegeList">SeAssignPrimaryTokenPrivilege
			SeTcbPrivilege
			SeSecurityPrivilege
			SeTakeOwnershipPrivilege
			SeLoadDriverPrivilege
			SeBackupPrivilege
			SeRestorePrivilege
			SeDebugPrivilege
			SeAuditPrivilege
			SeSystemEnvironmentPrivilege
			SeImpersonatePrivilege</Data>
</EventData>
</Event>

<Event><System><Provider Guid="{54849625-5478-4994-a5ba-3e3b0328c30d}" Name="Microsoft-Windows-Security-Auditing" />
<EventID Qualifiers="">4624</EventID>
<Version>0</Version>
<Level>0</Level>
<Task>12544</Task>
<Opcode>0</Opcode>
<Keywords>0x8020000000000000</Keywords>
<TimeCreated SystemTime="2015-03-22 15:47:37.490059" />
<EventRecordID>980</EventRecordID>
<Correlation ActivityID="" RelatedActivityID="" />
<Execution ProcessID="500" ThreadID="596" />
<Channel>Security</Channel>
<Computer>informant-PC</Computer>
<Security UserID="" />
</System>
<EventData><Data Name="SubjectUserSid">S-1-5-18</Data>
<Data Name="SubjectUserName">INFORMANT-PC$</Data>
<Data Name="SubjectDomainName">WORKGROUP</Data>
<Data Name="SubjectLogonId">0x00000000000003e7</Data>
<Data Name="TargetUserSid">S-1-5-18</Data>
<Data Name="TargetUserName">SYSTEM</Data>
<Data Name="TargetDomainName">NT AUTHORITY</Data>
<Data Name="TargetLogonId">0x00000000000003e7</Data>
<Data Name="LogonType">5</Data>
<Data Name="LogonProcessName">Advapi  </Data>
<Data Name="AuthenticationPackageName">Negotiate</Data>
<Data Name="WorkstationName" />
<Data Name="LogonGuid">{00000000-0000-0000-0000-000000000000}</Data>
<Data Name="TransmittedServices">-</Data>
<Data Name="LmPackageName">-</Data>
<Data Name="KeyLength">0</Data>
<Data Name="ProcessId">0x00000000000001e4</Data>
<Data Name="ProcessName">C:\Windows\System32\services.exe</Data>
<Data Name="IpAddress">-</Data>
<Data Name="IpPort">-</Data>
</EventData>
</Event>

<Event><System><Provider Guid="{54849625-5478-4994-a5ba-3e3b0328c30d}" Name="Microsoft-Windows-Security-Auditing" />
<EventID Qualifiers="">4672</EventID>
<Version>0</Version>
<Level>0</Level>
<Task>12548</Task>
<Opcode>0</Opcode>
<Keywords>0x8020000000000000</Keywords>
<TimeCreated SystemTime="2015-03-22 15:47:37.490059" />
<EventRecordID>981</EventRecordID>
<Correlation ActivityID="" RelatedActivityID="" />
<Execution ProcessID="500" ThreadID="596" />
<Channel>Security</Channel>
<Computer>informant-PC</Computer>
<Security UserID="" />
</System>
<EventData><Data Name="SubjectUserSid">S-1-5-18</Data>
<Data Name="SubjectUserName">SYSTEM</Data>
<Data Name="SubjectDomainName">NT AUTHORITY</Data>
<Data Name="SubjectLogonId">0x00000000000003e7</Data>
<Data Name="PrivilegeList">SeAssignPrimaryTokenPrivilege
			SeTcbPrivilege
			SeSecurityPrivilege
			SeTakeOwnershipPrivilege
			SeLoadDriverPrivilege
			SeBackupPrivilege
			SeRestorePrivilege
			SeDebugPrivilege
			SeAuditPrivilege
			SeSystemEnvironmentPrivilege
			SeImpersonatePrivilege</Data>
</EventData>
</Event>

<Event><System><Provider Guid="{54849625-5478-4994-a5ba-3e3b0328c30d}" Name="Microsoft-Windows-Security-Auditing" />
<EventID Qualifiers="">4738</EventID>
<Version>0</Version>
<Level>0</Level>
<Task>13824</Task>
<Opcode>0</Opcode>
<Keywords>0x8020000000000000</Keywords>
<TimeCreated SystemTime="2015-03-22 15:51:37.681681" />
<EventRecordID>982</EventRecordID>
<Correlation ActivityID="" RelatedActivityID="" />
<Execution ProcessID="500" ThreadID="2568" />
<Channel>Security</Channel>
<Computer>informant-PC</Computer>
<Security UserID="" />
</System>
<EventData><Data Name="Dummy">-</Data>
<Data Name="TargetUserName">informant</Data>
<Data Name="TargetDomainName">informant-PC</Data>
<Data Name="TargetSid">S-1-5-21-2425377081-3129163575-2985601102-1000</Data>
<Data Name="SubjectUserSid">S-1-5-21-2425377081-3129163575-2985601102-1000</Data>
<Data Name="SubjectUserName">informant</Data>
<Data Name="SubjectDomainName">informant-PC</Data>
<Data Name="SubjectLogonId">0x0000000000022517</Data>
<Data Name="PrivilegeList">-</Data>
<Data Name="SamAccountName">-</Data>
<Data Name="DisplayName">-</Data>
<Data Name="UserPrincipalName">-</Data>
<Data Name="HomeDirectory">-</Data>
<Data Name="HomePath">-</Data>
<Data Name="ScriptPath">-</Data>
<Data Name="ProfilePath">-</Data>
<Data Name="UserWorkstations">-</Data>
<Data Name="PasswordLastSet">-</Data>
<Data Name="AccountExpires">-</Data>
<Data Name="PrimaryGroupId">-</Data>
<Data Name="AllowedToDelegateTo">-</Data>
<Data Name="OldUacValue">-</Data>
<Data Name="NewUacValue">-</Data>
<Data Name="UserAccountControl">-</Data>
<Data Name="UserParameters">-</Data>
<Data Name="SidHistory">-</Data>
<Data Name="LogonHours">-</Data>
</EventData>
</Event>

<Event><System><Provider Guid="{54849625-5478-4994-a5ba-3e3b0328c30d}" Name="Microsoft-Windows-Security-Auditing" />
<EventID Qualifiers="">4728</EventID>
<Version>0</Version>
<Level>0</Level>
<Task>13826</Task>
<Opcode>0</Opcode>
<Keywords>0x8020000000000000</Keywords>
<TimeCreated SystemTime="2015-03-22 15:51:54.524311" />
<EventRecordID>983</EventRecordID>
<Correlation ActivityID="" RelatedActivityID="" />
<Execution ProcessID="500" ThreadID="2568" />
<Channel>Security</Channel>
<Computer>informant-PC</Computer>
<Security UserID="" />
</System>
<EventData><Data Name="MemberName">-</Data>
<Data Name="MemberSid">S-1-5-21-2425377081-3129163575-2985601102-1001</Data>
<Data Name="TargetUserName">None</Data>
<Data Name="TargetDomainName">informant-PC</Data>
<Data Name="TargetSid">S-1-5-21-2425377081-3129163575-2985601102-513</Data>
<Data Name="SubjectUserSid">S-1-5-21-2425377081-3129163575-2985601102-1000</Data>
<Data Name="SubjectUserName">informant</Data>
<Data Name="SubjectDomainName">informant-PC</Data>
<Data Name="SubjectLogonId">0x00000000000224e3</Data>
<Data Name="PrivilegeList">-</Data>
</EventData>
</Event>

<Event><System><Provider Guid="{54849625-5478-4994-a5ba-3e3b0328c30d}" Name="Microsoft-Windows-Security-Auditing" />
<EventID Qualifiers="">4720</EventID>
<Version>0</Version>
<Level>0</Level>
<Task>13824</Task>
<Opcode>0</Opcode>
<Keywords>0x8020000000000000</Keywords>
<TimeCreated SystemTime="2015-03-22 15:51:54.524311" />
<EventRecordID>984</EventRecordID>
<Correlation ActivityID="" RelatedActivityID="" />
<Execution ProcessID="500" ThreadID="2568" />
<Channel>Security</Channel>
<Computer>informant-PC</Computer>
<Security UserID="" />
</System>
<EventData><Data Name="TargetUserName">admin11</Data>
<Data Name="TargetDomainName">informant-PC</Data>
<Data Name="TargetSid">S-1-5-21-2425377081-3129163575-2985601102-1001</Data>
<Data Name="SubjectUserSid">S-1-5-21-2425377081-3129163575-2985601102-1000</Data>
<Data Name="SubjectUserName">informant</Data>
<Data Name="SubjectDomainName">informant-PC</Data>
<Data Name="SubjectLogonId">0x00000000000224e3</Data>
<Data Name="PrivilegeList">-</Data>
<Data Name="SamAccountName">admin11</Data>
<Data Name="DisplayName">%%1793</Data>
<Data Name="UserPrincipalName">-</Data>
<Data Name="HomeDirectory">%%1793</Data>
<Data Name="HomePath">%%1793</Data>
<Data Name="ScriptPath">%%1793</Data>
<Data Name="ProfilePath">%%1793</Data>
<Data Name="UserWorkstations">%%1793</Data>
<Data Name="PasswordLastSet">%%1794</Data>
<Data Name="AccountExpires">%%1794</Data>
<Data Name="PrimaryGroupId">513</Data>
<Data Name="AllowedToDelegateTo">-</Data>
<Data Name="OldUacValue">0x0</Data>
<Data Name="NewUacValue">0x15</Data>
<Data Name="UserAccountControl">
		%%2080
		%%2082
		%%2084</Data>
<Data Name="UserParameters">%%1793</Data>
<Data Name="SidHistory">-</Data>
<Data Name="LogonHours">%%1797</Data>
</EventData>
</Event>

<Event><System><Provider Guid="{54849625-5478-4994-a5ba-3e3b0328c30d}" Name="Microsoft-Windows-Security-Auditing" />
<EventID Qualifiers="">4722</EventID>
<Version>0</Version>
<Level>0</Level>
<Task>13824</Task>
<Opcode>0</Opcode>
<Keywords>0x8020000000000000</Keywords>
<TimeCreated SystemTime="2015-03-22 15:51:54.524311" />
<EventRecordID>985</EventRecordID>
<Correlation ActivityID="" RelatedActivityID="" />
<Execution ProcessID="500" ThreadID="2568" />
<Channel>Security</Channel>
<Computer>informant-PC</Computer>
<Security UserID="" />
</System>
<EventData><Data Name="TargetUserName">admin11</Data>
<Data Name="TargetDomainName">informant-PC</Data>
<Data Name="TargetSid">S-1-5-21-2425377081-3129163575-2985601102-1001</Data>
<Data Name="SubjectUserSid">S-1-5-21-2425377081-3129163575-2985601102-1000</Data>
<Data Name="SubjectUserName">informant</Data>
<Data Name="SubjectDomainName">informant-PC</Data>
<Data Name="SubjectLogonId">0x00000000000224e3</Data>
</EventData>
</Event>

<Event><System><Provider Guid="{54849625-5478-4994-a5ba-3e3b0328c30d}" Name="Microsoft-Windows-Security-Auditing" />
<EventID Qualifiers="">4738</EventID>
<Version>0</Version>
<Level>0</Level>
<Task>13824</Task>
<Opcode>0</Opcode>
<Keywords>0x8020000000000000</Keywords>
<TimeCreated SystemTime="2015-03-22 15:51:54.524311" />
<EventRecordID>986</EventRecordID>
<Correlation ActivityID="" RelatedActivityID="" />
<Execution ProcessID="500" ThreadID="2568" />
<Channel>Security</Channel>
<Computer>informant-PC</Computer>
<Security UserID="" />
</System>
<EventData><Data Name="Dummy">-</Data>
<Data Name="TargetUserName">admin11</Data>
<Data Name="TargetDomainName">informant-PC</Data>
<Data Name="TargetSid">S-1-5-21-2425377081-3129163575-2985601102-1001</Data>
<Data Name="SubjectUserSid">S-1-5-21-2425377081-3129163575-2985601102-1000</Data>
<Data Name="SubjectUserName">informant</Data>
<Data Name="SubjectDomainName">informant-PC</Data>
<Data Name="SubjectLogonId">0x00000000000224e3</Data>
<Data Name="PrivilegeList">-</Data>
<Data Name="SamAccountName">admin11</Data>
<Data Name="DisplayName">admin11</Data>
<Data Name="UserPrincipalName">-</Data>
<Data Name="HomeDirectory">%%1793</Data>
<Data Name="HomePath">%%1793</Data>
<Data Name="ScriptPath">%%1793</Data>
<Data Name="ProfilePath">%%1793</Data>
<Data Name="UserWorkstations">%%1793</Data>
<Data Name="PasswordLastSet">%%1794</Data>
<Data Name="AccountExpires">%%1794</Data>
<Data Name="PrimaryGroupId">513</Data>
<Data Name="AllowedToDelegateTo">-</Data>
<Data Name="OldUacValue">0x15</Data>
<Data Name="NewUacValue">0x210</Data>
<Data Name="UserAccountControl">
		%%2048
		%%2050
		%%2089</Data>
<Data Name="UserParameters">%%1793</Data>
<Data Name="SidHistory">-</Data>
<Data Name="LogonHours">%%1797</Data>
</EventData>
</Event>

<Event><System><Provider Guid="{54849625-5478-4994-a5ba-3e3b0328c30d}" Name="Microsoft-Windows-Security-Auditing" />
<EventID Qualifiers="">4732</EventID>
<Version>0</Version>
<Level>0</Level>
<Task>13826</Task>
<Opcode>0</Opcode>
<Keywords>0x8020000000000000</Keywords>
<TimeCreated SystemTime="2015-03-22 15:51:54.524311" />
<EventRecordID>987</EventRecordID>
<Correlation ActivityID="" RelatedActivityID="" />
<Execution ProcessID="500" ThreadID="2568" />
<Channel>Security</Channel>
<Computer>informant-PC</Computer>
<Security UserID="" />
</System>
<EventData><Data Name="MemberName">-</Data>
<Data Name="MemberSid">S-1-5-21-2425377081-3129163575-2985601102-1001</Data>
<Data Name="TargetUserName">Users</Data>
<Data Name="TargetDomainName">Builtin</Data>
<Data Name="TargetSid">S-1-5-32-545</Data>
<Data Name="SubjectUserSid">S-1-5-21-2425377081-3129163575-2985601102-1000</Data>
<Data Name="SubjectUserName">informant</Data>
<Data Name="SubjectDomainName">informant-PC</Data>
<Data Name="SubjectLogonId">0x00000000000224e3</Data>
<Data Name="PrivilegeList">-</Data>
</EventData>
</Event>

<Event><System><Provider Guid="{54849625-5478-4994-a5ba-3e3b0328c30d}" Name="Microsoft-Windows-Security-Auditing" />
<EventID Qualifiers="">4738</EventID>
<Version>0</Version>
<Level>0</Level>
<Task>13824</Task>
<Opcode>0</Opcode>
<Keywords>0x8020000000000000</Keywords>
<TimeCreated SystemTime="2015-03-22 15:51:54.539913" />
<EventRecordID>988</EventRecordID>
<Correlation ActivityID="" RelatedActivityID="" />
<Execution ProcessID="500" ThreadID="2568" />
<Channel>Security</Channel>
<Computer>informant-PC</Computer>
<Security UserID="" />
</System>
<EventData><Data Name="Dummy">-</Data>
<Data Name="TargetUserName">admin11</Data>
<Data Name="TargetDomainName">informant-PC</Data>
<Data Name="TargetSid">S-1-5-21-2425377081-3129163575-2985601102-1001</Data>
<Data Name="SubjectUserSid">S-1-5-21-2425377081-3129163575-2985601102-1000</Data>
<Data Name="SubjectUserName">informant</Data>
<Data Name="SubjectDomainName">informant-PC</Data>
<Data Name="SubjectLogonId">0x00000000000224e3</Data>
<Data Name="PrivilegeList">-</Data>
<Data Name="SamAccountName">-</Data>
<Data Name="DisplayName">-</Data>
<Data Name="UserPrincipalName">-</Data>
<Data Name="HomeDirectory">-</Data>
<Data Name="HomePath">-</Data>
<Data Name="ScriptPath">-</Data>
<Data Name="ProfilePath">-</Data>
<Data Name="UserWorkstations">-</Data>
<Data Name="PasswordLastSet">-</Data>
<Data Name="AccountExpires">-</Data>
<Data Name="PrimaryGroupId">-</Data>
<Data Name="AllowedToDelegateTo">-</Data>
<Data Name="OldUacValue">-</Data>
<Data Name="NewUacValue">-</Data>
<Data Name="UserAccountControl">-</Data>
<Data Name="UserParameters">-</Data>
<Data Name="SidHistory">-</Data>
<Data Name="LogonHours">-</Data>
</EventData>
</Event>

<Event><System><Provider Guid="{54849625-5478-4994-a5ba-3e3b0328c30d}" Name="Microsoft-Windows-Security-Auditing" />
<EventID Qualifiers="">4732</EventID>
<Version>0</Version>
<Level>0</Level>
<Task>13826</Task>
<Opcode>0</Opcode>
<Keywords>0x8020000000000000</Keywords>
<TimeCreated SystemTime="2015-03-22 15:51:54.617912" />
<EventRecordID>989</EventRecordID>
<Correlation ActivityID="" RelatedActivityID="" />
<Execution ProcessID="500" ThreadID="2568" />
<Channel>Security</Channel>
<Computer>informant-PC</Computer>
<Security UserID="" />
</System>
<EventData><Data Name="MemberName">-</Data>
<Data Name="MemberSid">S-1-5-21-2425377081-3129163575-2985601102-1001</Data>
<Data Name="TargetUserName">Administrators</Data>
<Data Name="TargetDomainName">Builtin</Data>
<Data Name="TargetSid">S-1-5-32-544</Data>
<Data Name="SubjectUserSid">S-1-5-21-2425377081-3129163575-2985601102-1000</Data>
<Data Name="SubjectUserName">informant</Data>
<Data Name="SubjectDomainName">informant-PC</Data>
<Data Name="SubjectLogonId">0x00000000000224e3</Data>
<Data Name="PrivilegeList">-</Data>
</EventData>
</Event>

<Event><System><Provider Guid="{54849625-5478-4994-a5ba-3e3b0328c30d}" Name="Microsoft-Windows-Security-Auditing" />
<EventID Qualifiers="">4738</EventID>
<Version>0</Version>
<Level>0</Level>
<Task>13824</Task>
<Opcode>0</Opcode>
<Keywords>0x8020000000000000</Keywords>
<TimeCreated SystemTime="2015-03-22 15:51:54.617912" />
<EventRecordID>990</EventRecordID>
<Correlation ActivityID="" RelatedActivityID="" />
<Execution ProcessID="500" ThreadID="536" />
<Channel>Security</Channel>
<Computer>informant-PC</Computer>
<Security UserID="" />
</System>
<EventData><Data Name="Dummy">-</Data>
<Data Name="TargetUserName">admin11</Data>
<Data Name="TargetDomainName">informant-PC</Data>
<Data Name="TargetSid">S-1-5-21-2425377081-3129163575-2985601102-1001</Data>
<Data Name="SubjectUserSid">S-1-5-21-2425377081-3129163575-2985601102-1000</Data>
<Data Name="SubjectUserName">informant</Data>
<Data Name="SubjectDomainName">informant-PC</Data>
<Data Name="SubjectLogonId">0x00000000000224e3</Data>
<Data Name="PrivilegeList">-</Data>
<Data Name="SamAccountName">admin11</Data>
<Data Name="DisplayName">admin11</Data>
<Data Name="UserPrincipalName">-</Data>
<Data Name="HomeDirectory">%%1793</Data>
<Data Name="HomePath">%%1793</Data>
<Data Name="ScriptPath">%%1793</Data>
<Data Name="ProfilePath">%%1793</Data>
<Data Name="UserWorkstations">%%1793</Data>
<Data Name="PasswordLastSet">%%1794</Data>
<Data Name="AccountExpires">%%1794</Data>
<Data Name="PrimaryGroupId">513</Data>
<Data Name="AllowedToDelegateTo">-</Data>
<Data Name="OldUacValue">0x210</Data>
<Data Name="NewUacValue">0x210</Data>
<Data Name="UserAccountControl">-</Data>
<Data Name="UserParameters">%%1793</Data>
<Data Name="SidHistory">-</Data>
<Data Name="LogonHours">%%1797</Data>
</EventData>
</Event>

<Event><System><Provider Guid="{54849625-5478-4994-a5ba-3e3b0328c30d}" Name="Microsoft-Windows-Security-Auditing" />
<EventID Qualifiers="">4738</EventID>
<Version>0</Version>
<Level>0</Level>
<Task>13824</Task>
<Opcode>0</Opcode>
<Keywords>0x8020000000000000</Keywords>
<TimeCreated SystemTime="2015-03-22 15:52:10.872742" />
<EventRecordID>991</EventRecordID>
<Correlation ActivityID="" RelatedActivityID="" />
<Execution ProcessID="500" ThreadID="536" />
<Channel>Security</Channel>
<Computer>informant-PC</Computer>
<Security UserID="" />
</System>
<EventData><Data Name="Dummy">-</Data>
<Data Name="TargetUserName">admin11</Data>
<Data Name="TargetDomainName">informant-PC</Data>
<Data Name="TargetSid">S-1-5-21-2425377081-3129163575-2985601102-1001</Data>
<Data Name="SubjectUserSid">S-1-5-21-2425377081-3129163575-2985601102-1000</Data>
<Data Name="SubjectUserName">informant</Data>
<Data Name="SubjectDomainName">informant-PC</Data>
<Data Name="SubjectLogonId">0x00000000000224e3</Data>
<Data Name="PrivilegeList">-</Data>
<Data Name="SamAccountName">admin11</Data>
<Data Name="DisplayName">admin11</Data>
<Data Name="UserPrincipalName">-</Data>
<Data Name="HomeDirectory">%%1793</Data>
<Data Name="HomePath">%%1793</Data>
<Data Name="ScriptPath">%%1793</Data>
<Data Name="ProfilePath">%%1793</Data>
<Data Name="UserWorkstations">%%1793</Data>
<Data Name="PasswordLastSet">3/22/2015 11:52:10 AM</Data>
<Data Name="AccountExpires">%%1794</Data>
<Data Name="PrimaryGroupId">513</Data>
<Data Name="AllowedToDelegateTo">-</Data>
<Data Name="OldUacValue">0x210</Data>
<Data Name="NewUacValue">0x210</Data>
<Data Name="UserAccountControl">-</Data>
<Data Name="UserParameters">-</Data>
<Data Name="SidHistory">-</Data>
<Data Name="LogonHours">%%1797</Data>
</EventData>
</Event>

<Event><System><Provider Guid="{54849625-5478-4994-a5ba-3e3b0328c30d}" Name="Microsoft-Windows-Security-Auditing" />
<EventID Qualifiers="">4724</EventID>
<Version>0</Version>
<Level>0</Level>
<Task>13824</Task>
<Opcode>0</Opcode>
<Keywords>0x8020000000000000</Keywords>
<TimeCreated SystemTime="2015-03-22 15:52:10.872742" />
<EventRecordID>992</EventRecordID>
<Correlation ActivityID="" RelatedActivityID="" />
<Execution ProcessID="500" ThreadID="536" />
<Channel>Security</Channel>
<Computer>informant-PC</Computer>
<Security UserID="" />
</System>
<EventData><Data Name="TargetUserName">admin11</Data>
<Data Name="TargetDomainName">informant-PC</Data>
<Data Name="TargetSid">S-1-5-21-2425377081-3129163575-2985601102-1001</Data>
<Data Name="SubjectUserSid">S-1-5-21-2425377081-3129163575-2985601102-1000</Data>
<Data Name="SubjectUserName">informant</Data>
<Data Name="SubjectDomainName">informant-PC</Data>
<Data Name="SubjectLogonId">0x00000000000224e3</Data>
</EventData>
</Event>

<Event><System><Provider Guid="{54849625-5478-4994-a5ba-3e3b0328c30d}" Name="Microsoft-Windows-Security-Auditing" />
<EventID Qualifiers="">4738</EventID>
<Version>0</Version>
<Level>0</Level>
<Task>13824</Task>
<Opcode>0</Opcode>
<Keywords>0x8020000000000000</Keywords>
<TimeCreated SystemTime="2015-03-22 15:52:17.881954" />
<EventRecordID>993</EventRecordID>
<Correlation ActivityID="" RelatedActivityID="" />
<Execution ProcessID="500" ThreadID="2568" />
<Channel>Security</Channel>
<Computer>informant-PC</Computer>
<Security UserID="" />
</System>
<EventData><Data Name="Dummy">-</Data>
<Data Name="TargetUserName">admin11</Data>
<Data Name="TargetDomainName">informant-PC</Data>
<Data Name="TargetSid">S-1-5-21-2425377081-3129163575-2985601102-1001</Data>
<Data Name="SubjectUserSid">S-1-5-21-2425377081-3129163575-2985601102-1000</Data>
<Data Name="SubjectUserName">informant</Data>
<Data Name="SubjectDomainName">informant-PC</Data>
<Data Name="SubjectLogonId">0x00000000000224e3</Data>
<Data Name="PrivilegeList">-</Data>
<Data Name="SamAccountName">-</Data>
<Data Name="DisplayName">-</Data>
<Data Name="UserPrincipalName">-</Data>
<Data Name="HomeDirectory">-</Data>
<Data Name="HomePath">-</Data>
<Data Name="ScriptPath">-</Data>
<Data Name="ProfilePath">-</Data>
<Data Name="UserWorkstations">-</Data>
<Data Name="PasswordLastSet">-</Data>
<Data Name="AccountExpires">-</Data>
<Data Name="PrimaryGroupId">-</Data>
<Data Name="AllowedToDelegateTo">-</Data>
<Data Name="OldUacValue">-</Data>
<Data Name="NewUacValue">-</Data>
<Data Name="UserAccountControl">-</Data>
<Data Name="UserParameters">-</Data>
<Data Name="SidHistory">-</Data>
<Data Name="LogonHours">-</Data>
</EventData>
</Event>

<Event><System><Provider Guid="{54849625-5478-4994-a5ba-3e3b0328c30d}" Name="Microsoft-Windows-Security-Auditing" />
<EventID Qualifiers="">4728</EventID>
<Version>0</Version>
<Level>0</Level>
<Task>13826</Task>
<Opcode>0</Opcode>
<Keywords>0x8020000000000000</Keywords>
<TimeCreated SystemTime="2015-03-22 15:52:30.742777" />
<EventRecordID>994</EventRecordID>
<Correlation ActivityID="" RelatedActivityID="" />
<Execution ProcessID="500" ThreadID="2568" />
<Channel>Security</Channel>
<Computer>informant-PC</Computer>
<Security UserID="" />
</System>
<EventData><Data Name="MemberName">-</Data>
<Data Name="MemberSid">S-1-5-21-2425377081-3129163575-2985601102-1002</Data>
<Data Name="TargetUserName">None</Data>
<Data Name="TargetDomainName">informant-PC</Data>
<Data Name="TargetSid">S-1-5-21-2425377081-3129163575-2985601102-513</Data>
<Data Name="SubjectUserSid">S-1-5-21-2425377081-3129163575-2985601102-1000</Data>
<Data Name="SubjectUserName">informant</Data>
<Data Name="SubjectDomainName">informant-PC</Data>
<Data Name="SubjectLogonId">0x00000000000224e3</Data>
<Data Name="PrivilegeList">-</Data>
</EventData>
</Event>

<Event><System><Provider Guid="{54849625-5478-4994-a5ba-3e3b0328c30d}" Name="Microsoft-Windows-Security-Auditing" />
<EventID Qualifiers="">4720</EventID>
<Version>0</Version>
<Level>0</Level>
<Task>13824</Task>
<Opcode>0</Opcode>
<Keywords>0x8020000000000000</Keywords>
<TimeCreated SystemTime="2015-03-22 15:52:30.742777" />
<EventRecordID>995</EventRecordID>
<Correlation ActivityID="" RelatedActivityID="" />
<Execution ProcessID="500" ThreadID="2568" />
<Channel>Security</Channel>
<Computer>informant-PC</Computer>
<Security UserID="" />
</System>
<EventData><Data Name="TargetUserName">ITechTeam</Data>
<Data Name="TargetDomainName">informant-PC</Data>
<Data Name="TargetSid">S-1-5-21-2425377081-3129163575-2985601102-1002</Data>
<Data Name="SubjectUserSid">S-1-5-21-2425377081-3129163575-2985601102-1000</Data>
<Data Name="SubjectUserName">informant</Data>
<Data Name="SubjectDomainName">informant-PC</Data>
<Data Name="SubjectLogonId">0x00000000000224e3</Data>
<Data Name="PrivilegeList">-</Data>
<Data Name="SamAccountName">ITechTeam</Data>
<Data Name="DisplayName">%%1793</Data>
<Data Name="UserPrincipalName">-</Data>
<Data Name="HomeDirectory">%%1793</Data>
<Data Name="HomePath">%%1793</Data>
<Data Name="ScriptPath">%%1793</Data>
<Data Name="ProfilePath">%%1793</Data>
<Data Name="UserWorkstations">%%1793</Data>
<Data Name="PasswordLastSet">%%1794</Data>
<Data Name="AccountExpires">%%1794</Data>
<Data Name="PrimaryGroupId">513</Data>
<Data Name="AllowedToDelegateTo">-</Data>
<Data Name="OldUacValue">0x0</Data>
<Data Name="NewUacValue">0x15</Data>
<Data Name="UserAccountControl">
		%%2080
		%%2082
		%%2084</Data>
<Data Name="UserParameters">%%1793</Data>
<Data Name="SidHistory">-</Data>
<Data Name="LogonHours">%%1797</Data>
</EventData>
</Event>

<Event><System><Provider Guid="{54849625-5478-4994-a5ba-3e3b0328c30d}" Name="Microsoft-Windows-Security-Auditing" />
<EventID Qualifiers="">4722</EventID>
<Version>0</Version>
<Level>0</Level>
<Task>13824</Task>
<Opcode>0</Opcode>
<Keywords>0x8020000000000000</Keywords>
<TimeCreated SystemTime="2015-03-22 15:52:30.742777" />
<EventRecordID>996</EventRecordID>
<Correlation ActivityID="" RelatedActivityID="" />
<Execution ProcessID="500" ThreadID="2568" />
<Channel>Security</Channel>
<Computer>informant-PC</Computer>
<Security UserID="" />
</System>
<EventData><Data Name="TargetUserName">ITechTeam</Data>
<Data Name="TargetDomainName">informant-PC</Data>
<Data Name="TargetSid">S-1-5-21-2425377081-3129163575-2985601102-1002</Data>
<Data Name="SubjectUserSid">S-1-5-21-2425377081-3129163575-2985601102-1000</Data>
<Data Name="SubjectUserName">informant</Data>
<Data Name="SubjectDomainName">informant-PC</Data>
<Data Name="SubjectLogonId">0x00000000000224e3</Data>
</EventData>
</Event>

<Event><System><Provider Guid="{54849625-5478-4994-a5ba-3e3b0328c30d}" Name="Microsoft-Windows-Security-Auditing" />
<EventID Qualifiers="">4738</EventID>
<Version>0</Version>
<Level>0</Level>
<Task>13824</Task>
<Opcode>0</Opcode>
<Keywords>0x8020000000000000</Keywords>
<TimeCreated SystemTime="2015-03-22 15:52:30.742777" />
<EventRecordID>997</EventRecordID>
<Correlation ActivityID="" RelatedActivityID="" />
<Execution ProcessID="500" ThreadID="2568" />
<Channel>Security</Channel>
<Computer>informant-PC</Computer>
<Security UserID="" />
</System>
<EventData><Data Name="Dummy">-</Data>
<Data Name="TargetUserName">ITechTeam</Data>
<Data Name="TargetDomainName">informant-PC</Data>
<Data Name="TargetSid">S-1-5-21-2425377081-3129163575-2985601102-1002</Data>
<Data Name="SubjectUserSid">S-1-5-21-2425377081-3129163575-2985601102-1000</Data>
<Data Name="SubjectUserName">informant</Data>
<Data Name="SubjectDomainName">informant-PC</Data>
<Data Name="SubjectLogonId">0x00000000000224e3</Data>
<Data Name="PrivilegeList">-</Data>
<Data Name="SamAccountName">ITechTeam</Data>
<Data Name="DisplayName">ITechTeam</Data>
<Data Name="UserPrincipalName">-</Data>
<Data Name="HomeDirectory">%%1793</Data>
<Data Name="HomePath">%%1793</Data>
<Data Name="ScriptPath">%%1793</Data>
<Data Name="ProfilePath">%%1793</Data>
<Data Name="UserWorkstations">%%1793</Data>
<Data Name="PasswordLastSet">%%1794</Data>
<Data Name="AccountExpires">%%1794</Data>
<Data Name="PrimaryGroupId">513</Data>
<Data Name="AllowedToDelegateTo">-</Data>
<Data Name="OldUacValue">0x15</Data>
<Data Name="NewUacValue">0x210</Data>
<Data Name="UserAccountControl">
		%%2048
		%%2050
		%%2089</Data>
<Data Name="UserParameters">%%1793</Data>
<Data Name="SidHistory">-</Data>
<Data Name="LogonHours">%%1797</Data>
</EventData>
</Event>

<Event><System><Provider Guid="{54849625-5478-4994-a5ba-3e3b0328c30d}" Name="Microsoft-Windows-Security-Auditing" />
<EventID Qualifiers="">4732</EventID>
<Version>0</Version>
<Level>0</Level>
<Task>13826</Task>
<Opcode>0</Opcode>
<Keywords>0x8020000000000000</Keywords>
<TimeCreated SystemTime="2015-03-22 15:52:30.758377" />
<EventRecordID>998</EventRecordID>
<Correlation ActivityID="" RelatedActivityID="" />
<Execution ProcessID="500" ThreadID="2568" />
<Channel>Security</Channel>
<Computer>informant-PC</Computer>
<Security UserID="" />
</System>
<EventData><Data Name="MemberName">-</Data>
<Data Name="MemberSid">S-1-5-21-2425377081-3129163575-2985601102-1002</Data>
<Data Name="TargetUserName">Users</Data>
<Data Name="TargetDomainName">Builtin</Data>
<Data Name="TargetSid">S-1-5-32-545</Data>
<Data Name="SubjectUserSid">S-1-5-21-2425377081-3129163575-2985601102-1000</Data>
<Data Name="SubjectUserName">informant</Data>
<Data Name="SubjectDomainName">informant-PC</Data>
<Data Name="SubjectLogonId">0x00000000000224e3</Data>
<Data Name="PrivilegeList">-</Data>
</EventData>
</Event>

<Event><System><Provider Guid="{54849625-5478-4994-a5ba-3e3b0328c30d}" Name="Microsoft-Windows-Security-Auditing" />
<EventID Qualifiers="">4738</EventID>
<Version>0</Version>
<Level>0</Level>
<Task>13824</Task>
<Opcode>0</Opcode>
<Keywords>0x8020000000000000</Keywords>
<TimeCreated SystemTime="2015-03-22 15:52:30.773977" />
<EventRecordID>999</EventRecordID>
<Correlation ActivityID="" RelatedActivityID="" />
<Execution ProcessID="500" ThreadID="536" />
<Channel>Security</Channel>
<Computer>informant-PC</Computer>
<Security UserID="" />
</System>
<EventData><Data Name="Dummy">-</Data>
<Data Name="TargetUserName">ITechTeam</Data>
<Data Name="TargetDomainName">informant-PC</Data>
<Data Name="TargetSid">S-1-5-21-2425377081-3129163575-2985601102-1002</Data>
<Data Name="SubjectUserSid">S-1-5-21-2425377081-3129163575-2985601102-1000</Data>
<Data Name="SubjectUserName">informant</Data>
<Data Name="SubjectDomainName">informant-PC</Data>
<Data Name="SubjectLogonId">0x00000000000224e3</Data>
<Data Name="PrivilegeList">-</Data>
<Data Name="SamAccountName">-</Data>
<Data Name="DisplayName">-</Data>
<Data Name="UserPrincipalName">-</Data>
<Data Name="HomeDirectory">-</Data>
<Data Name="HomePath">-</Data>
<Data Name="ScriptPath">-</Data>
<Data Name="ProfilePath">-</Data>
<Data Name="UserWorkstations">-</Data>
<Data Name="PasswordLastSet">-</Data>
<Data Name="AccountExpires">-</Data>
<Data Name="PrimaryGroupId">-</Data>
<Data Name="AllowedToDelegateTo">-</Data>
<Data Name="OldUacValue">-</Data>
<Data Name="NewUacValue">-</Data>
<Data Name="UserAccountControl">-</Data>
<Data Name="UserParameters">-</Data>
<Data Name="SidHistory">-</Data>
<Data Name="LogonHours">-</Data>
</EventData>
</Event>

<Event><System><Provider Guid="{54849625-5478-4994-a5ba-3e3b0328c30d}" Name="Microsoft-Windows-Security-Auditing" />
<EventID Qualifiers="">4732</EventID>
<Version>0</Version>
<Level>0</Level>
<Task>13826</Task>
<Opcode>0</Opcode>
<Keywords>0x8020000000000000</Keywords>
<TimeCreated SystemTime="2015-03-22 15:52:30.805178" />
<EventRecordID>1000</EventRecordID>
<Correlation ActivityID="" RelatedActivityID="" />
<Execution ProcessID="500" ThreadID="2668" />
<Channel>Security</Channel>
<Computer>informant-PC</Computer>
<Security UserID="" />
</System>
<EventData><Data Name="MemberName">-</Data>
<Data Name="MemberSid">S-1-5-21-2425377081-3129163575-2985601102-1002</Data>
<Data Name="TargetUserName">Administrators</Data>
<Data Name="TargetDomainName">Builtin</Data>
<Data Name="TargetSid">S-1-5-32-544</Data>
<Data Name="SubjectUserSid">S-1-5-21-2425377081-3129163575-2985601102-1000</Data>
<Data Name="SubjectUserName">informant</Data>
<Data Name="SubjectDomainName">informant-PC</Data>
<Data Name="SubjectLogonId">0x00000000000224e3</Data>
<Data Name="PrivilegeList">-</Data>
</EventData>
</Event>

<Event><System><Provider Guid="{54849625-5478-4994-a5ba-3e3b0328c30d}" Name="Microsoft-Windows-Security-Auditing" />
<EventID Qualifiers="">4738</EventID>
<Version>0</Version>
<Level>0</Level>
<Task>13824</Task>
<Opcode>0</Opcode>
<Keywords>0x8020000000000000</Keywords>
<TimeCreated SystemTime="2015-03-22 15:52:30.820778" />
<EventRecordID>1001</EventRecordID>
<Correlation ActivityID="" RelatedActivityID="" />
<Execution ProcessID="500" ThreadID="2668" />
<Channel>Security</Channel>
<Computer>informant-PC</Computer>
<Security UserID="" />
</System>
<EventData><Data Name="Dummy">-</Data>
<Data Name="TargetUserName">ITechTeam</Data>
<Data Name="TargetDomainName">informant-PC</Data>
<Data Name="TargetSid">S-1-5-21-2425377081-3129163575-2985601102-1002</Data>
<Data Name="SubjectUserSid">S-1-5-21-2425377081-3129163575-2985601102-1000</Data>
<Data Name="SubjectUserName">informant</Data>
<Data Name="SubjectDomainName">informant-PC</Data>
<Data Name="SubjectLogonId">0x00000000000224e3</Data>
<Data Name="PrivilegeList">-</Data>
<Data Name="SamAccountName">ITechTeam</Data>
<Data Name="DisplayName">ITechTeam</Data>
<Data Name="UserPrincipalName">-</Data>
<Data Name="HomeDirectory">%%1793</Data>
<Data Name="HomePath">%%1793</Data>
<Data Name="ScriptPath">%%1793</Data>
<Data Name="ProfilePath">%%1793</Data>
<Data Name="UserWorkstations">%%1793</Data>
<Data Name="PasswordLastSet">%%1794</Data>
<Data Name="AccountExpires">%%1794</Data>
<Data Name="PrimaryGroupId">513</Data>
<Data Name="AllowedToDelegateTo">-</Data>
<Data Name="OldUacValue">0x210</Data>
<Data Name="NewUacValue">0x210</Data>
<Data Name="UserAccountControl">-</Data>
<Data Name="UserParameters">%%1793</Data>
<Data Name="SidHistory">-</Data>
<Data Name="LogonHours">%%1797</Data>
</EventData>
</Event>

<Event><System><Provider Guid="{54849625-5478-4994-a5ba-3e3b0328c30d}" Name="Microsoft-Windows-Security-Auditing" />
<EventID Qualifiers="">4738</EventID>
<Version>0</Version>
<Level>0</Level>
<Task>13824</Task>
<Opcode>0</Opcode>
<Keywords>0x8020000000000000</Keywords>
<TimeCreated SystemTime="2015-03-22 15:52:45.546404" />
<EventRecordID>1002</EventRecordID>
<Correlation ActivityID="" RelatedActivityID="" />
<Execution ProcessID="500" ThreadID="536" />
<Channel>Security</Channel>
<Computer>informant-PC</Computer>
<Security UserID="" />
</System>
<EventData><Data Name="Dummy">-</Data>
<Data Name="TargetUserName">ITechTeam</Data>
<Data Name="TargetDomainName">informant-PC</Data>
<Data Name="TargetSid">S-1-5-21-2425377081-3129163575-2985601102-1002</Data>
<Data Name="SubjectUserSid">S-1-5-21-2425377081-3129163575-2985601102-1000</Data>
<Data Name="SubjectUserName">informant</Data>
<Data Name="SubjectDomainName">informant-PC</Data>
<Data Name="SubjectLogonId">0x00000000000224e3</Data>
<Data Name="PrivilegeList">-</Data>
<Data Name="SamAccountName">ITechTeam</Data>
<Data Name="DisplayName">ITechTeam</Data>
<Data Name="UserPrincipalName">-</Data>
<Data Name="HomeDirectory">%%1793</Data>
<Data Name="HomePath">%%1793</Data>
<Data Name="ScriptPath">%%1793</Data>
<Data Name="ProfilePath">%%1793</Data>
<Data Name="UserWorkstations">%%1793</Data>
<Data Name="PasswordLastSet">3/22/2015 11:52:45 AM</Data>
<Data Name="AccountExpires">%%1794</Data>
<Data Name="PrimaryGroupId">513</Data>
<Data Name="AllowedToDelegateTo">-</Data>
<Data Name="OldUacValue">0x210</Data>
<Data Name="NewUacValue">0x210</Data>
<Data Name="UserAccountControl">-</Data>
<Data Name="UserParameters">-</Data>
<Data Name="SidHistory">-</Data>
<Data Name="LogonHours">%%1797</Data>
</EventData>
</Event>

<Event><System><Provider Guid="{54849625-5478-4994-a5ba-3e3b0328c30d}" Name="Microsoft-Windows-Security-Auditing" />
<EventID Qualifiers="">4724</EventID>
<Version>0</Version>
<Level>0</Level>
<Task>13824</Task>
<Opcode>0</Opcode>
<Keywords>0x8020000000000000</Keywords>
<TimeCreated SystemTime="2015-03-22 15:52:45.546404" />
<EventRecordID>1003</EventRecordID>
<Correlation ActivityID="" RelatedActivityID="" />
<Execution ProcessID="500" ThreadID="536" />
<Channel>Security</Channel>
<Computer>informant-PC</Computer>
<Security UserID="" />
</System>
<EventData><Data Name="TargetUserName">ITechTeam</Data>
<Data Name="TargetDomainName">informant-PC</Data>
<Data Name="TargetSid">S-1-5-21-2425377081-3129163575-2985601102-1002</Data>
<Data Name="SubjectUserSid">S-1-5-21-2425377081-3129163575-2985601102-1000</Data>
<Data Name="SubjectUserName">informant</Data>
<Data Name="SubjectDomainName">informant-PC</Data>
<Data Name="SubjectLogonId">0x00000000000224e3</Data>
</EventData>
</Event>

<Event><System><Provider Guid="{54849625-5478-4994-a5ba-3e3b0328c30d}" Name="Microsoft-Windows-Security-Auditing" />
<EventID Qualifiers="">4738</EventID>
<Version>0</Version>
<Level>0</Level>
<Task>13824</Task>
<Opcode>0</Opcode>
<Keywords>0x8020000000000000</Keywords>
<TimeCreated SystemTime="2015-03-22 15:52:52.694817" />
<EventRecordID>1004</EventRecordID>
<Correlation ActivityID="" RelatedActivityID="" />
<Execution ProcessID="500" ThreadID="536" />
<Channel>Security</Channel>
<Computer>informant-PC</Computer>
<Security UserID="" />
</System>
<EventData><Data Name="Dummy">-</Data>
<Data Name="TargetUserName">ITechTeam</Data>
<Data Name="TargetDomainName">informant-PC</Data>
<Data Name="TargetSid">S-1-5-21-2425377081-3129163575-2985601102-1002</Data>
<Data Name="SubjectUserSid">S-1-5-21-2425377081-3129163575-2985601102-1000</Data>
<Data Name="SubjectUserName">informant</Data>
<Data Name="SubjectDomainName">informant-PC</Data>
<Data Name="SubjectLogonId">0x00000000000224e3</Data>
<Data Name="PrivilegeList">-</Data>
<Data Name="SamAccountName">-</Data>
<Data Name="DisplayName">-</Data>
<Data Name="UserPrincipalName">-</Data>
<Data Name="HomeDirectory">-</Data>
<Data Name="HomePath">-</Data>
<Data Name="ScriptPath">-</Data>
<Data Name="ProfilePath">-</Data>
<Data Name="UserWorkstations">-</Data>
<Data Name="PasswordLastSet">-</Data>
<Data Name="AccountExpires">-</Data>
<Data Name="PrimaryGroupId">-</Data>
<Data Name="AllowedToDelegateTo">-</Data>
<Data Name="OldUacValue">-</Data>
<Data Name="NewUacValue">-</Data>
<Data Name="UserAccountControl">-</Data>
<Data Name="UserParameters">-</Data>
<Data Name="SidHistory">-</Data>
<Data Name="LogonHours">-</Data>
</EventData>
</Event>

<Event><System><Provider Guid="{54849625-5478-4994-a5ba-3e3b0328c30d}" Name="Microsoft-Windows-Security-Auditing" />
<EventID Qualifiers="">4728</EventID>
<Version>0</Version>
<Level>0</Level>
<Task>13826</Task>
<Opcode>0</Opcode>
<Keywords>0x8020000000000000</Keywords>
<TimeCreated SystemTime="2015-03-22 15:53:01.900034" />
<EventRecordID>1005</EventRecordID>
<Correlation ActivityID="" RelatedActivityID="" />
<Execution ProcessID="500" ThreadID="2668" />
<Channel>Security</Channel>
<Computer>informant-PC</Computer>
<Security UserID="" />
</System>
<EventData><Data Name="MemberName">-</Data>
<Data Name="MemberSid">S-1-5-21-2425377081-3129163575-2985601102-1003</Data>
<Data Name="TargetUserName">None</Data>
<Data Name="TargetDomainName">informant-PC</Data>
<Data Name="TargetSid">S-1-5-21-2425377081-3129163575-2985601102-513</Data>
<Data Name="SubjectUserSid">S-1-5-21-2425377081-3129163575-2985601102-1000</Data>
<Data Name="SubjectUserName">informant</Data>
<Data Name="SubjectDomainName">informant-PC</Data>
<Data Name="SubjectLogonId">0x00000000000224e3</Data>
<Data Name="PrivilegeList">-</Data>
</EventData>
</Event>

<Event><System><Provider Guid="{54849625-5478-4994-a5ba-3e3b0328c30d}" Name="Microsoft-Windows-Security-Auditing" />
<EventID Qualifiers="">4720</EventID>
<Version>0</Version>
<Level>0</Level>
<Task>13824</Task>
<Opcode>0</Opcode>
<Keywords>0x8020000000000000</Keywords>
<TimeCreated SystemTime="2015-03-22 15:53:01.900034" />
<EventRecordID>1006</EventRecordID>
<Correlation ActivityID="" RelatedActivityID="" />
<Execution ProcessID="500" ThreadID="2668" />
<Channel>Security</Channel>
<Computer>informant-PC</Computer>
<Security UserID="" />
</System>
<EventData><Data Name="TargetUserName">temporary</Data>
<Data Name="TargetDomainName">informant-PC</Data>
<Data Name="TargetSid">S-1-5-21-2425377081-3129163575-2985601102-1003</Data>
<Data Name="SubjectUserSid">S-1-5-21-2425377081-3129163575-2985601102-1000</Data>
<Data Name="SubjectUserName">informant</Data>
<Data Name="SubjectDomainName">informant-PC</Data>
<Data Name="SubjectLogonId">0x00000000000224e3</Data>
<Data Name="PrivilegeList">-</Data>
<Data Name="SamAccountName">temporary</Data>
<Data Name="DisplayName">%%1793</Data>
<Data Name="UserPrincipalName">-</Data>
<Data Name="HomeDirectory">%%1793</Data>
<Data Name="HomePath">%%1793</Data>
<Data Name="ScriptPath">%%1793</Data>
<Data Name="ProfilePath">%%1793</Data>
<Data Name="UserWorkstations">%%1793</Data>
<Data Name="PasswordLastSet">%%1794</Data>
<Data Name="AccountExpires">%%1794</Data>
<Data Name="PrimaryGroupId">513</Data>
<Data Name="AllowedToDelegateTo">-</Data>
<Data Name="OldUacValue">0x0</Data>
<Data Name="NewUacValue">0x15</Data>
<Data Name="UserAccountControl">
		%%2080
		%%2082
		%%2084</Data>
<Data Name="UserParameters">%%1793</Data>
<Data Name="SidHistory">-</Data>
<Data Name="LogonHours">%%1797</Data>
</EventData>
</Event>

