<Event><System><Provider Guid="{54849625-5478-4994-a5ba-3e3b0328c30d}" Name="Microsoft-Windows-Security-Auditing" />
<EventID Qualifiers="">4781</EventID>
<Version>0</Version>
<Level>0</Level>
<Task>13824</Task>
<Opcode>0</Opcode>
<Keywords>0x8020000000000000</Keywords>
<TimeCreated SystemTime="2015-03-25 10:33:22.864338" />
<EventRecordID>91</EventRecordID>
<Correlation ActivityID="" RelatedActivityID="" />
<Execution ProcessID="476" ThreadID="796" />
<Channel>Security</Channel>
<Computer>informant-PC</Computer>
<Security UserID="" />
</System>
<EventData><Data Name="OldTargetUserName">Performance Log Users</Data>
<Data Name="NewTargetUserName">Performance Log Users</Data>
<Data Name="TargetDomainName">Builtin</Data>
<Data Name="TargetSid">S-1-5-32-559</Data>
<Data Name="SubjectUserSid">S-1-5-18</Data>
<Data Name="SubjectUserName">WIN-D9RGPJQ68G8$</Data>
<Data Name="SubjectDomainName">WORKGROUP</Data>
<Data Name="SubjectLogonId">0x00000000000003e7</Data>
<Data Name="PrivilegeList">-</Data>
</EventData>
</Event>

<Event><System><Provider Guid="{54849625-5478-4994-a5ba-3e3b0328c30d}" Name="Microsoft-Windows-Security-Auditing" />
<EventID Qualifiers="">4735</EventID>
<Version>0</Version>
<Level>0</Level>
<Task>13826</Task>
<Opcode>0</Opcode>
<Keywords>0x8020000000000000</Keywords>
<TimeCreated SystemTime="2015-03-25 10:33:22.864338" />
<EventRecordID>92</EventRecordID>
<Correlation ActivityID="" RelatedActivityID="" />
<Execution ProcessID="476" ThreadID="796" />
<Channel>Security</Channel>
<Computer>informant-PC</Computer>
<Security UserID="" />
</System>
<EventData><Data Name="TargetUserName">Performance Log Users</Data>
<Data Name="TargetDomainName">Builtin</Data>
<Data Name="TargetSid">S-1-5-32-559</Data>
<Data Name="SubjectUserSid">S-1-5-18</Data>
<Data Name="SubjectUserName">WIN-D9RGPJQ68G8$</Data>
<Data Name="SubjectDomainName">WORKGROUP</Data>
<Data Name="SubjectLogonId">0x00000000000003e7</Data>
<Data Name="PrivilegeList">-</Data>
<Data Name="SamAccountName">Performance Log Users</Data>
<Data Name="SidHistory">-</Data>
</EventData>
</Event>

<Event><System><Provider Guid="{54849625-5478-4994-a5ba-3e3b0328c30d}" Name="Microsoft-Windows-Security-Auditing" />
<EventID Qualifiers="">4735</EventID>
<Version>0</Version>
<Level>0</Level>
<Task>13826</Task>
<Opcode>0</Opcode>
<Keywords>0x8020000000000000</Keywords>
<TimeCreated SystemTime="2015-03-25 10:33:22.864338" />
<EventRecordID>93</EventRecordID>
<Correlation ActivityID="" RelatedActivityID="" />
<Execution ProcessID="476" ThreadID="796" />
<Channel>Security</Channel>
<Computer>informant-PC</Computer>
<Security UserID="" />
</System>
<EventData><Data Name="TargetUserName">Distributed COM Users</Data>
<Data Name="TargetDomainName">Builtin</Data>
<Data Name="TargetSid">S-1-5-32-562</Data>
<Data Name="SubjectUserSid">S-1-5-18</Data>
<Data Name="SubjectUserName">WIN-D9RGPJQ68G8$</Data>
<Data Name="SubjectDomainName">WORKGROUP</Data>
<Data Name="SubjectLogonId">0x00000000000003e7</Data>
<Data Name="PrivilegeList">-</Data>
<Data Name="SamAccountName">-</Data>
<Data Name="SidHistory">-</Data>
</EventData>
</Event>

<Event><System><Provider Guid="{54849625-5478-4994-a5ba-3e3b0328c30d}" Name="Microsoft-Windows-Security-Auditing" />
<EventID Qualifiers="">4781</EventID>
<Version>0</Version>
<Level>0</Level>
<Task>13824</Task>
<Opcode>0</Opcode>
<Keywords>0x8020000000000000</Keywords>
<TimeCreated SystemTime="2015-03-25 10:33:22.864338" />
<EventRecordID>94</EventRecordID>
<Correlation ActivityID="" RelatedActivityID="" />
<Execution ProcessID="476" ThreadID="796" />
<Channel>Security</Channel>
<Computer>informant-PC</Computer>
<Security UserID="" />
</System>
<EventData><Data Name="OldTargetUserName">Distributed COM Users</Data>
<Data Name="NewTargetUserName">Distributed COM Users</Data>
<Data Name="TargetDomainName">Builtin</Data>
<Data Name="TargetSid">S-1-5-32-562</Data>
<Data Name="SubjectUserSid">S-1-5-18</Data>
<Data Name="SubjectUserName">WIN-D9RGPJQ68G8$</Data>
<Data Name="SubjectDomainName">WORKGROUP</Data>
<Data Name="SubjectLogonId">0x00000000000003e7</Data>
<Data Name="PrivilegeList">-</Data>
</EventData>
</Event>

<Event><System><Provider Guid="{54849625-5478-4994-a5ba-3e3b0328c30d}" Name="Microsoft-Windows-Security-Auditing" />
<EventID Qualifiers="">4735</EventID>
<Version>0</Version>
<Level>0</Level>
<Task>13826</Task>
<Opcode>0</Opcode>
<Keywords>0x8020000000000000</Keywords>
<TimeCreated SystemTime="2015-03-25 10:33:22.864338" />
<EventRecordID>95</EventRecordID>
<Correlation ActivityID="" RelatedActivityID="" />
<Execution ProcessID="476" ThreadID="796" />
<Channel>Security</Channel>
<Computer>informant-PC</Computer>
<Security UserID="" />
</System>
<EventData><Data Name="TargetUserName">Distributed COM Users</Data>
<Data Name="TargetDomainName">Builtin</Data>
<Data Name="TargetSid">S-1-5-32-562</Data>
<Data Name="SubjectUserSid">S-1-5-18</Data>
<Data Name="SubjectUserName">WIN-D9RGPJQ68G8$</Data>
<Data Name="SubjectDomainName">WORKGROUP</Data>
<Data Name="SubjectLogonId">0x00000000000003e7</Data>
<Data Name="PrivilegeList">-</Data>
<Data Name="SamAccountName">Distributed COM Users</Data>
<Data Name="SidHistory">-</Data>
</EventData>
</Event>

<Event><System><Provider Guid="{54849625-5478-4994-a5ba-3e3b0328c30d}" Name="Microsoft-Windows-Security-Auditing" />
<EventID Qualifiers="">4735</EventID>
<Version>0</Version>
<Level>0</Level>
<Task>13826</Task>
<Opcode>0</Opcode>
<Keywords>0x8020000000000000</Keywords>
<TimeCreated SystemTime="2015-03-25 10:33:22.864338" />
<EventRecordID>96</EventRecordID>
<Correlation ActivityID="" RelatedActivityID="" />
<Execution ProcessID="476" ThreadID="796" />
<Channel>Security</Channel>
<Computer>informant-PC</Computer>
<Security UserID="" />
</System>
<EventData><Data Name="TargetUserName">IIS_IUSRS</Data>
<Data Name="TargetDomainName">Builtin</Data>
<Data Name="TargetSid">S-1-5-32-568</Data>
<Data Name="SubjectUserSid">S-1-5-18</Data>
<Data Name="SubjectUserName">WIN-D9RGPJQ68G8$</Data>
<Data Name="SubjectDomainName">WORKGROUP</Data>
<Data Name="SubjectLogonId">0x00000000000003e7</Data>
<Data Name="PrivilegeList">-</Data>
<Data Name="SamAccountName">-</Data>
<Data Name="SidHistory">-</Data>
</EventData>
</Event>

<Event><System><Provider Guid="{54849625-5478-4994-a5ba-3e3b0328c30d}" Name="Microsoft-Windows-Security-Auditing" />
<EventID Qualifiers="">4781</EventID>
<Version>0</Version>
<Level>0</Level>
<Task>13824</Task>
<Opcode>0</Opcode>
<Keywords>0x8020000000000000</Keywords>
<TimeCreated SystemTime="2015-03-25 10:33:22.864338" />
<EventRecordID>97</EventRecordID>
<Correlation ActivityID="" RelatedActivityID="" />
<Execution ProcessID="476" ThreadID="796" />
<Channel>Security</Channel>
<Computer>informant-PC</Computer>
<Security UserID="" />
</System>
<EventData><Data Name="OldTargetUserName">IIS_IUSRS</Data>
<Data Name="NewTargetUserName">IIS_IUSRS</Data>
<Data Name="TargetDomainName">Builtin</Data>
<Data Name="TargetSid">S-1-5-32-568</Data>
<Data Name="SubjectUserSid">S-1-5-18</Data>
<Data Name="SubjectUserName">WIN-D9RGPJQ68G8$</Data>
<Data Name="SubjectDomainName">WORKGROUP</Data>
<Data Name="SubjectLogonId">0x00000000000003e7</Data>
<Data Name="PrivilegeList">-</Data>
</EventData>
</Event>

<Event><System><Provider Guid="{54849625-5478-4994-a5ba-3e3b0328c30d}" Name="Microsoft-Windows-Security-Auditing" />
<EventID Qualifiers="">4735</EventID>
<Version>0</Version>
<Level>0</Level>
<Task>13826</Task>
<Opcode>0</Opcode>
<Keywords>0x8020000000000000</Keywords>
<TimeCreated SystemTime="2015-03-25 10:33:22.864338" />
<EventRecordID>98</EventRecordID>
<Correlation ActivityID="" RelatedActivityID="" />
<Execution ProcessID="476" ThreadID="796" />
<Channel>Security</Channel>
<Computer>informant-PC</Computer>
<Security UserID="" />
</System>
<EventData><Data Name="TargetUserName">IIS_IUSRS</Data>
<Data Name="TargetDomainName">Builtin</Data>
<Data Name="TargetSid">S-1-5-32-568</Data>
<Data Name="SubjectUserSid">S-1-5-18</Data>
<Data Name="SubjectUserName">WIN-D9RGPJQ68G8$</Data>
<Data Name="SubjectDomainName">WORKGROUP</Data>
<Data Name="SubjectLogonId">0x00000000000003e7</Data>
<Data Name="PrivilegeList">-</Data>
<Data Name="SamAccountName">IIS_IUSRS</Data>
<Data Name="SidHistory">-</Data>
</EventData>
</Event>

<Event><System><Provider Guid="{54849625-5478-4994-a5ba-3e3b0328c30d}" Name="Microsoft-Windows-Security-Auditing" />
<EventID Qualifiers="">4735</EventID>
<Version>0</Version>
<Level>0</Level>
<Task>13826</Task>
<Opcode>0</Opcode>
<Keywords>0x8020000000000000</Keywords>
<TimeCreated SystemTime="2015-03-25 10:33:22.864338" />
<EventRecordID>99</EventRecordID>
<Correlation ActivityID="" RelatedActivityID="" />
<Execution ProcessID="476" ThreadID="796" />
<Channel>Security</Channel>
<Computer>informant-PC</Computer>
<Security UserID="" />
</System>
<EventData><Data Name="TargetUserName">Cryptographic Operators</Data>
<Data Name="TargetDomainName">Builtin</Data>
<Data Name="TargetSid">S-1-5-32-569</Data>
<Data Name="SubjectUserSid">S-1-5-18</Data>
<Data Name="SubjectUserName">WIN-D9RGPJQ68G8$</Data>
<Data Name="SubjectDomainName">WORKGROUP</Data>
<Data Name="SubjectLogonId">0x00000000000003e7</Data>
<Data Name="PrivilegeList">-</Data>
<Data Name="SamAccountName">-</Data>
<Data Name="SidHistory">-</Data>
</EventData>
</Event>

<Event><System><Provider Guid="{54849625-5478-4994-a5ba-3e3b0328c30d}" Name="Microsoft-Windows-Security-Auditing" />
<EventID Qualifiers="">4781</EventID>
<Version>0</Version>
<Level>0</Level>
<Task>13824</Task>
<Opcode>0</Opcode>
<Keywords>0x8020000000000000</Keywords>
<TimeCreated SystemTime="2015-03-25 10:33:22.864338" />
<EventRecordID>100</EventRecordID>
<Correlation ActivityID="" RelatedActivityID="" />
<Execution ProcessID="476" ThreadID="796" />
<Channel>Security</Channel>
<Computer>informant-PC</Computer>
<Security UserID="" />
</System>
<EventData><Data Name="OldTargetUserName">Cryptographic Operators</Data>
<Data Name="NewTargetUserName">Cryptographic Operators</Data>
<Data Name="TargetDomainName">Builtin</Data>
<Data Name="TargetSid">S-1-5-32-569</Data>
<Data Name="SubjectUserSid">S-1-5-18</Data>
<Data Name="SubjectUserName">WIN-D9RGPJQ68G8$</Data>
<Data Name="SubjectDomainName">WORKGROUP</Data>
<Data Name="SubjectLogonId">0x00000000000003e7</Data>
<Data Name="PrivilegeList">-</Data>
</EventData>
</Event>

<Event><System><Provider Guid="{54849625-5478-4994-a5ba-3e3b0328c30d}" Name="Microsoft-Windows-Security-Auditing" />
<EventID Qualifiers="">4735</EventID>
<Version>0</Version>
<Level>0</Level>
<Task>13826</Task>
<Opcode>0</Opcode>
<Keywords>0x8020000000000000</Keywords>
<TimeCreated SystemTime="2015-03-25 10:33:22.864338" />
<EventRecordID>101</EventRecordID>
<Correlation ActivityID="" RelatedActivityID="" />
<Execution ProcessID="476" ThreadID="796" />
<Channel>Security</Channel>
<Computer>informant-PC</Computer>
<Security UserID="" />
</System>
<EventData><Data Name="TargetUserName">Cryptographic Operators</Data>
<Data Name="TargetDomainName">Builtin</Data>
<Data Name="TargetSid">S-1-5-32-569</Data>
<Data Name="SubjectUserSid">S-1-5-18</Data>
<Data Name="SubjectUserName">WIN-D9RGPJQ68G8$</Data>
<Data Name="SubjectDomainName">WORKGROUP</Data>
<Data Name="SubjectLogonId">0x00000000000003e7</Data>
<Data Name="PrivilegeList">-</Data>
<Data Name="SamAccountName">Cryptographic Operators</Data>
<Data Name="SidHistory">-</Data>
</EventData>
</Event>

<Event><System><Provider Guid="{54849625-5478-4994-a5ba-3e3b0328c30d}" Name="Microsoft-Windows-Security-Auditing" />
<EventID Qualifiers="">4735</EventID>
<Version>0</Version>
<Level>0</Level>
<Task>13826</Task>
<Opcode>0</Opcode>
<Keywords>0x8020000000000000</Keywords>
<TimeCreated SystemTime="2015-03-25 10:33:22.864338" />
<EventRecordID>102</EventRecordID>
<Correlation ActivityID="" RelatedActivityID="" />
<Execution ProcessID="476" ThreadID="796" />
<Channel>Security</Channel>
<Computer>informant-PC</Computer>
<Security UserID="" />
</System>
<EventData><Data Name="TargetUserName">Event Log Readers</Data>
<Data Name="TargetDomainName">Builtin</Data>
<Data Name="TargetSid">S-1-5-32-573</Data>
<Data Name="SubjectUserSid">S-1-5-18</Data>
<Data Name="SubjectUserName">WIN-D9RGPJQ68G8$</Data>
<Data Name="SubjectDomainName">WORKGROUP</Data>
<Data Name="SubjectLogonId">0x00000000000003e7</Data>
<Data Name="PrivilegeList">-</Data>
<Data Name="SamAccountName">-</Data>
<Data Name="SidHistory">-</Data>
</EventData>
</Event>

<Event><System><Provider Guid="{54849625-5478-4994-a5ba-3e3b0328c30d}" Name="Microsoft-Windows-Security-Auditing" />
<EventID Qualifiers="">4781</EventID>
<Version>0</Version>
<Level>0</Level>
<Task>13824</Task>
<Opcode>0</Opcode>
<Keywords>0x8020000000000000</Keywords>
<TimeCreated SystemTime="2015-03-25 10:33:22.864338" />
<EventRecordID>103</EventRecordID>
<Correlation ActivityID="" RelatedActivityID="" />
<Execution ProcessID="476" ThreadID="796" />
<Channel>Security</Channel>
<Computer>informant-PC</Computer>
<Security UserID="" />
</System>
<EventData><Data Name="OldTargetUserName">Event Log Readers</Data>
<Data Name="NewTargetUserName">Event Log Readers</Data>
<Data Name="TargetDomainName">Builtin</Data>
<Data Name="TargetSid">S-1-5-32-573</Data>
<Data Name="SubjectUserSid">S-1-5-18</Data>
<Data Name="SubjectUserName">WIN-D9RGPJQ68G8$</Data>
<Data Name="SubjectDomainName">WORKGROUP</Data>
<Data Name="SubjectLogonId">0x00000000000003e7</Data>
<Data Name="PrivilegeList">-</Data>
</EventData>
</Event>

<Event><System><Provider Guid="{54849625-5478-4994-a5ba-3e3b0328c30d}" Name="Microsoft-Windows-Security-Auditing" />
<EventID Qualifiers="">4735</EventID>
<Version>0</Version>
<Level>0</Level>
<Task>13826</Task>
<Opcode>0</Opcode>
<Keywords>0x8020000000000000</Keywords>
<TimeCreated SystemTime="2015-03-25 10:33:22.864338" />
<EventRecordID>104</EventRecordID>
<Correlation ActivityID="" RelatedActivityID="" />
<Execution ProcessID="476" ThreadID="796" />
<Channel>Security</Channel>
<Computer>informant-PC</Computer>
<Security UserID="" />
</System>
<EventData><Data Name="TargetUserName">Event Log Readers</Data>
<Data Name="TargetDomainName">Builtin</Data>
<Data Name="TargetSid">S-1-5-32-573</Data>
<Data Name="SubjectUserSid">S-1-5-18</Data>
<Data Name="SubjectUserName">WIN-D9RGPJQ68G8$</Data>
<Data Name="SubjectDomainName">WORKGROUP</Data>
<Data Name="SubjectLogonId">0x00000000000003e7</Data>
<Data Name="PrivilegeList">-</Data>
<Data Name="SamAccountName">Event Log Readers</Data>
<Data Name="SidHistory">-</Data>
</EventData>
</Event>

<Event><System><Provider Guid="{54849625-5478-4994-a5ba-3e3b0328c30d}" Name="Microsoft-Windows-Security-Auditing" />
<EventID Qualifiers="">4738</EventID>
<Version>0</Version>
<Level>0</Level>
<Task>13824</Task>
<Opcode>0</Opcode>
<Keywords>0x8020000000000000</Keywords>
<TimeCreated SystemTime="2015-03-25 10:33:22.864338" />
<EventRecordID>105</EventRecordID>
<Correlation ActivityID="" RelatedActivityID="" />
<Execution ProcessID="476" ThreadID="796" />
<Channel>Security</Channel>
<Computer>informant-PC</Computer>
<Security UserID="" />
</System>
<EventData><Data Name="Dummy">-</Data>
<Data Name="TargetUserName">Administrator</Data>
<Data Name="TargetDomainName">informant-PC</Data>
<Data Name="TargetSid">S-1-5-21-2425377081-3129163575-2985601102-500</Data>
<Data Name="SubjectUserSid">S-1-5-18</Data>
<Data Name="SubjectUserName">WIN-D9RGPJQ68G8$</Data>
<Data Name="SubjectDomainName">WORKGROUP</Data>
<Data Name="SubjectLogonId">0x00000000000003e7</Data>
<Data Name="PrivilegeList">-</Data>
<Data Name="SamAccountName">Administrator</Data>
<Data Name="DisplayName">%%1793</Data>
<Data Name="UserPrincipalName">-</Data>
<Data Name="HomeDirectory">%%1793</Data>
<Data Name="HomePath">%%1793</Data>
<Data Name="ScriptPath">%%1793</Data>
<Data Name="ProfilePath">%%1793</Data>
<Data Name="UserWorkstations">%%1793</Data>
<Data Name="PasswordLastSet">11/20/2010 8:57:24 PM</Data>
<Data Name="AccountExpires">%%1794</Data>
<Data Name="PrimaryGroupId">513</Data>
<Data Name="AllowedToDelegateTo">-</Data>
<Data Name="OldUacValue">0x211</Data>
<Data Name="NewUacValue">0x211</Data>
<Data Name="UserAccountControl">-</Data>
<Data Name="UserParameters">%%1793</Data>
<Data Name="SidHistory">-</Data>
<Data Name="LogonHours">%%1797</Data>
</EventData>
</Event>

<Event><System><Provider Guid="{54849625-5478-4994-a5ba-3e3b0328c30d}" Name="Microsoft-Windows-Security-Auditing" />
<EventID Qualifiers="">4738</EventID>
<Version>0</Version>
<Level>0</Level>
<Task>13824</Task>
<Opcode>0</Opcode>
<Keywords>0x8020000000000000</Keywords>
<TimeCreated SystemTime="2015-03-25 10:33:22.864338" />
<EventRecordID>106</EventRecordID>
<Correlation ActivityID="" RelatedActivityID="" />
<Execution ProcessID="476" ThreadID="796" />
<Channel>Security</Channel>
<Computer>informant-PC</Computer>
<Security UserID="" />
</System>
<EventData><Data Name="Dummy">-</Data>
<Data Name="TargetUserName">Administrator</Data>
<Data Name="TargetDomainName">informant-PC</Data>
<Data Name="TargetSid">S-1-5-21-2425377081-3129163575-2985601102-500</Data>
<Data Name="SubjectUserSid">S-1-5-18</Data>
<Data Name="SubjectUserName">WIN-D9RGPJQ68G8$</Data>
<Data Name="SubjectDomainName">WORKGROUP</Data>
<Data Name="SubjectLogonId">0x00000000000003e7</Data>
<Data Name="PrivilegeList">-</Data>
<Data Name="SamAccountName">Administrator</Data>
<Data Name="DisplayName">%%1793</Data>
<Data Name="UserPrincipalName">-</Data>
<Data Name="HomeDirectory">%%1793</Data>
<Data Name="HomePath">%%1793</Data>
<Data Name="ScriptPath">%%1793</Data>
<Data Name="ProfilePath">%%1793</Data>
<Data Name="UserWorkstations">%%1793</Data>
<Data Name="PasswordLastSet">11/20/2010 8:57:24 PM</Data>
<Data Name="AccountExpires">%%1794</Data>
<Data Name="PrimaryGroupId">513</Data>
<Data Name="AllowedToDelegateTo">-</Data>
<Data Name="OldUacValue">0x211</Data>
<Data Name="NewUacValue">0x211</Data>
<Data Name="UserAccountControl">-</Data>
<Data Name="UserParameters">%%1793</Data>
<Data Name="SidHistory">-</Data>
<Data Name="LogonHours">%%1797</Data>
</EventData>
</Event>

<Event><System><Provider Guid="{54849625-5478-4994-a5ba-3e3b0328c30d}" Name="Microsoft-Windows-Security-Auditing" />
<EventID Qualifiers="">4738</EventID>
<Version>0</Version>
<Level>0</Level>
<Task>13824</Task>
<Opcode>0</Opcode>
<Keywords>0x8020000000000000</Keywords>
<TimeCreated SystemTime="2015-03-25 10:33:22.864338" />
<EventRecordID>107</EventRecordID>
<Correlation ActivityID="" RelatedActivityID="" />
<Execution ProcessID="476" ThreadID="796" />
<Channel>Security</Channel>
<Computer>informant-PC</Computer>
<Security UserID="" />
</System>
<EventData><Data Name="Dummy">-</Data>
<Data Name="TargetUserName">Guest</Data>
<Data Name="TargetDomainName">informant-PC</Data>
<Data Name="TargetSid">S-1-5-21-2425377081-3129163575-2985601102-501</Data>
<Data Name="SubjectUserSid">S-1-5-18</Data>
<Data Name="SubjectUserName">WIN-D9RGPJQ68G8$</Data>
<Data Name="SubjectDomainName">WORKGROUP</Data>
<Data Name="SubjectLogonId">0x00000000000003e7</Data>
<Data Name="PrivilegeList">-</Data>
<Data Name="SamAccountName">Guest</Data>
<Data Name="DisplayName">%%1793</Data>
<Data Name="UserPrincipalName">-</Data>
<Data Name="HomeDirectory">%%1793</Data>
<Data Name="HomePath">%%1793</Data>
<Data Name="ScriptPath">%%1793</Data>
<Data Name="ProfilePath">%%1793</Data>
<Data Name="UserWorkstations">%%1793</Data>
<Data Name="PasswordLastSet">%%1794</Data>
<Data Name="AccountExpires">%%1794</Data>
<Data Name="PrimaryGroupId">513</Data>
<Data Name="AllowedToDelegateTo">-</Data>
<Data Name="OldUacValue">0x215</Data>
<Data Name="NewUacValue">0x215</Data>
<Data Name="UserAccountControl">-</Data>
<Data Name="UserParameters">%%1793</Data>
<Data Name="SidHistory">-</Data>
<Data Name="LogonHours">%%1797</Data>
</EventData>
</Event>

<Event><System><Provider Guid="{54849625-5478-4994-a5ba-3e3b0328c30d}" Name="Microsoft-Windows-Security-Auditing" />
<EventID Qualifiers="">4738</EventID>
<Version>0</Version>
<Level>0</Level>
<Task>13824</Task>
<Opcode>0</Opcode>
<Keywords>0x8020000000000000</Keywords>
<TimeCreated SystemTime="2015-03-25 10:33:22.864338" />
<EventRecordID>108</EventRecordID>
<Correlation ActivityID="" RelatedActivityID="" />
<Execution ProcessID="476" ThreadID="796" />
<Channel>Security</Channel>
<Computer>informant-PC</Computer>
<Security UserID="" />
</System>
<EventData><Data Name="Dummy">-</Data>
<Data Name="TargetUserName">Guest</Data>
<Data Name="TargetDomainName">informant-PC</Data>
<Data Name="TargetSid">S-1-5-21-2425377081-3129163575-2985601102-501</Data>
<Data Name="SubjectUserSid">S-1-5-18</Data>
<Data Name="SubjectUserName">WIN-D9RGPJQ68G8$</Data>
<Data Name="SubjectDomainName">WORKGROUP</Data>
<Data Name="SubjectLogonId">0x00000000000003e7</Data>
<Data Name="PrivilegeList">-</Data>
<Data Name="SamAccountName">Guest</Data>
<Data Name="DisplayName">%%1793</Data>
<Data Name="UserPrincipalName">-</Data>
<Data Name="HomeDirectory">%%1793</Data>
<Data Name="HomePath">%%1793</Data>
<Data Name="ScriptPath">%%1793</Data>
<Data Name="ProfilePath">%%1793</Data>
<Data Name="UserWorkstations">%%1793</Data>
<Data Name="PasswordLastSet">%%1794</Data>
<Data Name="AccountExpires">%%1794</Data>
<Data Name="PrimaryGroupId">513</Data>
<Data Name="AllowedToDelegateTo">-</Data>
<Data Name="OldUacValue">0x215</Data>
<Data Name="NewUacValue">0x215</Data>
<Data Name="UserAccountControl">-</Data>
<Data Name="UserParameters">%%1793</Data>
<Data Name="SidHistory">-</Data>
<Data Name="LogonHours">%%1797</Data>
</EventData>
</Event>

<Event><System><Provider Guid="{54849625-5478-4994-a5ba-3e3b0328c30d}" Name="Microsoft-Windows-Security-Auditing" />
<EventID Qualifiers="">4616</EventID>
<Version>1</Version>
<Level>0</Level>
<Task>12288</Task>
<Opcode>0</Opcode>
<Keywords>0x8020000000000000</Keywords>
<TimeCreated SystemTime="2015-03-22 14:33:53.237000" />
<EventRecordID>109</EventRecordID>
<Correlation ActivityID="" RelatedActivityID="" />
<Execution ProcessID="4" ThreadID="64" />
<Channel>Security</Channel>
<Computer>informant-PC</Computer>
<Security UserID="" />
</System>
<EventData><Data Name="SubjectUserSid">S-1-5-18</Data>
<Data Name="SubjectUserName">WIN-D9RGPJQ68G8$</Data>
<Data Name="SubjectDomainName">WORKGROUP</Data>
<Data Name="SubjectLogonId">0x00000000000003e7</Data>
<Data Name="PreviousTime">2015-03-25 10:34:25.685648</Data>
<Data Name="NewTime">2015-03-22 14:33:53.237000</Data>
<Data Name="ProcessId">0x0000000000000340</Data>
<Data Name="ProcessName">C:\Windows\System32\oobe\msoobe.exe</Data>
</EventData>
</Event>

<Event><System><Provider Guid="{54849625-5478-4994-a5ba-3e3b0328c30d}" Name="Microsoft-Windows-Security-Auditing" />
<EventID Qualifiers="">4728</EventID>
<Version>0</Version>
<Level>0</Level>
<Task>13826</Task>
<Opcode>0</Opcode>
<Keywords>0x8020000000000000</Keywords>
<TimeCreated SystemTime="2015-03-22 14:33:54.422602" />
<EventRecordID>110</EventRecordID>
<Correlation ActivityID="" RelatedActivityID="" />
<Execution ProcessID="476" ThreadID="748" />
<Channel>Security</Channel>
<Computer>informant-PC</Computer>
<Security UserID="" />
</System>
<EventData><Data Name="MemberName">-</Data>
<Data Name="MemberSid">S-1-5-21-2425377081-3129163575-2985601102-1000</Data>
<Data Name="TargetUserName">None</Data>
<Data Name="TargetDomainName">informant-PC</Data>
<Data Name="TargetSid">S-1-5-21-2425377081-3129163575-2985601102-513</Data>
<Data Name="SubjectUserSid">S-1-5-18</Data>
<Data Name="SubjectUserName">WIN-D9RGPJQ68G8$</Data>
<Data Name="SubjectDomainName">WORKGROUP</Data>
<Data Name="SubjectLogonId">0x00000000000003e7</Data>
<Data Name="PrivilegeList">-</Data>
</EventData>
</Event>

<Event><System><Provider Guid="{54849625-5478-4994-a5ba-3e3b0328c30d}" Name="Microsoft-Windows-Security-Auditing" />
<EventID Qualifiers="">4720</EventID>
<Version>0</Version>
<Level>0</Level>
<Task>13824</Task>
<Opcode>0</Opcode>
<Keywords>0x8020000000000000</Keywords>
<TimeCreated SystemTime="2015-03-22 14:33:54.422602" />
<EventRecordID>111</EventRecordID>
<Correlation ActivityID="" RelatedActivityID="" />
<Execution ProcessID="476" ThreadID="748" />
<Channel>Security</Channel>
<Computer>informant-PC</Computer>
<Security UserID="" />
</System>
<EventData><Data Name="TargetUserName">informant</Data>
<Data Name="TargetDomainName">informant-PC</Data>
<Data Name="TargetSid">S-1-5-21-2425377081-3129163575-2985601102-1000</Data>
<Data Name="SubjectUserSid">S-1-5-18</Data>
<Data Name="SubjectUserName">WIN-D9RGPJQ68G8$</Data>
<Data Name="SubjectDomainName">WORKGROUP</Data>
<Data Name="SubjectLogonId">0x00000000000003e7</Data>
<Data Name="PrivilegeList">-</Data>
<Data Name="SamAccountName">informant</Data>
<Data Name="DisplayName">%%1793</Data>
<Data Name="UserPrincipalName">-</Data>
<Data Name="HomeDirectory">%%1793</Data>
<Data Name="HomePath">%%1793</Data>
<Data Name="ScriptPath">%%1793</Data>
<Data Name="ProfilePath">%%1793</Data>
<Data Name="UserWorkstations">%%1793</Data>
<Data Name="PasswordLastSet">%%1794</Data>
<Data Name="AccountExpires">%%1794</Data>
<Data Name="PrimaryGroupId">513</Data>
<Data Name="AllowedToDelegateTo">-</Data>
<Data Name="OldUacValue">0x0</Data>
<Data Name="NewUacValue">0x15</Data>
<Data Name="UserAccountControl">
		%%2080
		%%2082
		%%2084</Data>
<Data Name="UserParameters">%%1793</Data>
<Data Name="SidHistory">-</Data>
<Data Name="LogonHours">%%1797</Data>
</EventData>
</Event>

<Event><System><Provider Guid="{54849625-5478-4994-a5ba-3e3b0328c30d}" Name="Microsoft-Windows-Security-Auditing" />
<EventID Qualifiers="">4732</EventID>
<Version>0</Version>
<Level>0</Level>
<Task>13826</Task>
<Opcode>0</Opcode>
<Keywords>0x8020000000000000</Keywords>
<TimeCreated SystemTime="2015-03-22 14:33:54.422602" />
<EventRecordID>112</EventRecordID>
<Correlation ActivityID="" RelatedActivityID="" />
<Execution ProcessID="476" ThreadID="748" />
<Channel>Security</Channel>
<Computer>informant-PC</Computer>
<Security UserID="" />
</System>
<EventData><Data Name="MemberName">-</Data>
<Data Name="MemberSid">S-1-5-21-2425377081-3129163575-2985601102-1000</Data>
<Data Name="TargetUserName">Users</Data>
<Data Name="TargetDomainName">Builtin</Data>
<Data Name="TargetSid">S-1-5-32-545</Data>
<Data Name="SubjectUserSid">S-1-5-18</Data>
<Data Name="SubjectUserName">WIN-D9RGPJQ68G8$</Data>
<Data Name="SubjectDomainName">WORKGROUP</Data>
<Data Name="SubjectLogonId">0x00000000000003e7</Data>
<Data Name="PrivilegeList">-</Data>
</EventData>
</Event>

<Event><System><Provider Guid="{54849625-5478-4994-a5ba-3e3b0328c30d}" Name="Microsoft-Windows-Security-Auditing" />
<EventID Qualifiers="">4722</EventID>
<Version>0</Version>
<Level>0</Level>
<Task>13824</Task>
<Opcode>0</Opcode>
<Keywords>0x8020000000000000</Keywords>
<TimeCreated SystemTime="2015-03-22 14:33:54.438202" />
<EventRecordID>113</EventRecordID>
<Correlation ActivityID="" RelatedActivityID="" />
<Execution ProcessID="476" ThreadID="748" />
<Channel>Security</Channel>
<Computer>informant-PC</Computer>
<Security UserID="" />
</System>
<EventData><Data Name="TargetUserName">informant</Data>
<Data Name="TargetDomainName">informant-PC</Data>
<Data Name="TargetSid">S-1-5-21-2425377081-3129163575-2985601102-1000</Data>
<Data Name="SubjectUserSid">S-1-5-18</Data>
<Data Name="SubjectUserName">WIN-D9RGPJQ68G8$</Data>
<Data Name="SubjectDomainName">WORKGROUP</Data>
<Data Name="SubjectLogonId">0x00000000000003e7</Data>
</EventData>
</Event>

<Event><System><Provider Guid="{54849625-5478-4994-a5ba-3e3b0328c30d}" Name="Microsoft-Windows-Security-Auditing" />
<EventID Qualifiers="">4738</EventID>
<Version>0</Version>
<Level>0</Level>
<Task>13824</Task>
<Opcode>0</Opcode>
<Keywords>0x8020000000000000</Keywords>
<TimeCreated SystemTime="2015-03-22 14:33:54.438202" />
<EventRecordID>114</EventRecordID>
<Correlation ActivityID="" RelatedActivityID="" />
<Execution ProcessID="476" ThreadID="748" />
<Channel>Security</Channel>
<Computer>informant-PC</Computer>
<Security UserID="" />
</System>
<EventData><Data Name="Dummy">-</Data>
<Data Name="TargetUserName">informant</Data>
<Data Name="TargetDomainName">informant-PC</Data>
<Data Name="TargetSid">S-1-5-21-2425377081-3129163575-2985601102-1000</Data>
<Data Name="SubjectUserSid">S-1-5-18</Data>
<Data Name="SubjectUserName">WIN-D9RGPJQ68G8$</Data>
<Data Name="SubjectDomainName">WORKGROUP</Data>
<Data Name="SubjectLogonId">0x00000000000003e7</Data>
<Data Name="PrivilegeList">-</Data>
<Data Name="SamAccountName">informant</Data>
<Data Name="DisplayName">%%1793</Data>
<Data Name="UserPrincipalName">-</Data>
<Data Name="HomeDirectory">%%1793</Data>
<Data Name="HomePath">%%1793</Data>
<Data Name="ScriptPath">%%1793</Data>
<Data Name="ProfilePath">%%1793</Data>
<Data Name="UserWorkstations">%%1793</Data>
<Data Name="PasswordLastSet">%%1794</Data>
<Data Name="AccountExpires">%%1794</Data>
<Data Name="PrimaryGroupId">513</Data>
<Data Name="AllowedToDelegateTo">-</Data>
<Data Name="OldUacValue">0x15</Data>
<Data Name="NewUacValue">0x14</Data>
<Data Name="UserAccountControl">
		%%2048</Data>
<Data Name="UserParameters">%%1793</Data>
<Data Name="SidHistory">-</Data>
<Data Name="LogonHours">%%1797</Data>
</EventData>
</Event>

<Event><System><Provider Guid="{54849625-5478-4994-a5ba-3e3b0328c30d}" Name="Microsoft-Windows-Security-Auditing" />
<EventID Qualifiers="">4732</EventID>
<Version>0</Version>
<Level>0</Level>
<Task>13826</Task>
<Opcode>0</Opcode>
<Keywords>0x8020000000000000</Keywords>
<TimeCreated SystemTime="2015-03-22 14:33:54.453800" />
<EventRecordID>115</EventRecordID>
<Correlation ActivityID="" RelatedActivityID="" />
<Execution ProcessID="476" ThreadID="748" />
<Channel>Security</Channel>
<Computer>informant-PC</Computer>
<Security UserID="" />
</System>
<EventData><Data Name="MemberName">-</Data>
<Data Name="MemberSid">S-1-5-21-2425377081-3129163575-2985601102-1000</Data>
<Data Name="TargetUserName">Administrators</Data>
<Data Name="TargetDomainName">Builtin</Data>
<Data Name="TargetSid">S-1-5-32-544</Data>
<Data Name="SubjectUserSid">S-1-5-18</Data>
<Data Name="SubjectUserName">WIN-D9RGPJQ68G8$</Data>
<Data Name="SubjectDomainName">WORKGROUP</Data>
<Data Name="SubjectLogonId">0x00000000000003e7</Data>
<Data Name="PrivilegeList">-</Data>
</EventData>
</Event>

<Event><System><Provider Guid="{54849625-5478-4994-a5ba-3e3b0328c30d}" Name="Microsoft-Windows-Security-Auditing" />
<EventID Qualifiers="">4733</EventID>
<Version>0</Version>
<Level>0</Level>
<Task>13826</Task>
<Opcode>0</Opcode>
<Keywords>0x8020000000000000</Keywords>
<TimeCreated SystemTime="2015-03-22 14:33:54.485001" />
<EventRecordID>116</EventRecordID>
<Correlation ActivityID="" RelatedActivityID="" />
<Execution ProcessID="476" ThreadID="1828" />
<Channel>Security</Channel>
<Computer>informant-PC</Computer>
<Security UserID="" />
</System>
<EventData><Data Name="MemberName">-</Data>
<Data Name="MemberSid">S-1-5-21-2425377081-3129163575-2985601102-1000</Data>
<Data Name="TargetUserName">Users</Data>
<Data Name="TargetDomainName">Builtin</Data>
<Data Name="TargetSid">S-1-5-32-545</Data>
<Data Name="SubjectUserSid">S-1-5-18</Data>
<Data Name="SubjectUserName">WIN-D9RGPJQ68G8$</Data>
<Data Name="SubjectDomainName">WORKGROUP</Data>
<Data Name="SubjectLogonId">0x00000000000003e7</Data>
<Data Name="PrivilegeList">-</Data>
</EventData>
</Event>

<Event><System><Provider Guid="{54849625-5478-4994-a5ba-3e3b0328c30d}" Name="Microsoft-Windows-Security-Auditing" />
<EventID Qualifiers="">4738</EventID>
<Version>0</Version>
<Level>0</Level>
<Task>13824</Task>
<Opcode>0</Opcode>
<Keywords>0x8020000000000000</Keywords>
<TimeCreated SystemTime="2015-03-22 14:33:54.485001" />
<EventRecordID>117</EventRecordID>
<Correlation ActivityID="" RelatedActivityID="" />
<Execution ProcessID="476" ThreadID="1828" />
<Channel>Security</Channel>
<Computer>informant-PC</Computer>
<Security UserID="" />
</System>
<EventData><Data Name="Dummy">-</Data>
<Data Name="TargetUserName">informant</Data>
<Data Name="TargetDomainName">informant-PC</Data>
<Data Name="TargetSid">S-1-5-21-2425377081-3129163575-2985601102-1000</Data>
<Data Name="SubjectUserSid">S-1-5-18</Data>
<Data Name="SubjectUserName">WIN-D9RGPJQ68G8$</Data>
<Data Name="SubjectDomainName">WORKGROUP</Data>
<Data Name="SubjectLogonId">0x00000000000003e7</Data>
<Data Name="PrivilegeList">-</Data>
<Data Name="SamAccountName">informant</Data>
<Data Name="DisplayName">%%1793</Data>
<Data Name="UserPrincipalName">-</Data>
<Data Name="HomeDirectory">%%1793</Data>
<Data Name="HomePath">%%1793</Data>
<Data Name="ScriptPath">%%1793</Data>
<Data Name="ProfilePath">%%1793</Data>
<Data Name="UserWorkstations">%%1793</Data>
<Data Name="PasswordLastSet">3/22/2015 10:33:54 AM</Data>
<Data Name="AccountExpires">%%1794</Data>
<Data Name="PrimaryGroupId">513</Data>
<Data Name="AllowedToDelegateTo">-</Data>
<Data Name="OldUacValue">0x14</Data>
<Data Name="NewUacValue">0x214</Data>
<Data Name="UserAccountControl">
		%%2089</Data>
<Data Name="UserParameters">-</Data>
<Data Name="SidHistory">-</Data>
<Data Name="LogonHours">%%1797</Data>
</EventData>
</Event>

<Event><System><Provider Guid="{54849625-5478-4994-a5ba-3e3b0328c30d}" Name="Microsoft-Windows-Security-Auditing" />
<EventID Qualifiers="">4724</EventID>
<Version>0</Version>
<Level>0</Level>
<Task>13824</Task>
<Opcode>0</Opcode>
<Keywords>0x8020000000000000</Keywords>
<TimeCreated SystemTime="2015-03-22 14:33:54.485001" />
<EventRecordID>118</EventRecordID>
<Correlation ActivityID="" RelatedActivityID="" />
<Execution ProcessID="476" ThreadID="1828" />
<Channel>Security</Channel>
<Computer>informant-PC</Computer>
<Security UserID="" />
</System>
<EventData><Data Name="TargetUserName">informant</Data>
<Data Name="TargetDomainName">informant-PC</Data>
<Data Name="TargetSid">S-1-5-21-2425377081-3129163575-2985601102-1000</Data>
<Data Name="SubjectUserSid">S-1-5-18</Data>
<Data Name="SubjectUserName">WIN-D9RGPJQ68G8$</Data>
<Data Name="SubjectDomainName">WORKGROUP</Data>
<Data Name="SubjectLogonId">0x00000000000003e7</Data>
</EventData>
</Event>

<Event><System><Provider Guid="{54849625-5478-4994-a5ba-3e3b0328c30d}" Name="Microsoft-Windows-Security-Auditing" />
<EventID Qualifiers="">4738</EventID>
<Version>0</Version>
<Level>0</Level>
<Task>13824</Task>
<Opcode>0</Opcode>
<Keywords>0x8020000000000000</Keywords>
<TimeCreated SystemTime="2015-03-22 14:33:54.485001" />
<EventRecordID>119</EventRecordID>
<Correlation ActivityID="" RelatedActivityID="" />
<Execution ProcessID="476" ThreadID="1828" />
<Channel>Security</Channel>
<Computer>informant-PC</Computer>
<Security UserID="" />
</System>
<EventData><Data Name="Dummy">-</Data>
<Data Name="TargetUserName">informant</Data>
<Data Name="TargetDomainName">informant-PC</Data>
<Data Name="TargetSid">S-1-5-21-2425377081-3129163575-2985601102-1000</Data>
<Data Name="SubjectUserSid">S-1-5-18</Data>
<Data Name="SubjectUserName">WIN-D9RGPJQ68G8$</Data>
<Data Name="SubjectDomainName">WORKGROUP</Data>
<Data Name="SubjectLogonId">0x00000000000003e7</Data>
<Data Name="PrivilegeList">-</Data>
<Data Name="SamAccountName">-</Data>
<Data Name="DisplayName">-</Data>
<Data Name="UserPrincipalName">-</Data>
<Data Name="HomeDirectory">-</Data>
<Data Name="HomePath">-</Data>
<Data Name="ScriptPath">-</Data>
<Data Name="ProfilePath">-</Data>
<Data Name="UserWorkstations">-</Data>
<Data Name="PasswordLastSet">-</Data>
<Data Name="AccountExpires">-</Data>
<Data Name="PrimaryGroupId">-</Data>
<Data Name="AllowedToDelegateTo">-</Data>
<Data Name="OldUacValue">-</Data>
<Data Name="NewUacValue">-</Data>
<Data Name="UserAccountControl">-</Data>
<Data Name="UserParameters">-</Data>
<Data Name="SidHistory">-</Data>
<Data Name="LogonHours">-</Data>
</EventData>
</Event>

<Event><System><Provider Guid="{54849625-5478-4994-a5ba-3e3b0328c30d}" Name="Microsoft-Windows-Security-Auditing" />
<EventID Qualifiers="">4624</EventID>
<Version>0</Version>
<Level>0</Level>
<Task>12544</Task>
<Opcode>0</Opcode>
<Keywords>0x8020000000000000</Keywords>
<TimeCreated SystemTime="2015-03-22 14:34:24.717855" />
<EventRecordID>120</EventRecordID>
<Correlation ActivityID="" RelatedActivityID="" />
<Execution ProcessID="476" ThreadID="1828" />
<Channel>Security</Channel>
<Computer>informant-PC</Computer>
<Security UserID="" />
</System>
<EventData><Data Name="SubjectUserSid">S-1-5-18</Data>
<Data Name="SubjectUserName">WIN-D9RGPJQ68G8$</Data>
<Data Name="SubjectDomainName">WORKGROUP</Data>
<Data Name="SubjectLogonId">0x00000000000003e7</Data>
<Data Name="TargetUserSid">S-1-5-18</Data>
<Data Name="TargetUserName">SYSTEM</Data>
<Data Name="TargetDomainName">NT AUTHORITY</Data>
<Data Name="TargetLogonId">0x00000000000003e7</Data>
<Data Name="LogonType">5</Data>
<Data Name="LogonProcessName">Advapi  </Data>
<Data Name="AuthenticationPackageName">Negotiate</Data>
<Data Name="WorkstationName" />
<Data Name="LogonGuid">{00000000-0000-0000-0000-000000000000}</Data>
<Data Name="TransmittedServices">-</Data>
<Data Name="LmPackageName">-</Data>
<Data Name="KeyLength">0</Data>
<Data Name="ProcessId">0x00000000000001c4</Data>
<Data Name="ProcessName">C:\Windows\System32\services.exe</Data>
<Data Name="IpAddress">-</Data>
<Data Name="IpPort">-</Data>
</EventData>
</Event>

<Event><System><Provider Guid="{54849625-5478-4994-a5ba-3e3b0328c30d}" Name="Microsoft-Windows-Security-Auditing" />
<EventID Qualifiers="">4672</EventID>
<Version>0</Version>
<Level>0</Level>
<Task>12548</Task>
<Opcode>0</Opcode>
<Keywords>0x8020000000000000</Keywords>
<TimeCreated SystemTime="2015-03-22 14:34:24.717855" />
<EventRecordID>121</EventRecordID>
<Correlation ActivityID="" RelatedActivityID="" />
<Execution ProcessID="476" ThreadID="1828" />
<Channel>Security</Channel>
<Computer>informant-PC</Computer>
<Security UserID="" />
</System>
<EventData><Data Name="SubjectUserSid">S-1-5-18</Data>
<Data Name="SubjectUserName">SYSTEM</Data>
<Data Name="SubjectDomainName">NT AUTHORITY</Data>
<Data Name="SubjectLogonId">0x00000000000003e7</Data>
<Data Name="PrivilegeList">SeAssignPrimaryTokenPrivilege
			SeTcbPrivilege
			SeSecurityPrivilege
			SeTakeOwnershipPrivilege
			SeLoadDriverPrivilege
			SeBackupPrivilege
			SeRestorePrivilege
			SeDebugPrivilege
			SeAuditPrivilege
			SeSystemEnvironmentPrivilege
			SeImpersonatePrivilege</Data>
</EventData>
</Event>

<Event><System><Provider Guid="{54849625-5478-4994-a5ba-3e3b0328c30d}" Name="Microsoft-Windows-Security-Auditing" />
<EventID Qualifiers="">4648</EventID>
<Version>0</Version>
<Level>0</Level>
<Task>12544</Task>
<Opcode>0</Opcode>
<Keywords>0x8020000000000000</Keywords>
<TimeCreated SystemTime="2015-03-22 14:34:28.922289" />
<EventRecordID>122</EventRecordID>
<Correlation ActivityID="" RelatedActivityID="" />
<Execution ProcessID="476" ThreadID="796" />
<Channel>Security</Channel>
<Computer>informant-PC</Computer>
<Security UserID="" />
</System>
<EventData><Data Name="SubjectUserSid">S-1-5-18</Data>
<Data Name="SubjectUserName">WIN-D9RGPJQ68G8$</Data>
<Data Name="SubjectDomainName">WORKGROUP</Data>
<Data Name="SubjectLogonId">0x00000000000003e7</Data>
<Data Name="LogonGuid">{00000000-0000-0000-0000-000000000000}</Data>
<Data Name="TargetUserName">informant</Data>
<Data Name="TargetDomainName">informant-PC</Data>
<Data Name="TargetLogonGuid">{00000000-0000-0000-0000-000000000000}</Data>
<Data Name="TargetServerName">localhost</Data>
<Data Name="TargetInfo">localhost</Data>
<Data Name="ProcessId">0x0000000000000194</Data>
<Data Name="ProcessName">C:\Windows\System32\winlogon.exe</Data>
<Data Name="IpAddress">127.0.0.1</Data>
<Data Name="IpPort">0</Data>
</EventData>
</Event>

<Event><System><Provider Guid="{54849625-5478-4994-a5ba-3e3b0328c30d}" Name="Microsoft-Windows-Security-Auditing" />
<EventID Qualifiers="">4624</EventID>
<Version>0</Version>
<Level>0</Level>
<Task>12544</Task>
<Opcode>0</Opcode>
<Keywords>0x8020000000000000</Keywords>
<TimeCreated SystemTime="2015-03-22 14:34:28.922289" />
<EventRecordID>123</EventRecordID>
<Correlation ActivityID="" RelatedActivityID="" />
<Execution ProcessID="476" ThreadID="796" />
<Channel>Security</Channel>
<Computer>informant-PC</Computer>
<Security UserID="" />
</System>
<EventData><Data Name="SubjectUserSid">S-1-5-18</Data>
<Data Name="SubjectUserName">WIN-D9RGPJQ68G8$</Data>
<Data Name="SubjectDomainName">WORKGROUP</Data>
<Data Name="SubjectLogonId">0x00000000000003e7</Data>
<Data Name="TargetUserSid">S-1-5-21-2425377081-3129163575-2985601102-1000</Data>
<Data Name="TargetUserName">informant</Data>
<Data Name="TargetDomainName">informant-PC</Data>
<Data Name="TargetLogonId">0x000000000003be29</Data>
<Data Name="LogonType">2</Data>
<Data Name="LogonProcessName">User32 </Data>
<Data Name="AuthenticationPackageName">Negotiate</Data>
<Data Name="WorkstationName">WIN-D9RGPJQ68G8</Data>
<Data Name="LogonGuid">{00000000-0000-0000-0000-000000000000}</Data>
<Data Name="TransmittedServices">-</Data>
<Data Name="LmPackageName">-</Data>
<Data Name="KeyLength">0</Data>
<Data Name="ProcessId">0x0000000000000194</Data>
<Data Name="ProcessName">C:\Windows\System32\winlogon.exe</Data>
<Data Name="IpAddress">127.0.0.1</Data>
<Data Name="IpPort">0</Data>
</EventData>
</Event>

<Event><System><Provider Guid="{54849625-5478-4994-a5ba-3e3b0328c30d}" Name="Microsoft-Windows-Security-Auditing" />
<EventID Qualifiers="">4624</EventID>
<Version>0</Version>
<Level>0</Level>
<Task>12544</Task>
<Opcode>0</Opcode>
<Keywords>0x8020000000000000</Keywords>
<TimeCreated SystemTime="2015-03-22 14:34:28.922289" />
<EventRecordID>124</EventRecordID>
<Correlation ActivityID="" RelatedActivityID="" />
<Execution ProcessID="476" ThreadID="796" />
<Channel>Security</Channel>
<Computer>informant-PC</Computer>
<Security UserID="" />
</System>
<EventData><Data Name="SubjectUserSid">S-1-5-18</Data>
<Data Name="SubjectUserName">WIN-D9RGPJQ68G8$</Data>
<Data Name="SubjectDomainName">WORKGROUP</Data>
<Data Name="SubjectLogonId">0x00000000000003e7</Data>
<Data Name="TargetUserSid">S-1-5-21-2425377081-3129163575-2985601102-1000</Data>
<Data Name="TargetUserName">informant</Data>
<Data Name="TargetDomainName">informant-PC</Data>
<Data Name="TargetLogonId">0x000000000003db0a</Data>
<Data Name="LogonType">2</Data>
<Data Name="LogonProcessName">User32 </Data>
<Data Name="AuthenticationPackageName">Negotiate</Data>
<Data Name="WorkstationName">WIN-D9RGPJQ68G8</Data>
<Data Name="LogonGuid">{00000000-0000-0000-0000-000000000000}</Data>
<Data Name="TransmittedServices">-</Data>
<Data Name="LmPackageName">-</Data>
<Data Name="KeyLength">0</Data>
<Data Name="ProcessId">0x0000000000000194</Data>
<Data Name="ProcessName">C:\Windows\System32\winlogon.exe</Data>
<Data Name="IpAddress">127.0.0.1</Data>
<Data Name="IpPort">0</Data>
</EventData>
</Event>

<Event><System><Provider Guid="{54849625-5478-4994-a5ba-3e3b0328c30d}" Name="Microsoft-Windows-Security-Auditing" />
<EventID Qualifiers="">4672</EventID>
<Version>0</Version>
<Level>0</Level>
<Task>12548</Task>
<Opcode>0</Opcode>
<Keywords>0x8020000000000000</Keywords>
<TimeCreated SystemTime="2015-03-22 14:34:28.922289" />
<EventRecordID>125</EventRecordID>
<Correlation ActivityID="" RelatedActivityID="" />
<Execution ProcessID="476" ThreadID="796" />
<Channel>Security</Channel>
<Computer>informant-PC</Computer>
<Security UserID="" />
</System>
<EventData><Data Name="SubjectUserSid">S-1-5-21-2425377081-3129163575-2985601102-1000</Data>
<Data Name="SubjectUserName">informant</Data>
<Data Name="SubjectDomainName">informant-PC</Data>
<Data Name="SubjectLogonId">0x000000000003be29</Data>
<Data Name="PrivilegeList">SeSecurityPrivilege
			SeTakeOwnershipPrivilege
			SeLoadDriverPrivilege
			SeBackupPrivilege
			SeRestorePrivilege
			SeDebugPrivilege
			SeSystemEnvironmentPrivilege
			SeImpersonatePrivilege</Data>
</EventData>
</Event>

<Event><System><Provider Guid="{54849625-5478-4994-a5ba-3e3b0328c30d}" Name="Microsoft-Windows-Security-Auditing" />
<EventID Qualifiers="">4624</EventID>
<Version>0</Version>
<Level>0</Level>
<Task>12544</Task>
<Opcode>0</Opcode>
<Keywords>0x8020000000000000</Keywords>
<TimeCreated SystemTime="2015-03-22 14:34:49.529924" />
<EventRecordID>126</EventRecordID>
<Correlation ActivityID="" RelatedActivityID="" />
<Execution ProcessID="476" ThreadID="748" />
<Channel>Security</Channel>
<Computer>informant-PC</Computer>
<Security UserID="" />
</System>
<EventData><Data Name="SubjectUserSid">S-1-5-18</Data>
<Data Name="SubjectUserName">WIN-D9RGPJQ68G8$</Data>
<Data Name="SubjectDomainName">WORKGROUP</Data>
<Data Name="SubjectLogonId">0x00000000000003e7</Data>
<Data Name="TargetUserSid">S-1-5-18</Data>
<Data Name="TargetUserName">SYSTEM</Data>
<Data Name="TargetDomainName">NT AUTHORITY</Data>
<Data Name="TargetLogonId">0x00000000000003e7</Data>
<Data Name="LogonType">5</Data>
<Data Name="LogonProcessName">Advapi  </Data>
<Data Name="AuthenticationPackageName">Negotiate</Data>
<Data Name="WorkstationName" />
<Data Name="LogonGuid">{00000000-0000-0000-0000-000000000000}</Data>
<Data Name="TransmittedServices">-</Data>
<Data Name="LmPackageName">-</Data>
<Data Name="KeyLength">0</Data>
<Data Name="ProcessId">0x00000000000001c4</Data>
<Data Name="ProcessName">C:\Windows\System32\services.exe</Data>
<Data Name="IpAddress">-</Data>
<Data Name="IpPort">-</Data>
</EventData>
</Event>

<Event><System><Provider Guid="{54849625-5478-4994-a5ba-3e3b0328c30d}" Name="Microsoft-Windows-Security-Auditing" />
<EventID Qualifiers="">4672</EventID>
<Version>0</Version>
<Level>0</Level>
<Task>12548</Task>
<Opcode>0</Opcode>
<Keywords>0x8020000000000000</Keywords>
<TimeCreated SystemTime="2015-03-22 14:34:49.529924" />
<EventRecordID>127</EventRecordID>
<Correlation ActivityID="" RelatedActivityID="" />
<Execution ProcessID="476" ThreadID="748" />
<Channel>Security</Channel>
<Computer>informant-PC</Computer>
<Security UserID="" />
</System>
<EventData><Data Name="SubjectUserSid">S-1-5-18</Data>
<Data Name="SubjectUserName">SYSTEM</Data>
<Data Name="SubjectDomainName">NT AUTHORITY</Data>
<Data Name="SubjectLogonId">0x00000000000003e7</Data>
<Data Name="PrivilegeList">SeAssignPrimaryTokenPrivilege
			SeTcbPrivilege
			SeSecurityPrivilege
			SeTakeOwnershipPrivilege
			SeLoadDriverPrivilege
			SeBackupPrivilege
			SeRestorePrivilege
			SeDebugPrivilege
			SeAuditPrivilege
			SeSystemEnvironmentPrivilege
			SeImpersonatePrivilege</Data>
</EventData>
</Event>

<Event><System><Provider Guid="{fc65ddd8-d6ef-4962-83d5-6e5cfe9ce148}" Name="Microsoft-Windows-Eventlog" />
<EventID Qualifiers="">1100</EventID>
<Version>0</Version>
<Level>4</Level>
<Task>103</Task>
<Opcode>0</Opcode>
<Keywords>0x4020000000000000</Keywords>
<TimeCreated SystemTime="2015-03-22 14:38:16.402891" />
<EventRecordID>128</EventRecordID>
<Correlation ActivityID="" RelatedActivityID="" />
<Execution ProcessID="952" ThreadID="2504" />
<Channel>Security</Channel>
<Computer>informant-PC</Computer>
<Security UserID="" />
</System>
<UserData><ServiceShutdown />
</UserData>
</Event>

<Event><System><Provider Guid="{54849625-5478-4994-a5ba-3e3b0328c30d}" Name="Microsoft-Windows-Security-Auditing" />
<EventID Qualifiers="">4647</EventID>
<Version>0</Version>
<Level>0</Level>
<Task>12545</Task>
<Opcode>0</Opcode>
<Keywords>0x8020000000000000</Keywords>
<TimeCreated SystemTime="2015-03-22 14:38:15.888088" />
<EventRecordID>129</EventRecordID>
<Correlation ActivityID="" RelatedActivityID="" />
<Execution ProcessID="476" ThreadID="1828" />
<Channel>Security</Channel>
<Computer>informant-PC</Computer>
<Security UserID="" />
</System>
<EventData><Data Name="TargetUserSid">S-1-5-21-2425377081-3129163575-2985601102-1000</Data>
<Data Name="TargetUserName">informant</Data>
<Data Name="TargetDomainName">informant-PC</Data>
<Data Name="TargetLogonId">0x000000000003db0a</Data>
</EventData>
</Event>

<Event><System><Provider Guid="{54849625-5478-4994-a5ba-3e3b0328c30d}" Name="Microsoft-Windows-Security-Auditing" />
<EventID Qualifiers="">4608</EventID>
<Version>0</Version>
<Level>0</Level>
<Task>12288</Task>
<Opcode>0</Opcode>
<Keywords>0x8020000000000000</Keywords>
<TimeCreated SystemTime="2015-03-22 14:51:14.039225" />
<EventRecordID>130</EventRecordID>
<Correlation ActivityID="" RelatedActivityID="" />
<Execution ProcessID="456" ThreadID="460" />
<Channel>Security</Channel>
<Computer>informant-PC</Computer>
<Security UserID="" />
</System>
<EventData />
</Event>

<Event><System><Provider Guid="{54849625-5478-4994-a5ba-3e3b0328c30d}" Name="Microsoft-Windows-Security-Auditing" />
<EventID Qualifiers="">4624</EventID>
<Version>0</Version>
<Level>0</Level>
<Task>12544</Task>
<Opcode>0</Opcode>
<Keywords>0x8020000000000000</Keywords>
<TimeCreated SystemTime="2015-03-22 14:51:14.086025" />
<EventRecordID>131</EventRecordID>
<Correlation ActivityID="" RelatedActivityID="" />
<Execution ProcessID="456" ThreadID="460" />
<Channel>Security</Channel>
<Computer>informant-PC</Computer>
<Security UserID="" />
</System>
<EventData><Data Name="SubjectUserSid">S-1-0-0</Data>
<Data Name="SubjectUserName">-</Data>
<Data Name="SubjectDomainName">-</Data>
<Data Name="SubjectLogonId">0x0000000000000000</Data>
<Data Name="TargetUserSid">S-1-5-18</Data>
<Data Name="TargetUserName">SYSTEM</Data>
<Data Name="TargetDomainName">NT AUTHORITY</Data>
<Data Name="TargetLogonId">0x00000000000003e7</Data>
<Data Name="LogonType">0</Data>
<Data Name="LogonProcessName">-</Data>
<Data Name="AuthenticationPackageName">-</Data>
<Data Name="WorkstationName">-</Data>
<Data Name="LogonGuid">{00000000-0000-0000-0000-000000000000}</Data>
<Data Name="TransmittedServices">-</Data>
<Data Name="LmPackageName">-</Data>
<Data Name="KeyLength">0</Data>
<Data Name="ProcessId">0x0000000000000004</Data>
<Data Name="ProcessName" />
<Data Name="IpAddress">-</Data>
<Data Name="IpPort">-</Data>
</EventData>
</Event>

