<Event><System><Provider Guid="{54849625-5478-4994-a5ba-3e3b0328c30d}" Name="Microsoft-Windows-Security-Auditing" />
<EventID Qualifiers="">4722</EventID>
<Version>0</Version>
<Level>0</Level>
<Task>13824</Task>
<Opcode>0</Opcode>
<Keywords>0x8020000000000000</Keywords>
<TimeCreated SystemTime="2015-03-22 15:53:01.900034" />
<EventRecordID>1007</EventRecordID>
<Correlation ActivityID="" RelatedActivityID="" />
<Execution ProcessID="500" ThreadID="2668" />
<Channel>Security</Channel>
<Computer>informant-PC</Computer>
<Security UserID="" />
</System>
<EventData><Data Name="TargetUserName">temporary</Data>
<Data Name="TargetDomainName">informant-PC</Data>
<Data Name="TargetSid">S-1-5-21-2425377081-3129163575-2985601102-1003</Data>
<Data Name="SubjectUserSid">S-1-5-21-2425377081-3129163575-2985601102-1000</Data>
<Data Name="SubjectUserName">informant</Data>
<Data Name="SubjectDomainName">informant-PC</Data>
<Data Name="SubjectLogonId">0x00000000000224e3</Data>
</EventData>
</Event>

<Event><System><Provider Guid="{54849625-5478-4994-a5ba-3e3b0328c30d}" Name="Microsoft-Windows-Security-Auditing" />
<EventID Qualifiers="">4738</EventID>
<Version>0</Version>
<Level>0</Level>
<Task>13824</Task>
<Opcode>0</Opcode>
<Keywords>0x8020000000000000</Keywords>
<TimeCreated SystemTime="2015-03-22 15:53:01.900034" />
<EventRecordID>1008</EventRecordID>
<Correlation ActivityID="" RelatedActivityID="" />
<Execution ProcessID="500" ThreadID="2668" />
<Channel>Security</Channel>
<Computer>informant-PC</Computer>
<Security UserID="" />
</System>
<EventData><Data Name="Dummy">-</Data>
<Data Name="TargetUserName">temporary</Data>
<Data Name="TargetDomainName">informant-PC</Data>
<Data Name="TargetSid">S-1-5-21-2425377081-3129163575-2985601102-1003</Data>
<Data Name="SubjectUserSid">S-1-5-21-2425377081-3129163575-2985601102-1000</Data>
<Data Name="SubjectUserName">informant</Data>
<Data Name="SubjectDomainName">informant-PC</Data>
<Data Name="SubjectLogonId">0x00000000000224e3</Data>
<Data Name="PrivilegeList">-</Data>
<Data Name="SamAccountName">temporary</Data>
<Data Name="DisplayName">temporary</Data>
<Data Name="UserPrincipalName">-</Data>
<Data Name="HomeDirectory">%%1793</Data>
<Data Name="HomePath">%%1793</Data>
<Data Name="ScriptPath">%%1793</Data>
<Data Name="ProfilePath">%%1793</Data>
<Data Name="UserWorkstations">%%1793</Data>
<Data Name="PasswordLastSet">%%1794</Data>
<Data Name="AccountExpires">%%1794</Data>
<Data Name="PrimaryGroupId">513</Data>
<Data Name="AllowedToDelegateTo">-</Data>
<Data Name="OldUacValue">0x15</Data>
<Data Name="NewUacValue">0x210</Data>
<Data Name="UserAccountControl">
		%%2048
		%%2050
		%%2089</Data>
<Data Name="UserParameters">%%1793</Data>
<Data Name="SidHistory">-</Data>
<Data Name="LogonHours">%%1797</Data>
</EventData>
</Event>

<Event><System><Provider Guid="{54849625-5478-4994-a5ba-3e3b0328c30d}" Name="Microsoft-Windows-Security-Auditing" />
<EventID Qualifiers="">4732</EventID>
<Version>0</Version>
<Level>0</Level>
<Task>13826</Task>
<Opcode>0</Opcode>
<Keywords>0x8020000000000000</Keywords>
<TimeCreated SystemTime="2015-03-22 15:53:01.915634" />
<EventRecordID>1009</EventRecordID>
<Correlation ActivityID="" RelatedActivityID="" />
<Execution ProcessID="500" ThreadID="2668" />
<Channel>Security</Channel>
<Computer>informant-PC</Computer>
<Security UserID="" />
</System>
<EventData><Data Name="MemberName">-</Data>
<Data Name="MemberSid">S-1-5-21-2425377081-3129163575-2985601102-1003</Data>
<Data Name="TargetUserName">Users</Data>
<Data Name="TargetDomainName">Builtin</Data>
<Data Name="TargetSid">S-1-5-32-545</Data>
<Data Name="SubjectUserSid">S-1-5-21-2425377081-3129163575-2985601102-1000</Data>
<Data Name="SubjectUserName">informant</Data>
<Data Name="SubjectDomainName">informant-PC</Data>
<Data Name="SubjectLogonId">0x00000000000224e3</Data>
<Data Name="PrivilegeList">-</Data>
</EventData>
</Event>

<Event><System><Provider Guid="{54849625-5478-4994-a5ba-3e3b0328c30d}" Name="Microsoft-Windows-Security-Auditing" />
<EventID Qualifiers="">4738</EventID>
<Version>0</Version>
<Level>0</Level>
<Task>13824</Task>
<Opcode>0</Opcode>
<Keywords>0x8020000000000000</Keywords>
<TimeCreated SystemTime="2015-03-22 15:53:01.931234" />
<EventRecordID>1010</EventRecordID>
<Correlation ActivityID="" RelatedActivityID="" />
<Execution ProcessID="500" ThreadID="536" />
<Channel>Security</Channel>
<Computer>informant-PC</Computer>
<Security UserID="" />
</System>
<EventData><Data Name="Dummy">-</Data>
<Data Name="TargetUserName">temporary</Data>
<Data Name="TargetDomainName">informant-PC</Data>
<Data Name="TargetSid">S-1-5-21-2425377081-3129163575-2985601102-1003</Data>
<Data Name="SubjectUserSid">S-1-5-21-2425377081-3129163575-2985601102-1000</Data>
<Data Name="SubjectUserName">informant</Data>
<Data Name="SubjectDomainName">informant-PC</Data>
<Data Name="SubjectLogonId">0x00000000000224e3</Data>
<Data Name="PrivilegeList">-</Data>
<Data Name="SamAccountName">-</Data>
<Data Name="DisplayName">-</Data>
<Data Name="UserPrincipalName">-</Data>
<Data Name="HomeDirectory">-</Data>
<Data Name="HomePath">-</Data>
<Data Name="ScriptPath">-</Data>
<Data Name="ProfilePath">-</Data>
<Data Name="UserWorkstations">-</Data>
<Data Name="PasswordLastSet">-</Data>
<Data Name="AccountExpires">-</Data>
<Data Name="PrimaryGroupId">-</Data>
<Data Name="AllowedToDelegateTo">-</Data>
<Data Name="OldUacValue">-</Data>
<Data Name="NewUacValue">-</Data>
<Data Name="UserAccountControl">-</Data>
<Data Name="UserParameters">-</Data>
<Data Name="SidHistory">-</Data>
<Data Name="LogonHours">-</Data>
</EventData>
</Event>

<Event><System><Provider Guid="{54849625-5478-4994-a5ba-3e3b0328c30d}" Name="Microsoft-Windows-Security-Auditing" />
<EventID Qualifiers="">4738</EventID>
<Version>0</Version>
<Level>0</Level>
<Task>13824</Task>
<Opcode>0</Opcode>
<Keywords>0x8020000000000000</Keywords>
<TimeCreated SystemTime="2015-03-22 15:53:01.978035" />
<EventRecordID>1011</EventRecordID>
<Correlation ActivityID="" RelatedActivityID="" />
<Execution ProcessID="500" ThreadID="2668" />
<Channel>Security</Channel>
<Computer>informant-PC</Computer>
<Security UserID="" />
</System>
<EventData><Data Name="Dummy">-</Data>
<Data Name="TargetUserName">temporary</Data>
<Data Name="TargetDomainName">informant-PC</Data>
<Data Name="TargetSid">S-1-5-21-2425377081-3129163575-2985601102-1003</Data>
<Data Name="SubjectUserSid">S-1-5-21-2425377081-3129163575-2985601102-1000</Data>
<Data Name="SubjectUserName">informant</Data>
<Data Name="SubjectDomainName">informant-PC</Data>
<Data Name="SubjectLogonId">0x00000000000224e3</Data>
<Data Name="PrivilegeList">-</Data>
<Data Name="SamAccountName">temporary</Data>
<Data Name="DisplayName">temporary</Data>
<Data Name="UserPrincipalName">-</Data>
<Data Name="HomeDirectory">%%1793</Data>
<Data Name="HomePath">%%1793</Data>
<Data Name="ScriptPath">%%1793</Data>
<Data Name="ProfilePath">%%1793</Data>
<Data Name="UserWorkstations">%%1793</Data>
<Data Name="PasswordLastSet">%%1794</Data>
<Data Name="AccountExpires">%%1794</Data>
<Data Name="PrimaryGroupId">513</Data>
<Data Name="AllowedToDelegateTo">-</Data>
<Data Name="OldUacValue">0x210</Data>
<Data Name="NewUacValue">0x210</Data>
<Data Name="UserAccountControl">-</Data>
<Data Name="UserParameters">%%1793</Data>
<Data Name="SidHistory">-</Data>
<Data Name="LogonHours">%%1797</Data>
</EventData>
</Event>

<Event><System><Provider Guid="{54849625-5478-4994-a5ba-3e3b0328c30d}" Name="Microsoft-Windows-Security-Auditing" />
<EventID Qualifiers="">4738</EventID>
<Version>0</Version>
<Level>0</Level>
<Task>13824</Task>
<Opcode>0</Opcode>
<Keywords>0x8020000000000000</Keywords>
<TimeCreated SystemTime="2015-03-22 15:53:11.774855" />
<EventRecordID>1012</EventRecordID>
<Correlation ActivityID="" RelatedActivityID="" />
<Execution ProcessID="500" ThreadID="536" />
<Channel>Security</Channel>
<Computer>informant-PC</Computer>
<Security UserID="" />
</System>
<EventData><Data Name="Dummy">-</Data>
<Data Name="TargetUserName">temporary</Data>
<Data Name="TargetDomainName">informant-PC</Data>
<Data Name="TargetSid">S-1-5-21-2425377081-3129163575-2985601102-1003</Data>
<Data Name="SubjectUserSid">S-1-5-21-2425377081-3129163575-2985601102-1000</Data>
<Data Name="SubjectUserName">informant</Data>
<Data Name="SubjectDomainName">informant-PC</Data>
<Data Name="SubjectLogonId">0x00000000000224e3</Data>
<Data Name="PrivilegeList">-</Data>
<Data Name="SamAccountName">temporary</Data>
<Data Name="DisplayName">temporary</Data>
<Data Name="UserPrincipalName">-</Data>
<Data Name="HomeDirectory">%%1793</Data>
<Data Name="HomePath">%%1793</Data>
<Data Name="ScriptPath">%%1793</Data>
<Data Name="ProfilePath">%%1793</Data>
<Data Name="UserWorkstations">%%1793</Data>
<Data Name="PasswordLastSet">3/22/2015 11:53:11 AM</Data>
<Data Name="AccountExpires">%%1794</Data>
<Data Name="PrimaryGroupId">513</Data>
<Data Name="AllowedToDelegateTo">-</Data>
<Data Name="OldUacValue">0x210</Data>
<Data Name="NewUacValue">0x210</Data>
<Data Name="UserAccountControl">-</Data>
<Data Name="UserParameters">-</Data>
<Data Name="SidHistory">-</Data>
<Data Name="LogonHours">%%1797</Data>
</EventData>
</Event>

<Event><System><Provider Guid="{54849625-5478-4994-a5ba-3e3b0328c30d}" Name="Microsoft-Windows-Security-Auditing" />
<EventID Qualifiers="">4724</EventID>
<Version>0</Version>
<Level>0</Level>
<Task>13824</Task>
<Opcode>0</Opcode>
<Keywords>0x8020000000000000</Keywords>
<TimeCreated SystemTime="2015-03-22 15:53:11.774855" />
<EventRecordID>1013</EventRecordID>
<Correlation ActivityID="" RelatedActivityID="" />
<Execution ProcessID="500" ThreadID="536" />
<Channel>Security</Channel>
<Computer>informant-PC</Computer>
<Security UserID="" />
</System>
<EventData><Data Name="TargetUserName">temporary</Data>
<Data Name="TargetDomainName">informant-PC</Data>
<Data Name="TargetSid">S-1-5-21-2425377081-3129163575-2985601102-1003</Data>
<Data Name="SubjectUserSid">S-1-5-21-2425377081-3129163575-2985601102-1000</Data>
<Data Name="SubjectUserName">informant</Data>
<Data Name="SubjectDomainName">informant-PC</Data>
<Data Name="SubjectLogonId">0x00000000000224e3</Data>
</EventData>
</Event>

<Event><System><Provider Guid="{54849625-5478-4994-a5ba-3e3b0328c30d}" Name="Microsoft-Windows-Security-Auditing" />
<EventID Qualifiers="">4738</EventID>
<Version>0</Version>
<Level>0</Level>
<Task>13824</Task>
<Opcode>0</Opcode>
<Keywords>0x8020000000000000</Keywords>
<TimeCreated SystemTime="2015-03-22 15:53:17.267263" />
<EventRecordID>1014</EventRecordID>
<Correlation ActivityID="" RelatedActivityID="" />
<Execution ProcessID="500" ThreadID="2668" />
<Channel>Security</Channel>
<Computer>informant-PC</Computer>
<Security UserID="" />
</System>
<EventData><Data Name="Dummy">-</Data>
<Data Name="TargetUserName">temporary</Data>
<Data Name="TargetDomainName">informant-PC</Data>
<Data Name="TargetSid">S-1-5-21-2425377081-3129163575-2985601102-1003</Data>
<Data Name="SubjectUserSid">S-1-5-21-2425377081-3129163575-2985601102-1000</Data>
<Data Name="SubjectUserName">informant</Data>
<Data Name="SubjectDomainName">informant-PC</Data>
<Data Name="SubjectLogonId">0x00000000000224e3</Data>
<Data Name="PrivilegeList">-</Data>
<Data Name="SamAccountName">-</Data>
<Data Name="DisplayName">-</Data>
<Data Name="UserPrincipalName">-</Data>
<Data Name="HomeDirectory">-</Data>
<Data Name="HomePath">-</Data>
<Data Name="ScriptPath">-</Data>
<Data Name="ProfilePath">-</Data>
<Data Name="UserWorkstations">-</Data>
<Data Name="PasswordLastSet">-</Data>
<Data Name="AccountExpires">-</Data>
<Data Name="PrimaryGroupId">-</Data>
<Data Name="AllowedToDelegateTo">-</Data>
<Data Name="OldUacValue">-</Data>
<Data Name="NewUacValue">-</Data>
<Data Name="UserAccountControl">-</Data>
<Data Name="UserParameters">-</Data>
<Data Name="SidHistory">-</Data>
<Data Name="LogonHours">-</Data>
</EventData>
</Event>

<Event><System><Provider Guid="{54849625-5478-4994-a5ba-3e3b0328c30d}" Name="Microsoft-Windows-Security-Auditing" />
<EventID Qualifiers="">4648</EventID>
<Version>0</Version>
<Level>0</Level>
<Task>12544</Task>
<Opcode>0</Opcode>
<Keywords>0x8020000000000000</Keywords>
<TimeCreated SystemTime="2015-03-22 15:53:44.310112" />
<EventRecordID>1015</EventRecordID>
<Correlation ActivityID="" RelatedActivityID="" />
<Execution ProcessID="500" ThreadID="2668" />
<Channel>Security</Channel>
<Computer>informant-PC</Computer>
<Security UserID="" />
</System>
<EventData><Data Name="SubjectUserSid">S-1-5-18</Data>
<Data Name="SubjectUserName">INFORMANT-PC$</Data>
<Data Name="SubjectDomainName">WORKGROUP</Data>
<Data Name="SubjectLogonId">0x00000000000003e7</Data>
<Data Name="LogonGuid">{00000000-0000-0000-0000-000000000000}</Data>
<Data Name="TargetUserName">admin11</Data>
<Data Name="TargetDomainName">informant-PC</Data>
<Data Name="TargetLogonGuid">{00000000-0000-0000-0000-000000000000}</Data>
<Data Name="TargetServerName">localhost</Data>
<Data Name="TargetInfo">localhost</Data>
<Data Name="ProcessId">0x00000000000007a0</Data>
<Data Name="ProcessName">C:\Windows\System32\winlogon.exe</Data>
<Data Name="IpAddress">127.0.0.1</Data>
<Data Name="IpPort">0</Data>
</EventData>
</Event>

<Event><System><Provider Guid="{54849625-5478-4994-a5ba-3e3b0328c30d}" Name="Microsoft-Windows-Security-Auditing" />
<EventID Qualifiers="">4624</EventID>
<Version>0</Version>
<Level>0</Level>
<Task>12544</Task>
<Opcode>0</Opcode>
<Keywords>0x8020000000000000</Keywords>
<TimeCreated SystemTime="2015-03-22 15:53:44.310112" />
<EventRecordID>1016</EventRecordID>
<Correlation ActivityID="" RelatedActivityID="" />
<Execution ProcessID="500" ThreadID="2668" />
<Channel>Security</Channel>
<Computer>informant-PC</Computer>
<Security UserID="" />
</System>
<EventData><Data Name="SubjectUserSid">S-1-5-18</Data>
<Data Name="SubjectUserName">INFORMANT-PC$</Data>
<Data Name="SubjectDomainName">WORKGROUP</Data>
<Data Name="SubjectLogonId">0x00000000000003e7</Data>
<Data Name="TargetUserSid">S-1-5-21-2425377081-3129163575-2985601102-1001</Data>
<Data Name="TargetUserName">admin11</Data>
<Data Name="TargetDomainName">informant-PC</Data>
<Data Name="TargetLogonId">0x0000000000094b57</Data>
<Data Name="LogonType">2</Data>
<Data Name="LogonProcessName">User32 </Data>
<Data Name="AuthenticationPackageName">Negotiate</Data>
<Data Name="WorkstationName">INFORMANT-PC</Data>
<Data Name="LogonGuid">{00000000-0000-0000-0000-000000000000}</Data>
<Data Name="TransmittedServices">-</Data>
<Data Name="LmPackageName">-</Data>
<Data Name="KeyLength">0</Data>
<Data Name="ProcessId">0x00000000000007a0</Data>
<Data Name="ProcessName">C:\Windows\System32\winlogon.exe</Data>
<Data Name="IpAddress">127.0.0.1</Data>
<Data Name="IpPort">0</Data>
</EventData>
</Event>

<Event><System><Provider Guid="{54849625-5478-4994-a5ba-3e3b0328c30d}" Name="Microsoft-Windows-Security-Auditing" />
<EventID Qualifiers="">4624</EventID>
<Version>0</Version>
<Level>0</Level>
<Task>12544</Task>
<Opcode>0</Opcode>
<Keywords>0x8020000000000000</Keywords>
<TimeCreated SystemTime="2015-03-22 15:53:44.310112" />
<EventRecordID>1017</EventRecordID>
<Correlation ActivityID="" RelatedActivityID="" />
<Execution ProcessID="500" ThreadID="2668" />
<Channel>Security</Channel>
<Computer>informant-PC</Computer>
<Security UserID="" />
</System>
<EventData><Data Name="SubjectUserSid">S-1-5-18</Data>
<Data Name="SubjectUserName">INFORMANT-PC$</Data>
<Data Name="SubjectDomainName">WORKGROUP</Data>
<Data Name="SubjectLogonId">0x00000000000003e7</Data>
<Data Name="TargetUserSid">S-1-5-21-2425377081-3129163575-2985601102-1001</Data>
<Data Name="TargetUserName">admin11</Data>
<Data Name="TargetDomainName">informant-PC</Data>
<Data Name="TargetLogonId">0x0000000000094b71</Data>
<Data Name="LogonType">2</Data>
<Data Name="LogonProcessName">User32 </Data>
<Data Name="AuthenticationPackageName">Negotiate</Data>
<Data Name="WorkstationName">INFORMANT-PC</Data>
<Data Name="LogonGuid">{00000000-0000-0000-0000-000000000000}</Data>
<Data Name="TransmittedServices">-</Data>
<Data Name="LmPackageName">-</Data>
<Data Name="KeyLength">0</Data>
<Data Name="ProcessId">0x00000000000007a0</Data>
<Data Name="ProcessName">C:\Windows\System32\winlogon.exe</Data>
<Data Name="IpAddress">127.0.0.1</Data>
<Data Name="IpPort">0</Data>
</EventData>
</Event>

<Event><System><Provider Guid="{54849625-5478-4994-a5ba-3e3b0328c30d}" Name="Microsoft-Windows-Security-Auditing" />
<EventID Qualifiers="">4672</EventID>
<Version>0</Version>
<Level>0</Level>
<Task>12548</Task>
<Opcode>0</Opcode>
<Keywords>0x8020000000000000</Keywords>
<TimeCreated SystemTime="2015-03-22 15:53:44.310112" />
<EventRecordID>1018</EventRecordID>
<Correlation ActivityID="" RelatedActivityID="" />
<Execution ProcessID="500" ThreadID="2668" />
<Channel>Security</Channel>
<Computer>informant-PC</Computer>
<Security UserID="" />
</System>
<EventData><Data Name="SubjectUserSid">S-1-5-21-2425377081-3129163575-2985601102-1001</Data>
<Data Name="SubjectUserName">admin11</Data>
<Data Name="SubjectDomainName">informant-PC</Data>
<Data Name="SubjectLogonId">0x0000000000094b57</Data>
<Data Name="PrivilegeList">SeSecurityPrivilege
			SeTakeOwnershipPrivilege
			SeLoadDriverPrivilege
			SeBackupPrivilege
			SeRestorePrivilege
			SeDebugPrivilege
			SeSystemEnvironmentPrivilege
			SeImpersonatePrivilege</Data>
</EventData>
</Event>

<Event><System><Provider Guid="{54849625-5478-4994-a5ba-3e3b0328c30d}" Name="Microsoft-Windows-Security-Auditing" />
<EventID Qualifiers="">4647</EventID>
<Version>0</Version>
<Level>0</Level>
<Task>12545</Task>
<Opcode>0</Opcode>
<Keywords>0x8020000000000000</Keywords>
<TimeCreated SystemTime="2015-03-22 15:55:52.345053" />
<EventRecordID>1019</EventRecordID>
<Correlation ActivityID="" RelatedActivityID="" />
<Execution ProcessID="500" ThreadID="2272" />
<Channel>Security</Channel>
<Computer>informant-PC</Computer>
<Security UserID="" />
</System>
<EventData><Data Name="TargetUserSid">S-1-5-21-2425377081-3129163575-2985601102-1001</Data>
<Data Name="TargetUserName">admin11</Data>
<Data Name="TargetDomainName">informant-PC</Data>
<Data Name="TargetLogonId">0x0000000000094b71</Data>
</EventData>
</Event>

<Event><System><Provider Guid="{54849625-5478-4994-a5ba-3e3b0328c30d}" Name="Microsoft-Windows-Security-Auditing" />
<EventID Qualifiers="">4648</EventID>
<Version>0</Version>
<Level>0</Level>
<Task>12544</Task>
<Opcode>0</Opcode>
<Keywords>0x8020000000000000</Keywords>
<TimeCreated SystemTime="2015-03-22 15:55:57.259062" />
<EventRecordID>1020</EventRecordID>
<Correlation ActivityID="" RelatedActivityID="" />
<Execution ProcessID="500" ThreadID="2668" />
<Channel>Security</Channel>
<Computer>informant-PC</Computer>
<Security UserID="" />
</System>
<EventData><Data Name="SubjectUserSid">S-1-5-18</Data>
<Data Name="SubjectUserName">INFORMANT-PC$</Data>
<Data Name="SubjectDomainName">WORKGROUP</Data>
<Data Name="SubjectLogonId">0x00000000000003e7</Data>
<Data Name="LogonGuid">{00000000-0000-0000-0000-000000000000}</Data>
<Data Name="TargetUserName">temporary</Data>
<Data Name="TargetDomainName">informant-PC</Data>
<Data Name="TargetLogonGuid">{00000000-0000-0000-0000-000000000000}</Data>
<Data Name="TargetServerName">localhost</Data>
<Data Name="TargetInfo">localhost</Data>
<Data Name="ProcessId">0x000000000000072c</Data>
<Data Name="ProcessName">C:\Windows\System32\winlogon.exe</Data>
<Data Name="IpAddress">127.0.0.1</Data>
<Data Name="IpPort">0</Data>
</EventData>
</Event>

<Event><System><Provider Guid="{54849625-5478-4994-a5ba-3e3b0328c30d}" Name="Microsoft-Windows-Security-Auditing" />
<EventID Qualifiers="">4624</EventID>
<Version>0</Version>
<Level>0</Level>
<Task>12544</Task>
<Opcode>0</Opcode>
<Keywords>0x8020000000000000</Keywords>
<TimeCreated SystemTime="2015-03-22 15:55:57.259062" />
<EventRecordID>1021</EventRecordID>
<Correlation ActivityID="" RelatedActivityID="" />
<Execution ProcessID="500" ThreadID="2668" />
<Channel>Security</Channel>
<Computer>informant-PC</Computer>
<Security UserID="" />
</System>
<EventData><Data Name="SubjectUserSid">S-1-5-18</Data>
<Data Name="SubjectUserName">INFORMANT-PC$</Data>
<Data Name="SubjectDomainName">WORKGROUP</Data>
<Data Name="SubjectLogonId">0x00000000000003e7</Data>
<Data Name="TargetUserSid">S-1-5-21-2425377081-3129163575-2985601102-1003</Data>
<Data Name="TargetUserName">temporary</Data>
<Data Name="TargetDomainName">informant-PC</Data>
<Data Name="TargetLogonId">0x00000000000f2cd6</Data>
<Data Name="LogonType">2</Data>
<Data Name="LogonProcessName">User32 </Data>
<Data Name="AuthenticationPackageName">Negotiate</Data>
<Data Name="WorkstationName">INFORMANT-PC</Data>
<Data Name="LogonGuid">{00000000-0000-0000-0000-000000000000}</Data>
<Data Name="TransmittedServices">-</Data>
<Data Name="LmPackageName">-</Data>
<Data Name="KeyLength">0</Data>
<Data Name="ProcessId">0x000000000000072c</Data>
<Data Name="ProcessName">C:\Windows\System32\winlogon.exe</Data>
<Data Name="IpAddress">127.0.0.1</Data>
<Data Name="IpPort">0</Data>
</EventData>
</Event>

<Event><System><Provider Guid="{54849625-5478-4994-a5ba-3e3b0328c30d}" Name="Microsoft-Windows-Security-Auditing" />
<EventID Qualifiers="">4634</EventID>
<Version>0</Version>
<Level>0</Level>
<Task>12545</Task>
<Opcode>0</Opcode>
<Keywords>0x8020000000000000</Keywords>
<TimeCreated SystemTime="2015-03-22 15:56:45.514757" />
<EventRecordID>1022</EventRecordID>
<Correlation ActivityID="" RelatedActivityID="" />
<Execution ProcessID="500" ThreadID="2668" />
<Channel>Security</Channel>
<Computer>informant-PC</Computer>
<Security UserID="" />
</System>
<EventData><Data Name="TargetUserSid">S-1-5-21-2425377081-3129163575-2985601102-1001</Data>
<Data Name="TargetUserName">admin11</Data>
<Data Name="TargetDomainName">informant-PC</Data>
<Data Name="TargetLogonId">0x0000000000094b71</Data>
<Data Name="LogonType">2</Data>
</EventData>
</Event>

<Event><System><Provider Guid="{54849625-5478-4994-a5ba-3e3b0328c30d}" Name="Microsoft-Windows-Security-Auditing" />
<EventID Qualifiers="">4634</EventID>
<Version>0</Version>
<Level>0</Level>
<Task>12545</Task>
<Opcode>0</Opcode>
<Keywords>0x8020000000000000</Keywords>
<TimeCreated SystemTime="2015-03-22 15:56:45.514757" />
<EventRecordID>1023</EventRecordID>
<Correlation ActivityID="" RelatedActivityID="" />
<Execution ProcessID="500" ThreadID="2668" />
<Channel>Security</Channel>
<Computer>informant-PC</Computer>
<Security UserID="" />
</System>
<EventData><Data Name="TargetUserSid">S-1-5-21-2425377081-3129163575-2985601102-1001</Data>
<Data Name="TargetUserName">admin11</Data>
<Data Name="TargetDomainName">informant-PC</Data>
<Data Name="TargetLogonId">0x0000000000094b57</Data>
<Data Name="LogonType">2</Data>
</EventData>
</Event>

<Event><System><Provider Guid="{54849625-5478-4994-a5ba-3e3b0328c30d}" Name="Microsoft-Windows-Security-Auditing" />
<EventID Qualifiers="">4647</EventID>
<Version>0</Version>
<Level>0</Level>
<Task>12545</Task>
<Opcode>0</Opcode>
<Keywords>0x8020000000000000</Keywords>
<TimeCreated SystemTime="2015-03-22 15:56:58.020781" />
<EventRecordID>1024</EventRecordID>
<Correlation ActivityID="" RelatedActivityID="" />
<Execution ProcessID="500" ThreadID="2668" />
<Channel>Security</Channel>
<Computer>informant-PC</Computer>
<Security UserID="" />
</System>
<EventData><Data Name="TargetUserSid">S-1-5-21-2425377081-3129163575-2985601102-1003</Data>
<Data Name="TargetUserName">temporary</Data>
<Data Name="TargetDomainName">informant-PC</Data>
<Data Name="TargetLogonId">0x00000000000f2cd6</Data>
</EventData>
</Event>

<Event><System><Provider Guid="{54849625-5478-4994-a5ba-3e3b0328c30d}" Name="Microsoft-Windows-Security-Auditing" />
<EventID Qualifiers="">4648</EventID>
<Version>0</Version>
<Level>0</Level>
<Task>12544</Task>
<Opcode>0</Opcode>
<Keywords>0x8020000000000000</Keywords>
<TimeCreated SystemTime="2015-03-22 15:57:02.435589" />
<EventRecordID>1025</EventRecordID>
<Correlation ActivityID="" RelatedActivityID="" />
<Execution ProcessID="500" ThreadID="2668" />
<Channel>Security</Channel>
<Computer>informant-PC</Computer>
<Security UserID="" />
</System>
<EventData><Data Name="SubjectUserSid">S-1-5-18</Data>
<Data Name="SubjectUserName">INFORMANT-PC$</Data>
<Data Name="SubjectDomainName">WORKGROUP</Data>
<Data Name="SubjectLogonId">0x00000000000003e7</Data>
<Data Name="LogonGuid">{00000000-0000-0000-0000-000000000000}</Data>
<Data Name="TargetUserName">admin11</Data>
<Data Name="TargetDomainName">informant-PC</Data>
<Data Name="TargetLogonGuid">{00000000-0000-0000-0000-000000000000}</Data>
<Data Name="TargetServerName">localhost</Data>
<Data Name="TargetInfo">localhost</Data>
<Data Name="ProcessId">0x0000000000000954</Data>
<Data Name="ProcessName">C:\Windows\System32\winlogon.exe</Data>
<Data Name="IpAddress">127.0.0.1</Data>
<Data Name="IpPort">0</Data>
</EventData>
</Event>

<Event><System><Provider Guid="{54849625-5478-4994-a5ba-3e3b0328c30d}" Name="Microsoft-Windows-Security-Auditing" />
<EventID Qualifiers="">4624</EventID>
<Version>0</Version>
<Level>0</Level>
<Task>12544</Task>
<Opcode>0</Opcode>
<Keywords>0x8020000000000000</Keywords>
<TimeCreated SystemTime="2015-03-22 15:57:02.435589" />
<EventRecordID>1026</EventRecordID>
<Correlation ActivityID="" RelatedActivityID="" />
<Execution ProcessID="500" ThreadID="2668" />
<Channel>Security</Channel>
<Computer>informant-PC</Computer>
<Security UserID="" />
</System>
<EventData><Data Name="SubjectUserSid">S-1-5-18</Data>
<Data Name="SubjectUserName">INFORMANT-PC$</Data>
<Data Name="SubjectDomainName">WORKGROUP</Data>
<Data Name="SubjectLogonId">0x00000000000003e7</Data>
<Data Name="TargetUserSid">S-1-5-21-2425377081-3129163575-2985601102-1001</Data>
<Data Name="TargetUserName">admin11</Data>
<Data Name="TargetDomainName">informant-PC</Data>
<Data Name="TargetLogonId">0x00000000001354b3</Data>
<Data Name="LogonType">2</Data>
<Data Name="LogonProcessName">User32 </Data>
<Data Name="AuthenticationPackageName">Negotiate</Data>
<Data Name="WorkstationName">INFORMANT-PC</Data>
<Data Name="LogonGuid">{00000000-0000-0000-0000-000000000000}</Data>
<Data Name="TransmittedServices">-</Data>
<Data Name="LmPackageName">-</Data>
<Data Name="KeyLength">0</Data>
<Data Name="ProcessId">0x0000000000000954</Data>
<Data Name="ProcessName">C:\Windows\System32\winlogon.exe</Data>
<Data Name="IpAddress">127.0.0.1</Data>
<Data Name="IpPort">0</Data>
</EventData>
</Event>

<Event><System><Provider Guid="{54849625-5478-4994-a5ba-3e3b0328c30d}" Name="Microsoft-Windows-Security-Auditing" />
<EventID Qualifiers="">4624</EventID>
<Version>0</Version>
<Level>0</Level>
<Task>12544</Task>
<Opcode>0</Opcode>
<Keywords>0x8020000000000000</Keywords>
<TimeCreated SystemTime="2015-03-22 15:57:02.435589" />
<EventRecordID>1027</EventRecordID>
<Correlation ActivityID="" RelatedActivityID="" />
<Execution ProcessID="500" ThreadID="2668" />
<Channel>Security</Channel>
<Computer>informant-PC</Computer>
<Security UserID="" />
</System>
<EventData><Data Name="SubjectUserSid">S-1-5-18</Data>
<Data Name="SubjectUserName">INFORMANT-PC$</Data>
<Data Name="SubjectDomainName">WORKGROUP</Data>
<Data Name="SubjectLogonId">0x00000000000003e7</Data>
<Data Name="TargetUserSid">S-1-5-21-2425377081-3129163575-2985601102-1001</Data>
<Data Name="TargetUserName">admin11</Data>
<Data Name="TargetDomainName">informant-PC</Data>
<Data Name="TargetLogonId">0x00000000001354c8</Data>
<Data Name="LogonType">2</Data>
<Data Name="LogonProcessName">User32 </Data>
<Data Name="AuthenticationPackageName">Negotiate</Data>
<Data Name="WorkstationName">INFORMANT-PC</Data>
<Data Name="LogonGuid">{00000000-0000-0000-0000-000000000000}</Data>
<Data Name="TransmittedServices">-</Data>
<Data Name="LmPackageName">-</Data>
<Data Name="KeyLength">0</Data>
<Data Name="ProcessId">0x0000000000000954</Data>
<Data Name="ProcessName">C:\Windows\System32\winlogon.exe</Data>
<Data Name="IpAddress">127.0.0.1</Data>
<Data Name="IpPort">0</Data>
</EventData>
</Event>

<Event><System><Provider Guid="{54849625-5478-4994-a5ba-3e3b0328c30d}" Name="Microsoft-Windows-Security-Auditing" />
<EventID Qualifiers="">4672</EventID>
<Version>0</Version>
<Level>0</Level>
<Task>12548</Task>
<Opcode>0</Opcode>
<Keywords>0x8020000000000000</Keywords>
<TimeCreated SystemTime="2015-03-22 15:57:02.435589" />
<EventRecordID>1028</EventRecordID>
<Correlation ActivityID="" RelatedActivityID="" />
<Execution ProcessID="500" ThreadID="2668" />
<Channel>Security</Channel>
<Computer>informant-PC</Computer>
<Security UserID="" />
</System>
<EventData><Data Name="SubjectUserSid">S-1-5-21-2425377081-3129163575-2985601102-1001</Data>
<Data Name="SubjectUserName">admin11</Data>
<Data Name="SubjectDomainName">informant-PC</Data>
<Data Name="SubjectLogonId">0x00000000001354b3</Data>
<Data Name="PrivilegeList">SeSecurityPrivilege
			SeTakeOwnershipPrivilege
			SeLoadDriverPrivilege
			SeBackupPrivilege
			SeRestorePrivilege
			SeDebugPrivilege
			SeSystemEnvironmentPrivilege
			SeImpersonatePrivilege</Data>
</EventData>
</Event>

<Event><System><Provider Guid="{54849625-5478-4994-a5ba-3e3b0328c30d}" Name="Microsoft-Windows-Security-Auditing" />
<EventID Qualifiers="">4647</EventID>
<Version>0</Version>
<Level>0</Level>
<Task>12545</Task>
<Opcode>0</Opcode>
<Keywords>0x8020000000000000</Keywords>
<TimeCreated SystemTime="2015-03-22 15:57:41.899269" />
<EventRecordID>1029</EventRecordID>
<Correlation ActivityID="" RelatedActivityID="" />
<Execution ProcessID="500" ThreadID="2272" />
<Channel>Security</Channel>
<Computer>informant-PC</Computer>
<Security UserID="" />
</System>
<EventData><Data Name="TargetUserSid">S-1-5-21-2425377081-3129163575-2985601102-1001</Data>
<Data Name="TargetUserName">admin11</Data>
<Data Name="TargetDomainName">informant-PC</Data>
<Data Name="TargetLogonId">0x00000000001354c8</Data>
</EventData>
</Event>

<Event><System><Provider Guid="{54849625-5478-4994-a5ba-3e3b0328c30d}" Name="Microsoft-Windows-Security-Auditing" />
<EventID Qualifiers="">4648</EventID>
<Version>0</Version>
<Level>0</Level>
<Task>12544</Task>
<Opcode>0</Opcode>
<Keywords>0x8020000000000000</Keywords>
<TimeCreated SystemTime="2015-03-22 15:57:54.426090" />
<EventRecordID>1030</EventRecordID>
<Correlation ActivityID="" RelatedActivityID="" />
<Execution ProcessID="500" ThreadID="2272" />
<Channel>Security</Channel>
<Computer>informant-PC</Computer>
<Security UserID="" />
</System>
<EventData><Data Name="SubjectUserSid">S-1-5-18</Data>
<Data Name="SubjectUserName">INFORMANT-PC$</Data>
<Data Name="SubjectDomainName">WORKGROUP</Data>
<Data Name="SubjectLogonId">0x00000000000003e7</Data>
<Data Name="LogonGuid">{00000000-0000-0000-0000-000000000000}</Data>
<Data Name="TargetUserName">informant</Data>
<Data Name="TargetDomainName">informant-PC</Data>
<Data Name="TargetLogonGuid">{00000000-0000-0000-0000-000000000000}</Data>
<Data Name="TargetServerName">localhost</Data>
<Data Name="TargetInfo">localhost</Data>
<Data Name="ProcessId">0x0000000000000c1c</Data>
<Data Name="ProcessName">C:\Windows\System32\winlogon.exe</Data>
<Data Name="IpAddress">127.0.0.1</Data>
<Data Name="IpPort">0</Data>
</EventData>
</Event>

<Event><System><Provider Guid="{54849625-5478-4994-a5ba-3e3b0328c30d}" Name="Microsoft-Windows-Security-Auditing" />
<EventID Qualifiers="">4624</EventID>
<Version>0</Version>
<Level>0</Level>
<Task>12544</Task>
<Opcode>0</Opcode>
<Keywords>0x8020000000000000</Keywords>
<TimeCreated SystemTime="2015-03-22 15:57:54.426090" />
<EventRecordID>1031</EventRecordID>
<Correlation ActivityID="" RelatedActivityID="" />
<Execution ProcessID="500" ThreadID="2272" />
<Channel>Security</Channel>
<Computer>informant-PC</Computer>
<Security UserID="" />
</System>
<EventData><Data Name="SubjectUserSid">S-1-5-18</Data>
<Data Name="SubjectUserName">INFORMANT-PC$</Data>
<Data Name="SubjectDomainName">WORKGROUP</Data>
<Data Name="SubjectLogonId">0x00000000000003e7</Data>
<Data Name="TargetUserSid">S-1-5-21-2425377081-3129163575-2985601102-1000</Data>
<Data Name="TargetUserName">informant</Data>
<Data Name="TargetDomainName">informant-PC</Data>
<Data Name="TargetLogonId">0x0000000000157b62</Data>
<Data Name="LogonType">2</Data>
<Data Name="LogonProcessName">User32 </Data>
<Data Name="AuthenticationPackageName">Negotiate</Data>
<Data Name="WorkstationName">INFORMANT-PC</Data>
<Data Name="LogonGuid">{00000000-0000-0000-0000-000000000000}</Data>
<Data Name="TransmittedServices">-</Data>
<Data Name="LmPackageName">-</Data>
<Data Name="KeyLength">0</Data>
<Data Name="ProcessId">0x0000000000000c1c</Data>
<Data Name="ProcessName">C:\Windows\System32\winlogon.exe</Data>
<Data Name="IpAddress">127.0.0.1</Data>
<Data Name="IpPort">0</Data>
</EventData>
</Event>

<Event><System><Provider Guid="{54849625-5478-4994-a5ba-3e3b0328c30d}" Name="Microsoft-Windows-Security-Auditing" />
<EventID Qualifiers="">4624</EventID>
<Version>0</Version>
<Level>0</Level>
<Task>12544</Task>
<Opcode>0</Opcode>
<Keywords>0x8020000000000000</Keywords>
<TimeCreated SystemTime="2015-03-22 15:57:54.426090" />
<EventRecordID>1032</EventRecordID>
<Correlation ActivityID="" RelatedActivityID="" />
<Execution ProcessID="500" ThreadID="2272" />
<Channel>Security</Channel>
<Computer>informant-PC</Computer>
<Security UserID="" />
</System>
<EventData><Data Name="SubjectUserSid">S-1-5-18</Data>
<Data Name="SubjectUserName">INFORMANT-PC$</Data>
<Data Name="SubjectDomainName">WORKGROUP</Data>
<Data Name="SubjectLogonId">0x00000000000003e7</Data>
<Data Name="TargetUserSid">S-1-5-21-2425377081-3129163575-2985601102-1000</Data>
<Data Name="TargetUserName">informant</Data>
<Data Name="TargetDomainName">informant-PC</Data>
<Data Name="TargetLogonId">0x0000000000157b78</Data>
<Data Name="LogonType">2</Data>
<Data Name="LogonProcessName">User32 </Data>
<Data Name="AuthenticationPackageName">Negotiate</Data>
<Data Name="WorkstationName">INFORMANT-PC</Data>
<Data Name="LogonGuid">{00000000-0000-0000-0000-000000000000}</Data>
<Data Name="TransmittedServices">-</Data>
<Data Name="LmPackageName">-</Data>
<Data Name="KeyLength">0</Data>
<Data Name="ProcessId">0x0000000000000c1c</Data>
<Data Name="ProcessName">C:\Windows\System32\winlogon.exe</Data>
<Data Name="IpAddress">127.0.0.1</Data>
<Data Name="IpPort">0</Data>
</EventData>
</Event>

<Event><System><Provider Guid="{54849625-5478-4994-a5ba-3e3b0328c30d}" Name="Microsoft-Windows-Security-Auditing" />
<EventID Qualifiers="">4672</EventID>
<Version>0</Version>
<Level>0</Level>
<Task>12548</Task>
<Opcode>0</Opcode>
<Keywords>0x8020000000000000</Keywords>
<TimeCreated SystemTime="2015-03-22 15:57:54.426090" />
<EventRecordID>1033</EventRecordID>
<Correlation ActivityID="" RelatedActivityID="" />
<Execution ProcessID="500" ThreadID="2272" />
<Channel>Security</Channel>
<Computer>informant-PC</Computer>
<Security UserID="" />
</System>
<EventData><Data Name="SubjectUserSid">S-1-5-21-2425377081-3129163575-2985601102-1000</Data>
<Data Name="SubjectUserName">informant</Data>
<Data Name="SubjectDomainName">informant-PC</Data>
<Data Name="SubjectLogonId">0x0000000000157b62</Data>
<Data Name="PrivilegeList">SeSecurityPrivilege
			SeTakeOwnershipPrivilege
			SeLoadDriverPrivilege
			SeBackupPrivilege
			SeRestorePrivilege
			SeDebugPrivilege
			SeSystemEnvironmentPrivilege
			SeImpersonatePrivilege</Data>
</EventData>
</Event>

<Event><System><Provider Guid="{54849625-5478-4994-a5ba-3e3b0328c30d}" Name="Microsoft-Windows-Security-Auditing" />
<EventID Qualifiers="">4634</EventID>
<Version>0</Version>
<Level>0</Level>
<Task>12545</Task>
<Opcode>0</Opcode>
<Keywords>0x8020000000000000</Keywords>
<TimeCreated SystemTime="2015-03-22 15:57:55.533691" />
<EventRecordID>1034</EventRecordID>
<Correlation ActivityID="" RelatedActivityID="" />
<Execution ProcessID="500" ThreadID="988" />
<Channel>Security</Channel>
<Computer>informant-PC</Computer>
<Security UserID="" />
</System>
<EventData><Data Name="TargetUserSid">S-1-5-21-2425377081-3129163575-2985601102-1000</Data>
<Data Name="TargetUserName">informant</Data>
<Data Name="TargetDomainName">informant-PC</Data>
<Data Name="TargetLogonId">0x0000000000157b78</Data>
<Data Name="LogonType">2</Data>
</EventData>
</Event>

<Event><System><Provider Guid="{54849625-5478-4994-a5ba-3e3b0328c30d}" Name="Microsoft-Windows-Security-Auditing" />
<EventID Qualifiers="">4634</EventID>
<Version>0</Version>
<Level>0</Level>
<Task>12545</Task>
<Opcode>0</Opcode>
<Keywords>0x8020000000000000</Keywords>
<TimeCreated SystemTime="2015-03-22 15:57:55.533691" />
<EventRecordID>1035</EventRecordID>
<Correlation ActivityID="" RelatedActivityID="" />
<Execution ProcessID="500" ThreadID="2272" />
<Channel>Security</Channel>
<Computer>informant-PC</Computer>
<Security UserID="" />
</System>
<EventData><Data Name="TargetUserSid">S-1-5-21-2425377081-3129163575-2985601102-1000</Data>
<Data Name="TargetUserName">informant</Data>
<Data Name="TargetDomainName">informant-PC</Data>
<Data Name="TargetLogonId">0x0000000000157b62</Data>
<Data Name="LogonType">2</Data>
</EventData>
</Event>

<Event><System><Provider Guid="{54849625-5478-4994-a5ba-3e3b0328c30d}" Name="Microsoft-Windows-Security-Auditing" />
<EventID Qualifiers="">4634</EventID>
<Version>0</Version>
<Level>0</Level>
<Task>12545</Task>
<Opcode>0</Opcode>
<Keywords>0x8020000000000000</Keywords>
<TimeCreated SystemTime="2015-03-22 15:57:56.376093" />
<EventRecordID>1036</EventRecordID>
<Correlation ActivityID="" RelatedActivityID="" />
<Execution ProcessID="500" ThreadID="2272" />
<Channel>Security</Channel>
<Computer>informant-PC</Computer>
<Security UserID="" />
</System>
<EventData><Data Name="TargetUserSid">S-1-5-21-2425377081-3129163575-2985601102-1003</Data>
<Data Name="TargetUserName">temporary</Data>
<Data Name="TargetDomainName">informant-PC</Data>
<Data Name="TargetLogonId">0x00000000000f2cd6</Data>
<Data Name="LogonType">2</Data>
</EventData>
</Event>

<Event><System><Provider Guid="{54849625-5478-4994-a5ba-3e3b0328c30d}" Name="Microsoft-Windows-Security-Auditing" />
<EventID Qualifiers="">4634</EventID>
<Version>0</Version>
<Level>0</Level>
<Task>12545</Task>
<Opcode>0</Opcode>
<Keywords>0x8020000000000000</Keywords>
<TimeCreated SystemTime="2015-03-22 15:58:26.374947" />
<EventRecordID>1037</EventRecordID>
<Correlation ActivityID="" RelatedActivityID="" />
<Execution ProcessID="500" ThreadID="2272" />
<Channel>Security</Channel>
<Computer>informant-PC</Computer>
<Security UserID="" />
</System>
<EventData><Data Name="TargetUserSid">S-1-5-21-2425377081-3129163575-2985601102-1001</Data>
<Data Name="TargetUserName">admin11</Data>
<Data Name="TargetDomainName">informant-PC</Data>
<Data Name="TargetLogonId">0x00000000001354c8</Data>
<Data Name="LogonType">2</Data>
</EventData>
</Event>

<Event><System><Provider Guid="{54849625-5478-4994-a5ba-3e3b0328c30d}" Name="Microsoft-Windows-Security-Auditing" />
<EventID Qualifiers="">4634</EventID>
<Version>0</Version>
<Level>0</Level>
<Task>12545</Task>
<Opcode>0</Opcode>
<Keywords>0x8020000000000000</Keywords>
<TimeCreated SystemTime="2015-03-22 15:58:26.374947" />
<EventRecordID>1038</EventRecordID>
<Correlation ActivityID="" RelatedActivityID="" />
<Execution ProcessID="500" ThreadID="988" />
<Channel>Security</Channel>
<Computer>informant-PC</Computer>
<Security UserID="" />
</System>
<EventData><Data Name="TargetUserSid">S-1-5-21-2425377081-3129163575-2985601102-1001</Data>
<Data Name="TargetUserName">admin11</Data>
<Data Name="TargetDomainName">informant-PC</Data>
<Data Name="TargetLogonId">0x00000000001354b3</Data>
<Data Name="LogonType">2</Data>
</EventData>
</Event>

<Event><System><Provider Guid="{fc65ddd8-d6ef-4962-83d5-6e5cfe9ce148}" Name="Microsoft-Windows-Eventlog" />
<EventID Qualifiers="">1100</EventID>
<Version>0</Version>
<Level>4</Level>
<Task>103</Task>
<Opcode>0</Opcode>
<Keywords>0x4020000000000000</Keywords>
<TimeCreated SystemTime="2015-03-22 16:00:09.652330" />
<EventRecordID>1039</EventRecordID>
<Correlation ActivityID="" RelatedActivityID="" />
<Execution ProcessID="744" ThreadID="2916" />
<Channel>Security</Channel>
<Computer>informant-PC</Computer>
<Security UserID="" />
</System>
<UserData><ServiceShutdown />
</UserData>
</Event>

<Event><System><Provider Guid="{54849625-5478-4994-a5ba-3e3b0328c30d}" Name="Microsoft-Windows-Security-Auditing" />
<EventID Qualifiers="">4647</EventID>
<Version>0</Version>
<Level>0</Level>
<Task>12545</Task>
<Opcode>0</Opcode>
<Keywords>0x8020000000000000</Keywords>
<TimeCreated SystemTime="2015-03-22 16:00:08.607128" />
<EventRecordID>1040</EventRecordID>
<Correlation ActivityID="" RelatedActivityID="" />
<Execution ProcessID="500" ThreadID="2272" />
<Channel>Security</Channel>
<Computer>informant-PC</Computer>
<Security UserID="" />
</System>
<EventData><Data Name="TargetUserSid">S-1-5-21-2425377081-3129163575-2985601102-1000</Data>
<Data Name="TargetUserName">informant</Data>
<Data Name="TargetDomainName">informant-PC</Data>
<Data Name="TargetLogonId">0x0000000000022517</Data>
</EventData>
</Event>

<Event><System><Provider Guid="{54849625-5478-4994-a5ba-3e3b0328c30d}" Name="Microsoft-Windows-Security-Auditing" />
<EventID Qualifiers="">4608</EventID>
<Version>0</Version>
<Level>0</Level>
<Task>12288</Task>
<Opcode>0</Opcode>
<Keywords>0x8020000000000000</Keywords>
<TimeCreated SystemTime="2015-03-23 17:24:23.645645" />
<EventRecordID>1041</EventRecordID>
<Correlation ActivityID="" RelatedActivityID="" />
<Execution ProcessID="492" ThreadID="496" />
<Channel>Security</Channel>
<Computer>informant-PC</Computer>
<Security UserID="" />
</System>
<EventData />
</Event>

<Event><System><Provider Guid="{54849625-5478-4994-a5ba-3e3b0328c30d}" Name="Microsoft-Windows-Security-Auditing" />
<EventID Qualifiers="">4624</EventID>
<Version>0</Version>
<Level>0</Level>
<Task>12544</Task>
<Opcode>0</Opcode>
<Keywords>0x8020000000000000</Keywords>
<TimeCreated SystemTime="2015-03-23 17:24:23.661245" />
<EventRecordID>1042</EventRecordID>
<Correlation ActivityID="" RelatedActivityID="" />
<Execution ProcessID="492" ThreadID="496" />
<Channel>Security</Channel>
<Computer>informant-PC</Computer>
<Security UserID="" />
</System>
<EventData><Data Name="SubjectUserSid">S-1-0-0</Data>
<Data Name="SubjectUserName">-</Data>
<Data Name="SubjectDomainName">-</Data>
<Data Name="SubjectLogonId">0x0000000000000000</Data>
<Data Name="TargetUserSid">S-1-5-18</Data>
<Data Name="TargetUserName">SYSTEM</Data>
<Data Name="TargetDomainName">NT AUTHORITY</Data>
<Data Name="TargetLogonId">0x00000000000003e7</Data>
<Data Name="LogonType">0</Data>
<Data Name="LogonProcessName">-</Data>
<Data Name="AuthenticationPackageName">-</Data>
<Data Name="WorkstationName">-</Data>
<Data Name="LogonGuid">{00000000-0000-0000-0000-000000000000}</Data>
<Data Name="TransmittedServices">-</Data>
<Data Name="LmPackageName">-</Data>
<Data Name="KeyLength">0</Data>
<Data Name="ProcessId">0x0000000000000004</Data>
<Data Name="ProcessName" />
<Data Name="IpAddress">-</Data>
<Data Name="IpPort">-</Data>
</EventData>
</Event>

<Event><System><Provider Guid="{54849625-5478-4994-a5ba-3e3b0328c30d}" Name="Microsoft-Windows-Security-Auditing" />
<EventID Qualifiers="">4902</EventID>
<Version>0</Version>
<Level>0</Level>
<Task>13568</Task>
<Opcode>0</Opcode>
<Keywords>0x8020000000000000</Keywords>
<TimeCreated SystemTime="2015-03-23 17:24:23.708046" />
<EventRecordID>1043</EventRecordID>
<Correlation ActivityID="" RelatedActivityID="" />
<Execution ProcessID="492" ThreadID="548" />
<Channel>Security</Channel>
<Computer>informant-PC</Computer>
<Security UserID="" />
</System>
<EventData><Data Name="PuaCount">0</Data>
<Data Name="PuaPolicyId">0x000000000000bac4</Data>
</EventData>
</Event>

<Event><System><Provider Guid="{54849625-5478-4994-a5ba-3e3b0328c30d}" Name="Microsoft-Windows-Security-Auditing" />
<EventID Qualifiers="">4624</EventID>
<Version>0</Version>
<Level>0</Level>
<Task>12544</Task>
<Opcode>0</Opcode>
<Keywords>0x8020000000000000</Keywords>
<TimeCreated SystemTime="2015-03-23 17:24:24.659647" />
<EventRecordID>1044</EventRecordID>
<Correlation ActivityID="" RelatedActivityID="" />
<Execution ProcessID="492" ThreadID="592" />
<Channel>Security</Channel>
<Computer>informant-PC</Computer>
<Security UserID="" />
</System>
<EventData><Data Name="SubjectUserSid">S-1-5-18</Data>
<Data Name="SubjectUserName">INFORMANT-PC$</Data>
<Data Name="SubjectDomainName">WORKGROUP</Data>
<Data Name="SubjectLogonId">0x00000000000003e7</Data>
<Data Name="TargetUserSid">S-1-5-18</Data>
<Data Name="TargetUserName">SYSTEM</Data>
<Data Name="TargetDomainName">NT AUTHORITY</Data>
<Data Name="TargetLogonId">0x00000000000003e7</Data>
<Data Name="LogonType">5</Data>
<Data Name="LogonProcessName">Advapi  </Data>
<Data Name="AuthenticationPackageName">Negotiate</Data>
<Data Name="WorkstationName" />
<Data Name="LogonGuid">{00000000-0000-0000-0000-000000000000}</Data>
<Data Name="TransmittedServices">-</Data>
<Data Name="LmPackageName">-</Data>
<Data Name="KeyLength">0</Data>
<Data Name="ProcessId">0x00000000000001e4</Data>
<Data Name="ProcessName">C:\Windows\System32\services.exe</Data>
<Data Name="IpAddress">-</Data>
<Data Name="IpPort">-</Data>
</EventData>
</Event>

<Event><System><Provider Guid="{54849625-5478-4994-a5ba-3e3b0328c30d}" Name="Microsoft-Windows-Security-Auditing" />
<EventID Qualifiers="">4672</EventID>
<Version>0</Version>
<Level>0</Level>
<Task>12548</Task>
<Opcode>0</Opcode>
<Keywords>0x8020000000000000</Keywords>
<TimeCreated SystemTime="2015-03-23 17:24:24.659647" />
<EventRecordID>1045</EventRecordID>
<Correlation ActivityID="" RelatedActivityID="" />
<Execution ProcessID="492" ThreadID="592" />
<Channel>Security</Channel>
<Computer>informant-PC</Computer>
<Security UserID="" />
</System>
<EventData><Data Name="SubjectUserSid">S-1-5-18</Data>
<Data Name="SubjectUserName">SYSTEM</Data>
<Data Name="SubjectDomainName">NT AUTHORITY</Data>
<Data Name="SubjectLogonId">0x00000000000003e7</Data>
<Data Name="PrivilegeList">SeAssignPrimaryTokenPrivilege
			SeTcbPrivilege
			SeSecurityPrivilege
			SeTakeOwnershipPrivilege
			SeLoadDriverPrivilege
			SeBackupPrivilege
			SeRestorePrivilege
			SeDebugPrivilege
			SeAuditPrivilege
			SeSystemEnvironmentPrivilege
			SeImpersonatePrivilege</Data>
</EventData>
</Event>

<Event><System><Provider Guid="{54849625-5478-4994-a5ba-3e3b0328c30d}" Name="Microsoft-Windows-Security-Auditing" />
<EventID Qualifiers="">4624</EventID>
<Version>0</Version>
<Level>0</Level>
<Task>12544</Task>
<Opcode>0</Opcode>
<Keywords>0x8020000000000000</Keywords>
<TimeCreated SystemTime="2015-03-23 17:24:24.800047" />
<EventRecordID>1046</EventRecordID>
<Correlation ActivityID="" RelatedActivityID="" />
<Execution ProcessID="492" ThreadID="592" />
<Channel>Security</Channel>
<Computer>informant-PC</Computer>
<Security UserID="" />
</System>
<EventData><Data Name="SubjectUserSid">S-1-5-18</Data>
<Data Name="SubjectUserName">INFORMANT-PC$</Data>
<Data Name="SubjectDomainName">WORKGROUP</Data>
<Data Name="SubjectLogonId">0x00000000000003e7</Data>
<Data Name="TargetUserSid">S-1-5-20</Data>
<Data Name="TargetUserName">NETWORK SERVICE</Data>
<Data Name="TargetDomainName">NT AUTHORITY</Data>
<Data Name="TargetLogonId">0x00000000000003e4</Data>
<Data Name="LogonType">5</Data>
<Data Name="LogonProcessName">Advapi  </Data>
<Data Name="AuthenticationPackageName">Negotiate</Data>
<Data Name="WorkstationName" />
<Data Name="LogonGuid">{00000000-0000-0000-0000-000000000000}</Data>
<Data Name="TransmittedServices">-</Data>
<Data Name="LmPackageName">-</Data>
<Data Name="KeyLength">0</Data>
<Data Name="ProcessId">0x00000000000001e4</Data>
<Data Name="ProcessName">C:\Windows\System32\services.exe</Data>
<Data Name="IpAddress">-</Data>
<Data Name="IpPort">-</Data>
</EventData>
</Event>

<Event><System><Provider Guid="{54849625-5478-4994-a5ba-3e3b0328c30d}" Name="Microsoft-Windows-Security-Auditing" />
<EventID Qualifiers="">4672</EventID>
<Version>0</Version>
<Level>0</Level>
<Task>12548</Task>
<Opcode>0</Opcode>
<Keywords>0x8020000000000000</Keywords>
<TimeCreated SystemTime="2015-03-23 17:24:24.800047" />
<EventRecordID>1047</EventRecordID>
<Correlation ActivityID="" RelatedActivityID="" />
<Execution ProcessID="492" ThreadID="592" />
<Channel>Security</Channel>
<Computer>informant-PC</Computer>
<Security UserID="" />
</System>
<EventData><Data Name="SubjectUserSid">S-1-5-20</Data>
<Data Name="SubjectUserName">NETWORK SERVICE</Data>
<Data Name="SubjectDomainName">NT AUTHORITY</Data>
<Data Name="SubjectLogonId">0x00000000000003e4</Data>
<Data Name="PrivilegeList">SeAssignPrimaryTokenPrivilege
			SeAuditPrivilege
			SeImpersonatePrivilege</Data>
</EventData>
</Event>

